This file contains any messages produced by compilers while
running configure, to aid debugging if configure makes a mistake.

It was created by cdi configure 1.7.0rc3, which was
generated by GNU Autoconf 2.68.  Invocation command line was

  $ ./configure --disable-option-checking --prefix=/usr/local --with-netcdf --cache-file=/dev/null --srcdir=. FC=no --no-create --no-recursion

## --------- ##
## Platform. ##
## --------- ##

hostname = ben-VirtualBox
uname -m = i686
uname -r = 3.13.0-46-generic
uname -s = Linux
uname -v = #77-Ubuntu SMP Mon Mar 2 18:26:13 UTC 2015

/usr/bin/uname -p = unknown
/bin/uname -X     = unknown

/bin/arch              = unknown
/usr/bin/arch -k       = unknown
/usr/convex/getsysinfo = unknown
/usr/bin/hostinfo      = unknown
/bin/machine           = unknown
/usr/bin/oslevel       = unknown
/bin/universe          = unknown

PATH: /home/ben/bin
PATH: /home/ben/bin
PATH: /usr/local/sbin
PATH: /usr/local/bin
PATH: /usr/sbin
PATH: /usr/bin
PATH: /sbin
PATH: /bin
PATH: /usr/games
PATH: /usr/local/games


## ----------- ##
## Core tests. ##
## ----------- ##

configure:2946: checking build system type
configure:2960: result: i686-pc-linux-gnu
configure:2980: checking host system type
configure:2993: result: i686-pc-linux-gnu
configure:3032: checking for a BSD-compatible install
configure:3100: result: /usr/bin/install -c
configure:3111: checking whether build environment is sane
configure:3166: result: yes
configure:3317: checking for a thread-safe mkdir -p
configure:3356: result: /bin/mkdir -p
configure:3363: checking for gawk
configure:3379: found /usr/bin/gawk
configure:3390: result: gawk
configure:3401: checking whether make sets $(MAKE)
configure:3423: result: yes
configure:3452: checking whether make supports nested variables
configure:3469: result: yes
configure:3597: checking whether to enable maintainer-specific portions of Makefiles
configure:3606: result: no
configure:3664: checking for gcc
configure:3680: found /usr/bin/gcc
configure:3691: result: gcc
configure:3725: checking for style of include used by make
configure:3753: result: GNU
configure:3824: checking for gcc
configure:3851: result: gcc
configure:4080: checking for C compiler version
configure:4089: gcc --version >&5
gcc (Ubuntu 4.8.2-19ubuntu1) 4.8.2
Copyright (C) 2013 Free Software Foundation, Inc.
This is free software; see the source for copying conditions.  There is NO
warranty; not even for MERCHANTABILITY or FITNESS FOR A PARTICULAR PURPOSE.

configure:4100: $? = 0
configure:4089: gcc -v >&5
Using built-in specs.
COLLECT_GCC=gcc
COLLECT_LTO_WRAPPER=/usr/lib/gcc/i686-linux-gnu/4.8/lto-wrapper
Target: i686-linux-gnu
Configured with: ../src/configure -v --with-pkgversion='Ubuntu 4.8.2-19ubuntu1' --with-bugurl=file:///usr/share/doc/gcc-4.8/README.Bugs --enable-languages=c,c++,java,go,d,fortran,objc,obj-c++ --prefix=/usr --program-suffix=-4.8 --enable-shared --enable-linker-build-id --libexecdir=/usr/lib --without-included-gettext --enable-threads=posix --with-gxx-include-dir=/usr/include/c++/4.8 --libdir=/usr/lib --enable-nls --with-sysroot=/ --enable-clocale=gnu --enable-libstdcxx-debug --enable-libstdcxx-time=yes --enable-gnu-unique-object --disable-libmudflap --enable-plugin --with-system-zlib --disable-browser-plugin --enable-java-awt=gtk --enable-gtk-cairo --with-java-home=/usr/lib/jvm/java-1.5.0-gcj-4.8-i386/jre --enable-java-home --with-jvm-root-dir=/usr/lib/jvm/java-1.5.0-gcj-4.8-i386 --with-jvm-jar-dir=/usr/lib/jvm-exports/java-1.5.0-gcj-4.8-i386 --with-arch-directory=i386 --with-ecj-jar=/usr/share/java/eclipse-ecj.jar --enable-objc-gc --enable-targets=all --enable-multiarch --disable-werror --with-arch-32=i686 --with-multilib-list=m32,m64,mx32 --with-tune=generic --enable-checking=release --build=i686-linux-gnu --host=i686-linux-gnu --target=i686-linux-gnu
Thread model: posix
gcc version 4.8.2 (Ubuntu 4.8.2-19ubuntu1) 
configure:4100: $? = 0
configure:4089: gcc -V >&5
gcc: error: unrecognized command line option '-V'
gcc: fatal error: no input files
compilation terminated.
configure:4100: $? = 4
configure:4089: gcc -qversion >&5
gcc: error: unrecognized command line option '-qversion'
gcc: fatal error: no input files
compilation terminated.
configure:4100: $? = 4
configure:4120: checking whether the C compiler works
configure:4142: gcc    conftest.c  >&5
configure:4146: $? = 0
configure:4194: result: yes
configure:4197: checking for C compiler default output file name
configure:4199: result: a.out
configure:4205: checking for suffix of executables
configure:4212: gcc -o conftest    conftest.c  >&5
configure:4216: $? = 0
configure:4238: result: 
configure:4260: checking whether we are cross compiling
configure:4268: gcc -o conftest    conftest.c  >&5
configure:4272: $? = 0
configure:4279: ./conftest
configure:4283: $? = 0
configure:4298: result: no
configure:4303: checking for suffix of object files
configure:4325: gcc -c   conftest.c >&5
configure:4329: $? = 0
configure:4350: result: o
configure:4354: checking whether we are using the GNU C compiler
configure:4373: gcc -c   conftest.c >&5
configure:4373: $? = 0
configure:4382: result: yes
configure:4391: checking whether gcc accepts -g
configure:4411: gcc -c -g  conftest.c >&5
configure:4411: $? = 0
configure:4452: result: yes
configure:4469: checking for gcc option to accept ISO C89
configure:4533: gcc  -c -g -O2  conftest.c >&5
configure:4533: $? = 0
configure:4546: result: none needed
configure:4571: checking whether gcc understands -c and -o together
configure:4593: gcc -c conftest.c -o conftest2.o
configure:4596: $? = 0
configure:4593: gcc -c conftest.c -o conftest2.o
configure:4596: $? = 0
configure:4608: result: yes
configure:4627: checking dependency style of gcc
configure:4738: result: gcc3
configure:4753: checking for gcc option to accept ISO C99
configure:4902: gcc  -c -g -O2  conftest.c >&5
conftest.c:61:29: error: expected ';', ',' or ')' before 'text'
 test_restrict (ccp restrict text)
                             ^
conftest.c: In function 'main':
conftest.c:115:18: error: expected '=', ',', ';', 'asm' or '__attribute__' before 'newvar'
   char *restrict newvar = "Another string";
                  ^
conftest.c:115:18: error: 'newvar' undeclared (first use in this function)
conftest.c:115:18: note: each undeclared identifier is reported only once for each function it appears in
conftest.c:125:3: error: 'for' loop initial declarations are only allowed in C99 mode
   for (int i = 0; i < ia->datasize; ++i)
   ^
conftest.c:125:3: note: use option -std=c99 or -std=gnu99 to compile your code
configure:4902: $? = 1
configure: failed program was:
| /* confdefs.h */
| #define PACKAGE_NAME "cdi"
| #define PACKAGE_TARNAME "cdi"
| #define PACKAGE_VERSION "1.7.0rc3"
| #define PACKAGE_STRING "cdi 1.7.0rc3"
| #define PACKAGE_BUGREPORT "http://mpimet.mpg.de/cdi"
| #define PACKAGE_URL ""
| #define PACKAGE "cdi"
| #define VERSION "1.7.0rc3"
| /* end confdefs.h.  */
| #include <stdarg.h>
| #include <stdbool.h>
| #include <stdlib.h>
| #include <wchar.h>
| #include <stdio.h>
| 
| // Check varargs macros.  These examples are taken from C99 6.10.3.5.
| #define debug(...) fprintf (stderr, __VA_ARGS__)
| #define showlist(...) puts (#__VA_ARGS__)
| #define report(test,...) ((test) ? puts (#test) : printf (__VA_ARGS__))
| static void
| test_varargs_macros (void)
| {
|   int x = 1234;
|   int y = 5678;
|   debug ("Flag");
|   debug ("X = %d\n", x);
|   showlist (The first, second, and third items.);
|   report (x>y, "x is %d but y is %d", x, y);
| }
| 
| // Check long long types.
| #define BIG64 18446744073709551615ull
| #define BIG32 4294967295ul
| #define BIG_OK (BIG64 / BIG32 == 4294967297ull && BIG64 % BIG32 == 0)
| #if !BIG_OK
|   your preprocessor is broken;
| #endif
| #if BIG_OK
| #else
|   your preprocessor is broken;
| #endif
| static long long int bignum = -9223372036854775807LL;
| static unsigned long long int ubignum = BIG64;
| 
| struct incomplete_array
| {
|   int datasize;
|   double data[];
| };
| 
| struct named_init {
|   int number;
|   const wchar_t *name;
|   double average;
| };
| 
| typedef const char *ccp;
| 
| static inline int
| test_restrict (ccp restrict text)
| {
|   // See if C++-style comments work.
|   // Iterate through items via the restricted pointer.
|   // Also check for declarations in for loops.
|   for (unsigned int i = 0; *(text+i) != '\0'; ++i)
|     continue;
|   return 0;
| }
| 
| // Check varargs and va_copy.
| static void
| test_varargs (const char *format, ...)
| {
|   va_list args;
|   va_start (args, format);
|   va_list args_copy;
|   va_copy (args_copy, args);
| 
|   const char *str;
|   int number;
|   float fnumber;
| 
|   while (*format)
|     {
|       switch (*format++)
| 	{
| 	case 's': // string
| 	  str = va_arg (args_copy, const char *);
| 	  break;
| 	case 'd': // int
| 	  number = va_arg (args_copy, int);
| 	  break;
| 	case 'f': // float
| 	  fnumber = va_arg (args_copy, double);
| 	  break;
| 	default:
| 	  break;
| 	}
|     }
|   va_end (args_copy);
|   va_end (args);
| }
| 
| int
| main ()
| {
| 
|   // Check bool.
|   _Bool success = false;
| 
|   // Check restrict.
|   if (test_restrict ("String literal") == 0)
|     success = true;
|   char *restrict newvar = "Another string";
| 
|   // Check varargs.
|   test_varargs ("s, d' f .", "string", 65, 34.234);
|   test_varargs_macros ();
| 
|   // Check flexible array members.
|   struct incomplete_array *ia =
|     malloc (sizeof (struct incomplete_array) + (sizeof (double) * 10));
|   ia->datasize = 10;
|   for (int i = 0; i < ia->datasize; ++i)
|     ia->data[i] = i * 1.234;
| 
|   // Check named initializers.
|   struct named_init ni = {
|     .number = 34,
|     .name = L"Test wide string",
|     .average = 543.34343,
|   };
| 
|   ni.number = 58;
| 
|   int dynamic_array[ni.number];
|   dynamic_array[ni.number - 1] = 543;
| 
|   // work around unused variable warnings
|   return (!success || bignum == 0LL || ubignum == 0uLL || newvar[0] == 'x'
| 	  || dynamic_array[ni.number - 1] != 543);
| 
|   ;
|   return 0;
| }
configure:4902: gcc -std=gnu99 -c -g -O2  conftest.c >&5
configure:4902: $? = 0
configure:4922: result: -std=gnu99
configure:4932: checking for C/C++ restrict keyword
configure:4957: gcc -std=gnu99 -c -g -O2  conftest.c >&5
configure:4957: $? = 0
configure:4965: result: __restrict
configure:5084: checking for Fortran compiler version
configure:5093: no --version >&5
./configure: line 5095: no: command not found
configure:5104: $? = 127
configure:5093: no -v >&5
./configure: line 5095: no: command not found
configure:5104: $? = 127
configure:5093: no -V >&5
./configure: line 5095: no: command not found
configure:5104: $? = 127
configure:5093: no -qversion >&5
./configure: line 5095: no: command not found
configure:5104: $? = 127
configure:5113: checking whether we are using the GNU Fortran compiler
configure:5126: no -c   conftest.F >&5
./configure: line 1819: no: command not found
configure:5126: $? = 127
configure: failed program was:
|       program conftest
| #ifndef __GNUC__
|        choke me
| #endif
| 
|       end
configure:5135: result: no
configure:5141: checking whether no accepts -g
configure:5152: no -c -g  conftest.f >&5
./configure: line 1819: no: command not found
configure:5152: $? = 127
configure: failed program was:
|       program conftest
| 
|       end
configure:5160: result: no
configure:6011: checking for g77
configure:6041: result: no
configure:6011: checking for xlf
configure:6041: result: no
configure:6011: checking for f77
configure:6041: result: no
configure:6011: checking for frt
configure:6041: result: no
configure:6011: checking for pgf77
configure:6041: result: no
configure:6011: checking for cf77
configure:6041: result: no
configure:6011: checking for fort77
configure:6041: result: no
configure:6011: checking for fl32
configure:6041: result: no
configure:6011: checking for af77
configure:6041: result: no
configure:6011: checking for xlf90
configure:6041: result: no
configure:6011: checking for f90
configure:6041: result: no
configure:6011: checking for pgf90
configure:6041: result: no
configure:6011: checking for pghpf
configure:6041: result: no
configure:6011: checking for epcf90
configure:6041: result: no
configure:6011: checking for gfortran
configure:6027: found /usr/bin/gfortran
configure:6038: result: gfortran
configure:6064: checking for Fortran 77 compiler version
configure:6073: gfortran --version >&5
GNU Fortran (Ubuntu 4.8.2-19ubuntu1) 4.8.2
Copyright (C) 2013 Free Software Foundation, Inc.

GNU Fortran comes with NO WARRANTY, to the extent permitted by law.
You may redistribute copies of GNU Fortran
under the terms of the GNU General Public License.
For more information about these matters, see the file named COPYING

configure:6084: $? = 0
configure:6073: gfortran -v >&5
Using built-in specs.
COLLECT_GCC=gfortran
COLLECT_LTO_WRAPPER=/usr/lib/gcc/i686-linux-gnu/4.8/lto-wrapper
Target: i686-linux-gnu
Configured with: ../src/configure -v --with-pkgversion='Ubuntu 4.8.2-19ubuntu1' --with-bugurl=file:///usr/share/doc/gcc-4.8/README.Bugs --enable-languages=c,c++,java,go,d,fortran,objc,obj-c++ --prefix=/usr --program-suffix=-4.8 --enable-shared --enable-linker-build-id --libexecdir=/usr/lib --without-included-gettext --enable-threads=posix --with-gxx-include-dir=/usr/include/c++/4.8 --libdir=/usr/lib --enable-nls --with-sysroot=/ --enable-clocale=gnu --enable-libstdcxx-debug --enable-libstdcxx-time=yes --enable-gnu-unique-object --disable-libmudflap --enable-plugin --with-system-zlib --disable-browser-plugin --enable-java-awt=gtk --enable-gtk-cairo --with-java-home=/usr/lib/jvm/java-1.5.0-gcj-4.8-i386/jre --enable-java-home --with-jvm-root-dir=/usr/lib/jvm/java-1.5.0-gcj-4.8-i386 --with-jvm-jar-dir=/usr/lib/jvm-exports/java-1.5.0-gcj-4.8-i386 --with-arch-directory=i386 --with-ecj-jar=/usr/share/java/eclipse-ecj.jar --enable-objc-gc --enable-targets=all --enable-multiarch --disable-werror --with-arch-32=i686 --with-multilib-list=m32,m64,mx32 --with-tune=generic --enable-checking=release --build=i686-linux-gnu --host=i686-linux-gnu --target=i686-linux-gnu
Thread model: posix
gcc version 4.8.2 (Ubuntu 4.8.2-19ubuntu1) 
configure:6084: $? = 0
configure:6073: gfortran -V >&5
gfortran: error: unrecognized command line option '-V'
gfortran: fatal error: no input files
compilation terminated.
configure:6084: $? = 4
configure:6073: gfortran -qversion >&5
gfortran: error: unrecognized command line option '-qversion'
gfortran: fatal error: no input files
compilation terminated.
configure:6084: $? = 4
configure:6093: checking whether we are using the GNU Fortran 77 compiler
configure:6106: gfortran -c  conftest.F >&5
configure:6106: $? = 0
configure:6115: result: yes
configure:6121: checking whether gfortran accepts -g
configure:6132: gfortran -c -g conftest.f >&5
configure:6132: $? = 0
configure:6140: result: yes
configure:6227: checking for g++
configure:6243: found /usr/bin/g++
configure:6254: result: g++
configure:6281: checking for C++ compiler version
configure:6290: g++ --version >&5
g++ (Ubuntu 4.8.2-19ubuntu1) 4.8.2
Copyright (C) 2013 Free Software Foundation, Inc.
This is free software; see the source for copying conditions.  There is NO
warranty; not even for MERCHANTABILITY or FITNESS FOR A PARTICULAR PURPOSE.

configure:6301: $? = 0
configure:6290: g++ -v >&5
Using built-in specs.
COLLECT_GCC=g++
COLLECT_LTO_WRAPPER=/usr/lib/gcc/i686-linux-gnu/4.8/lto-wrapper
Target: i686-linux-gnu
Configured with: ../src/configure -v --with-pkgversion='Ubuntu 4.8.2-19ubuntu1' --with-bugurl=file:///usr/share/doc/gcc-4.8/README.Bugs --enable-languages=c,c++,java,go,d,fortran,objc,obj-c++ --prefix=/usr --program-suffix=-4.8 --enable-shared --enable-linker-build-id --libexecdir=/usr/lib --without-included-gettext --enable-threads=posix --with-gxx-include-dir=/usr/include/c++/4.8 --libdir=/usr/lib --enable-nls --with-sysroot=/ --enable-clocale=gnu --enable-libstdcxx-debug --enable-libstdcxx-time=yes --enable-gnu-unique-object --disable-libmudflap --enable-plugin --with-system-zlib --disable-browser-plugin --enable-java-awt=gtk --enable-gtk-cairo --with-java-home=/usr/lib/jvm/java-1.5.0-gcj-4.8-i386/jre --enable-java-home --with-jvm-root-dir=/usr/lib/jvm/java-1.5.0-gcj-4.8-i386 --with-jvm-jar-dir=/usr/lib/jvm-exports/java-1.5.0-gcj-4.8-i386 --with-arch-directory=i386 --with-ecj-jar=/usr/share/java/eclipse-ecj.jar --enable-objc-gc --enable-targets=all --enable-multiarch --disable-werror --with-arch-32=i686 --with-multilib-list=m32,m64,mx32 --with-tune=generic --enable-checking=release --build=i686-linux-gnu --host=i686-linux-gnu --target=i686-linux-gnu
Thread model: posix
gcc version 4.8.2 (Ubuntu 4.8.2-19ubuntu1) 
configure:6301: $? = 0
configure:6290: g++ -V >&5
g++: error: unrecognized command line option '-V'
g++: fatal error: no input files
compilation terminated.
configure:6301: $? = 4
configure:6290: g++ -qversion >&5
g++: error: unrecognized command line option '-qversion'
g++: fatal error: no input files
compilation terminated.
configure:6301: $? = 4
configure:6305: checking whether we are using the GNU C++ compiler
configure:6324: g++ -c   conftest.cpp >&5
configure:6324: $? = 0
configure:6333: result: yes
configure:6342: checking whether g++ accepts -g
configure:6362: g++ -c -g  conftest.cpp >&5
configure:6362: $? = 0
configure:6403: result: yes
configure:6428: checking dependency style of g++
configure:6539: result: gcc3
configure:6557: setting up libtool
configure:6560: checking any compiler has problems building shared objects
configure:6573: testing if no cannot build working shared objects
configure:6586: result: no
configure:6600: testing if gfortran cannot build working shared objects
configure:6613: result: no
configure:6628: testing if gcc -std=gnu99 cannot build working shared objects
configure:6641: result: no
configure:6649: result: no
configure:6701: checking how to print strings
configure:6728: result: printf
configure:6749: checking for a sed that does not truncate output
configure:6813: result: /bin/sed
configure:6831: checking for grep that handles long lines and -e
configure:6889: result: /bin/grep
configure:6894: checking for egrep
configure:6956: result: /bin/grep -E
configure:6961: checking for fgrep
configure:7023: result: /bin/grep -F
configure:7058: checking for ld used by gcc -std=gnu99
configure:7125: result: /usr/bin/ld
configure:7132: checking if the linker (/usr/bin/ld) is GNU ld
configure:7147: result: yes
configure:7159: checking for BSD- or MS-compatible name lister (nm)
configure:7208: result: /usr/bin/nm -B
configure:7338: checking the name lister (/usr/bin/nm -B) interface
configure:7345: gcc -std=gnu99 -c -g -O2  conftest.c >&5
configure:7348: /usr/bin/nm -B "conftest.o"
configure:7351: output
00000000 B some_variable
configure:7358: result: BSD nm
configure:7361: checking whether ln -s works
configure:7365: result: yes
configure:7373: checking the maximum length of command line arguments
configure:7503: result: 805306365
configure:7520: checking whether the shell understands some XSI constructs
configure:7530: result: yes
configure:7534: checking whether the shell understands "+="
configure:7540: result: yes
configure:7575: checking how to convert i686-pc-linux-gnu file names to i686-pc-linux-gnu format
configure:7615: result: func_convert_file_noop
configure:7622: checking how to convert i686-pc-linux-gnu file names to toolchain format
configure:7642: result: func_convert_file_noop
configure:7649: checking for /usr/bin/ld option to reload object files
configure:7656: result: -r
configure:7730: checking for objdump
configure:7746: found /usr/bin/objdump
configure:7757: result: objdump
configure:7789: checking how to recognize dependent libraries
configure:7991: result: pass_all
configure:8076: checking for dlltool
configure:8106: result: no
configure:8136: checking how to associate runtime and link libraries
configure:8163: result: printf %s\n
configure:8223: checking for ar
configure:8239: found /usr/bin/ar
configure:8250: result: ar
configure:8287: checking for archiver @FILE support
configure:8304: gcc -std=gnu99 -c -g -O2  conftest.c >&5
configure:8304: $? = 0
configure:8307: ar cru libconftest.a @conftest.lst >&5
configure:8310: $? = 0
configure:8315: ar cru libconftest.a @conftest.lst >&5
ar: conftest.o: No such file or directory
configure:8318: $? = 1
configure:8330: result: @
configure:8388: checking for strip
configure:8404: found /usr/bin/strip
configure:8415: result: strip
configure:8487: checking for ranlib
configure:8503: found /usr/bin/ranlib
configure:8514: result: ranlib
configure:8616: checking command to parse /usr/bin/nm -B output from gcc -std=gnu99 object
configure:8736: gcc -std=gnu99 -c -g -O2  conftest.c >&5
configure:8739: $? = 0
configure:8743: /usr/bin/nm -B conftest.o \| sed -n -e 's/^.*[ ]\([ABCDGIRSTW][ABCDGIRSTW]*\)[ ][ ]*\([_A-Za-z][_A-Za-z0-9]*\)$/\1 \2 \2/p' | sed '/ __gnu_lto/d' \> conftest.nm
configure:8746: $? = 0
configure:8812: gcc -std=gnu99 -o conftest -g -O2   conftest.c conftstm.o >&5
configure:8815: $? = 0
configure:8853: result: ok
configure:8890: checking for sysroot
configure:8920: result: no
configure:9176: checking for mt
configure:9192: found /bin/mt
configure:9203: result: mt
configure:9226: checking if mt is a manifest tool
configure:9232: mt '-?'
configure:9240: result: no
configure:9882: checking how to run the C preprocessor
configure:9913: gcc -std=gnu99 -E  conftest.c
configure:9913: $? = 0
configure:9927: gcc -std=gnu99 -E  conftest.c
conftest.c:12:28: fatal error: ac_nonexistent.h: No such file or directory
 #include <ac_nonexistent.h>
                            ^
compilation terminated.
configure:9927: $? = 1
configure: failed program was:
| /* confdefs.h */
| #define PACKAGE_NAME "cdi"
| #define PACKAGE_TARNAME "cdi"
| #define PACKAGE_VERSION "1.7.0rc3"
| #define PACKAGE_STRING "cdi 1.7.0rc3"
| #define PACKAGE_BUGREPORT "http://mpimet.mpg.de/cdi"
| #define PACKAGE_URL ""
| #define PACKAGE "cdi"
| #define VERSION "1.7.0rc3"
| #define restrict __restrict
| /* end confdefs.h.  */
| #include <ac_nonexistent.h>
configure:9952: result: gcc -std=gnu99 -E
configure:9972: gcc -std=gnu99 -E  conftest.c
configure:9972: $? = 0
configure:9986: gcc -std=gnu99 -E  conftest.c
conftest.c:12:28: fatal error: ac_nonexistent.h: No such file or directory
 #include <ac_nonexistent.h>
                            ^
compilation terminated.
configure:9986: $? = 1
configure: failed program was:
| /* confdefs.h */
| #define PACKAGE_NAME "cdi"
| #define PACKAGE_TARNAME "cdi"
| #define PACKAGE_VERSION "1.7.0rc3"
| #define PACKAGE_STRING "cdi 1.7.0rc3"
| #define PACKAGE_BUGREPORT "http://mpimet.mpg.de/cdi"
| #define PACKAGE_URL ""
| #define PACKAGE "cdi"
| #define VERSION "1.7.0rc3"
| #define restrict __restrict
| /* end confdefs.h.  */
| #include <ac_nonexistent.h>
configure:10015: checking for ANSI C header files
configure:10035: gcc -std=gnu99 -c -g -O2  conftest.c >&5
configure:10035: $? = 0
configure:10108: gcc -std=gnu99 -o conftest -g -O2   conftest.c  >&5
configure:10108: $? = 0
configure:10108: ./conftest
configure:10108: $? = 0
configure:10119: result: yes
configure:10132: checking for sys/types.h
configure:10132: gcc -std=gnu99 -c -g -O2  conftest.c >&5
configure:10132: $? = 0
configure:10132: result: yes
configure:10132: checking for sys/stat.h
configure:10132: gcc -std=gnu99 -c -g -O2  conftest.c >&5
configure:10132: $? = 0
configure:10132: result: yes
configure:10132: checking for stdlib.h
configure:10132: gcc -std=gnu99 -c -g -O2  conftest.c >&5
configure:10132: $? = 0
configure:10132: result: yes
configure:10132: checking for string.h
configure:10132: gcc -std=gnu99 -c -g -O2  conftest.c >&5
configure:10132: $? = 0
configure:10132: result: yes
configure:10132: checking for memory.h
configure:10132: gcc -std=gnu99 -c -g -O2  conftest.c >&5
configure:10132: $? = 0
configure:10132: result: yes
configure:10132: checking for strings.h
configure:10132: gcc -std=gnu99 -c -g -O2  conftest.c >&5
configure:10132: $? = 0
configure:10132: result: yes
configure:10132: checking for inttypes.h
configure:10132: gcc -std=gnu99 -c -g -O2  conftest.c >&5
configure:10132: $? = 0
configure:10132: result: yes
configure:10132: checking for stdint.h
configure:10132: gcc -std=gnu99 -c -g -O2  conftest.c >&5
configure:10132: $? = 0
configure:10132: result: yes
configure:10132: checking for unistd.h
configure:10132: gcc -std=gnu99 -c -g -O2  conftest.c >&5
configure:10132: $? = 0
configure:10132: result: yes
configure:10146: checking for dlfcn.h
configure:10146: gcc -std=gnu99 -c -g -O2  conftest.c >&5
configure:10146: $? = 0
configure:10146: result: yes
configure:10363: checking for objdir
configure:10378: result: .libs
configure:10649: checking if gcc -std=gnu99 supports -fno-rtti -fno-exceptions
configure:10667: gcc -std=gnu99 -c -g -O2  -fno-rtti -fno-exceptions conftest.c >&5
cc1: warning: command line option '-fno-rtti' is valid for C++/ObjC++ but not for C [enabled by default]
configure:10671: $? = 0
configure:10684: result: no
configure:11011: checking for gcc -std=gnu99 option to produce PIC
configure:11018: result: -fPIC -DPIC
configure:11026: checking if gcc -std=gnu99 PIC flag -fPIC -DPIC works
configure:11044: gcc -std=gnu99 -c -g -O2  -fPIC -DPIC -DPIC conftest.c >&5
configure:11048: $? = 0
configure:11061: result: yes
configure:11090: checking if gcc -std=gnu99 static flag -static works
configure:11118: result: yes
configure:11133: checking if gcc -std=gnu99 supports -c -o file.o
configure:11154: gcc -std=gnu99 -c -g -O2  -o out/conftest2.o conftest.c >&5
configure:11158: $? = 0
configure:11180: result: yes
configure:11188: checking if gcc -std=gnu99 supports -c -o file.o
configure:11235: result: yes
configure:11268: checking whether the gcc -std=gnu99 linker (/usr/bin/ld) supports shared libraries
configure:12423: result: yes
configure:12460: checking whether -lc should be explicitly linked in
configure:12468: gcc -std=gnu99 -c -g -O2  conftest.c >&5
configure:12471: $? = 0
configure:12486: gcc -std=gnu99 -shared  -fPIC -DPIC conftest.o  -v -Wl,-soname -Wl,conftest -o conftest 2\>\&1 \| /bin/grep  -lc  \>/dev/null 2\>\&1
configure:12489: $? = 0
configure:12503: result: no
configure:12663: checking dynamic linker characteristics
configure:13174: gcc -std=gnu99 -o conftest -g -O2   -Wl,-rpath -Wl,/foo conftest.c  >&5
configure:13174: $? = 0
configure:13396: result: GNU/Linux ld.so
configure:13503: checking how to hardcode library paths into programs
configure:13528: result: immediate
configure:14068: checking whether stripping libraries is possible
configure:14073: result: yes
configure:14108: checking if libtool supports shared libraries
configure:14110: result: yes
configure:14113: checking whether to build shared libraries
configure:14134: result: yes
configure:14137: checking whether to build static libraries
configure:14141: result: yes
configure:14164: checking how to run the C++ preprocessor
configure:14191: g++ -E  conftest.cpp
configure:14191: $? = 0
configure:14205: g++ -E  conftest.cpp
conftest.cpp:24:28: fatal error: ac_nonexistent.h: No such file or directory
 #include <ac_nonexistent.h>
                            ^
compilation terminated.
configure:14205: $? = 1
configure: failed program was:
| /* confdefs.h */
| #define PACKAGE_NAME "cdi"
| #define PACKAGE_TARNAME "cdi"
| #define PACKAGE_VERSION "1.7.0rc3"
| #define PACKAGE_STRING "cdi 1.7.0rc3"
| #define PACKAGE_BUGREPORT "http://mpimet.mpg.de/cdi"
| #define PACKAGE_URL ""
| #define PACKAGE "cdi"
| #define VERSION "1.7.0rc3"
| #define restrict __restrict
| #define STDC_HEADERS 1
| #define HAVE_SYS_TYPES_H 1
| #define HAVE_SYS_STAT_H 1
| #define HAVE_STDLIB_H 1
| #define HAVE_STRING_H 1
| #define HAVE_MEMORY_H 1
| #define HAVE_STRINGS_H 1
| #define HAVE_INTTYPES_H 1
| #define HAVE_STDINT_H 1
| #define HAVE_UNISTD_H 1
| #define HAVE_DLFCN_H 1
| #define LT_OBJDIR ".libs/"
| /* end confdefs.h.  */
| #include <ac_nonexistent.h>
configure:14230: result: g++ -E
configure:14250: g++ -E  conftest.cpp
configure:14250: $? = 0
configure:14264: g++ -E  conftest.cpp
conftest.cpp:24:28: fatal error: ac_nonexistent.h: No such file or directory
 #include <ac_nonexistent.h>
                            ^
compilation terminated.
configure:14264: $? = 1
configure: failed program was:
| /* confdefs.h */
| #define PACKAGE_NAME "cdi"
| #define PACKAGE_TARNAME "cdi"
| #define PACKAGE_VERSION "1.7.0rc3"
| #define PACKAGE_STRING "cdi 1.7.0rc3"
| #define PACKAGE_BUGREPORT "http://mpimet.mpg.de/cdi"
| #define PACKAGE_URL ""
| #define PACKAGE "cdi"
| #define VERSION "1.7.0rc3"
| #define restrict __restrict
| #define STDC_HEADERS 1
| #define HAVE_SYS_TYPES_H 1
| #define HAVE_SYS_STAT_H 1
| #define HAVE_STDLIB_H 1
| #define HAVE_STRING_H 1
| #define HAVE_MEMORY_H 1
| #define HAVE_STRINGS_H 1
| #define HAVE_INTTYPES_H 1
| #define HAVE_STDINT_H 1
| #define HAVE_UNISTD_H 1
| #define HAVE_DLFCN_H 1
| #define LT_OBJDIR ".libs/"
| /* end confdefs.h.  */
| #include <ac_nonexistent.h>
configure:14433: checking for ld used by g++
configure:14500: result: /usr/bin/ld
configure:14507: checking if the linker (/usr/bin/ld) is GNU ld
configure:14522: result: yes
configure:14577: checking whether the g++ linker (/usr/bin/ld) supports shared libraries
configure:15582: result: yes
configure:15618: g++ -c -g -O2  conftest.cpp >&5
configure:15621: $? = 0
configure:16141: checking for g++ option to produce PIC
configure:16148: result: -fPIC -DPIC
configure:16156: checking if g++ PIC flag -fPIC -DPIC works
configure:16174: g++ -c -g -O2  -fPIC -DPIC -DPIC conftest.cpp >&5
configure:16178: $? = 0
configure:16191: result: yes
configure:16214: checking if g++ static flag -static works
configure:16242: result: yes
configure:16254: checking if g++ supports -c -o file.o
configure:16275: g++ -c -g -O2  -o out/conftest2.o conftest.cpp >&5
configure:16279: $? = 0
configure:16301: result: yes
configure:16306: checking if g++ supports -c -o file.o
configure:16353: result: yes
configure:16383: checking whether the g++ linker (/usr/bin/ld) supports shared libraries
configure:16419: result: yes
configure:16560: checking dynamic linker characteristics
configure:17227: result: GNU/Linux ld.so
configure:17280: checking how to hardcode library paths into programs
configure:17305: result: immediate
configure:17453: checking if libtool supports shared libraries
configure:17455: result: yes
configure:17458: checking whether to build shared libraries
configure:17478: result: yes
configure:17481: checking whether to build static libraries
configure:17485: result: yes
configure:17806: checking for gfortran option to produce PIC
configure:17813: result: -fPIC
configure:17821: checking if gfortran PIC flag -fPIC works
configure:17839: gfortran -c -g -O2 -fPIC conftest.f >&5
configure:17843: $? = 0
configure:17856: result: yes
configure:17879: checking if gfortran static flag -static works
configure:17907: result: yes
configure:17919: checking if gfortran supports -c -o file.o
configure:17940: gfortran -c -g -O2 -o out/conftest2.o conftest.f >&5
configure:17944: $? = 0
configure:17966: result: yes
configure:17971: checking if gfortran supports -c -o file.o
configure:18018: result: yes
configure:18048: checking whether the gfortran linker (/usr/bin/ld) supports shared libraries
configure:19153: result: yes
configure:19294: checking dynamic linker characteristics
configure:19955: result: GNU/Linux ld.so
configure:20008: checking how to hardcode library paths into programs
configure:20033: result: immediate
configure:22954: creating ./config.lt

## ------------------ ##
## Running config.lt. ##
## ------------------ ##
config.lt:796: creating libtool
configure:25086: checking whether byte ordering is bigendian
configure:25101: gcc -std=gnu99 -c -g -O2  conftest.c >&5
conftest.c:25:9: error: unknown type name 'not'
         not a universal capable compiler
         ^
conftest.c:25:15: error: expected '=', ',', ';', 'asm' or '__attribute__' before 'universal'
         not a universal capable compiler
               ^
conftest.c:25:15: error: unknown type name 'universal'
configure:25101: $? = 1
configure: failed program was:
| /* confdefs.h */
| #define PACKAGE_NAME "cdi"
| #define PACKAGE_TARNAME "cdi"
| #define PACKAGE_VERSION "1.7.0rc3"
| #define PACKAGE_STRING "cdi 1.7.0rc3"
| #define PACKAGE_BUGREPORT "http://mpimet.mpg.de/cdi"
| #define PACKAGE_URL ""
| #define PACKAGE "cdi"
| #define VERSION "1.7.0rc3"
| #define restrict __restrict
| #define STDC_HEADERS 1
| #define HAVE_SYS_TYPES_H 1
| #define HAVE_SYS_STAT_H 1
| #define HAVE_STDLIB_H 1
| #define HAVE_STRING_H 1
| #define HAVE_MEMORY_H 1
| #define HAVE_STRINGS_H 1
| #define HAVE_INTTYPES_H 1
| #define HAVE_STDINT_H 1
| #define HAVE_UNISTD_H 1
| #define HAVE_DLFCN_H 1
| #define LT_OBJDIR ".libs/"
| /* end confdefs.h.  */
| #ifndef __APPLE_CC__
| 	       not a universal capable compiler
| 	     #endif
| 	     typedef int dummy;
| 
configure:25146: gcc -std=gnu99 -c -g -O2  conftest.c >&5
configure:25146: $? = 0
configure:25164: gcc -std=gnu99 -c -g -O2  conftest.c >&5
conftest.c: In function 'main':
conftest.c:31:4: error: unknown type name 'not'
    not big endian
    ^
conftest.c:31:12: error: expected '=', ',', ';', 'asm' or '__attribute__' before 'endian'
    not big endian
            ^
configure:25164: $? = 1
configure: failed program was:
| /* confdefs.h */
| #define PACKAGE_NAME "cdi"
| #define PACKAGE_TARNAME "cdi"
| #define PACKAGE_VERSION "1.7.0rc3"
| #define PACKAGE_STRING "cdi 1.7.0rc3"
| #define PACKAGE_BUGREPORT "http://mpimet.mpg.de/cdi"
| #define PACKAGE_URL ""
| #define PACKAGE "cdi"
| #define VERSION "1.7.0rc3"
| #define restrict __restrict
| #define STDC_HEADERS 1
| #define HAVE_SYS_TYPES_H 1
| #define HAVE_SYS_STAT_H 1
| #define HAVE_STDLIB_H 1
| #define HAVE_STRING_H 1
| #define HAVE_MEMORY_H 1
| #define HAVE_STRINGS_H 1
| #define HAVE_INTTYPES_H 1
| #define HAVE_STDINT_H 1
| #define HAVE_UNISTD_H 1
| #define HAVE_DLFCN_H 1
| #define LT_OBJDIR ".libs/"
| /* end confdefs.h.  */
| #include <sys/types.h>
| 		#include <sys/param.h>
| 
| int
| main ()
| {
| #if BYTE_ORDER != BIG_ENDIAN
| 		 not big endian
| 		#endif
| 
|   ;
|   return 0;
| }
configure:25292: result: no
configure:25319: checking for special C compiler options needed for large files
configure:25364: result: no
configure:25370: checking for _FILE_OFFSET_BITS value needed for large files
configure:25395: gcc -std=gnu99 -c -g -O2  conftest.c >&5
conftest.c:30:3: warning: left shift count >= width of type [enabled by default]
   int off_t_is_large[(LARGE_OFF_T % 2147483629 == 721
   ^
conftest.c:30:3: warning: left shift count >= width of type [enabled by default]
conftest.c:31:10: warning: left shift count >= width of type [enabled by default]
          && LARGE_OFF_T % 2147483647 == 1)
          ^
conftest.c:31:10: warning: left shift count >= width of type [enabled by default]
conftest.c:30:7: error: variably modified 'off_t_is_large' at file scope
   int off_t_is_large[(LARGE_OFF_T % 2147483629 == 721
       ^
configure:25395: $? = 1
configure: failed program was:
| /* confdefs.h */
| #define PACKAGE_NAME "cdi"
| #define PACKAGE_TARNAME "cdi"
| #define PACKAGE_VERSION "1.7.0rc3"
| #define PACKAGE_STRING "cdi 1.7.0rc3"
| #define PACKAGE_BUGREPORT "http://mpimet.mpg.de/cdi"
| #define PACKAGE_URL ""
| #define PACKAGE "cdi"
| #define VERSION "1.7.0rc3"
| #define restrict __restrict
| #define STDC_HEADERS 1
| #define HAVE_SYS_TYPES_H 1
| #define HAVE_SYS_STAT_H 1
| #define HAVE_STDLIB_H 1
| #define HAVE_STRING_H 1
| #define HAVE_MEMORY_H 1
| #define HAVE_STRINGS_H 1
| #define HAVE_INTTYPES_H 1
| #define HAVE_STDINT_H 1
| #define HAVE_UNISTD_H 1
| #define HAVE_DLFCN_H 1
| #define LT_OBJDIR ".libs/"
| /* end confdefs.h.  */
| #include <sys/types.h>
|  /* Check that off_t can represent 2**63 - 1 correctly.
|     We can't simply define LARGE_OFF_T to be 9223372036854775807,
|     since some C++ compilers masquerading as C compilers
|     incorrectly reject 9223372036854775807.  */
| #define LARGE_OFF_T (((off_t) 1 << 62) - 1 + ((off_t) 1 << 62))
|   int off_t_is_large[(LARGE_OFF_T % 2147483629 == 721
| 		       && LARGE_OFF_T % 2147483647 == 1)
| 		      ? 1 : -1];
| int
| main ()
| {
| 
|   ;
|   return 0;
| }
configure:25419: gcc -std=gnu99 -c -g -O2  conftest.c >&5
configure:25419: $? = 0
configure:25427: result: 64
configure:25518: checking for stdlib.h
configure:25518: result: yes
configure:25518: checking for unistd.h
configure:25518: result: yes
configure:25518: checking for sys/param.h
configure:25518: gcc -std=gnu99 -c -g -O2  conftest.c >&5
configure:25518: $? = 0
configure:25518: result: yes
configure:25538: checking for getpagesize
configure:25538: ./libtool --mode=link --tag=CC gcc -std=gnu99 -o conftest -g -O2   conftest.c  >&5
libtool: link: gcc -std=gnu99 -o conftest -g -O2 conftest.c 
configure:25538: $? = 0
configure:25538: result: yes
configure:25547: checking for working mmap
configure:25694: ./libtool --mode=link --tag=CC gcc -std=gnu99 -o conftest -g -O2   conftest.c  >&5
libtool: link: gcc -std=gnu99 -o conftest -g -O2 conftest.c 
configure:25694: $? = 0
configure:25694: ./conftest
configure:25694: $? = 0
configure:25704: result: yes
configure:25715: checking for malloc in -lmalloc
configure:25740: ./libtool --mode=link --tag=CC gcc -std=gnu99 -o conftest -g -O2   conftest.c -lmalloc   >&5
libtool: link: gcc -std=gnu99 -o conftest -g -O2 conftest.c  -lmalloc
conftest.c:37:6: warning: conflicting types for built-in function 'malloc' [enabled by default]
 char malloc ();
      ^
/usr/bin/ld: cannot find -lmalloc
collect2: error: ld returned 1 exit status
configure:25740: $? = 1
configure: failed program was:
| /* confdefs.h */
| #define PACKAGE_NAME "cdi"
| #define PACKAGE_TARNAME "cdi"
| #define PACKAGE_VERSION "1.7.0rc3"
| #define PACKAGE_STRING "cdi 1.7.0rc3"
| #define PACKAGE_BUGREPORT "http://mpimet.mpg.de/cdi"
| #define PACKAGE_URL ""
| #define PACKAGE "cdi"
| #define VERSION "1.7.0rc3"
| #define restrict __restrict
| #define STDC_HEADERS 1
| #define HAVE_SYS_TYPES_H 1
| #define HAVE_SYS_STAT_H 1
| #define HAVE_STDLIB_H 1
| #define HAVE_STRING_H 1
| #define HAVE_MEMORY_H 1
| #define HAVE_STRINGS_H 1
| #define HAVE_INTTYPES_H 1
| #define HAVE_STDINT_H 1
| #define HAVE_UNISTD_H 1
| #define HAVE_DLFCN_H 1
| #define LT_OBJDIR ".libs/"
| #define _FILE_OFFSET_BITS 64
| #define HAVE_STDLIB_H 1
| #define HAVE_UNISTD_H 1
| #define HAVE_SYS_PARAM_H 1
| #define HAVE_GETPAGESIZE 1
| #define HAVE_MMAP 1
| /* end confdefs.h.  */
| 
| /* Override any GCC internal prototype to avoid an error.
|    Use char because int might match the return type of a GCC
|    builtin and then its argument prototype would still apply.  */
| #ifdef __cplusplus
| extern "C"
| #endif
| char malloc ();
| int
| main ()
| {
| return malloc ();
|   ;
|   return 0;
| }
configure:25749: result: no
configure:25762: checking for struct stat.st_blksize
configure:25762: gcc -std=gnu99 -c -g -O2  conftest.c >&5
configure:25762: $? = 0
configure:25762: result: yes
configure:25777: checking malloc.h usability
configure:25777: gcc -std=gnu99 -c -g -O2  conftest.c >&5
configure:25777: $? = 0
configure:25777: result: yes
configure:25777: checking malloc.h presence
configure:25777: gcc -std=gnu99 -E  conftest.c
configure:25777: $? = 0
configure:25777: result: yes
configure:25777: checking for malloc.h
configure:25777: result: yes
configure:25777: checking uuid.h usability
configure:25777: gcc -std=gnu99 -c -g -O2  conftest.c >&5
conftest.c:65:18: fatal error: uuid.h: No such file or directory
 #include <uuid.h>
                  ^
compilation terminated.
configure:25777: $? = 1
configure: failed program was:
| /* confdefs.h */
| #define PACKAGE_NAME "cdi"
| #define PACKAGE_TARNAME "cdi"
| #define PACKAGE_VERSION "1.7.0rc3"
| #define PACKAGE_STRING "cdi 1.7.0rc3"
| #define PACKAGE_BUGREPORT "http://mpimet.mpg.de/cdi"
| #define PACKAGE_URL ""
| #define PACKAGE "cdi"
| #define VERSION "1.7.0rc3"
| #define restrict __restrict
| #define STDC_HEADERS 1
| #define HAVE_SYS_TYPES_H 1
| #define HAVE_SYS_STAT_H 1
| #define HAVE_STDLIB_H 1
| #define HAVE_STRING_H 1
| #define HAVE_MEMORY_H 1
| #define HAVE_STRINGS_H 1
| #define HAVE_INTTYPES_H 1
| #define HAVE_STDINT_H 1
| #define HAVE_UNISTD_H 1
| #define HAVE_DLFCN_H 1
| #define LT_OBJDIR ".libs/"
| #define _FILE_OFFSET_BITS 64
| #define HAVE_STDLIB_H 1
| #define HAVE_UNISTD_H 1
| #define HAVE_SYS_PARAM_H 1
| #define HAVE_GETPAGESIZE 1
| #define HAVE_MMAP 1
| #define HAVE_STRUCT_STAT_ST_BLKSIZE 1
| #define HAVE_MALLOC_H 1
| /* end confdefs.h.  */
| #include <stdio.h>
| #ifdef HAVE_SYS_TYPES_H
| # include <sys/types.h>
| #endif
| #ifdef HAVE_SYS_STAT_H
| # include <sys/stat.h>
| #endif
| #ifdef STDC_HEADERS
| # include <stdlib.h>
| # include <stddef.h>
| #else
| # ifdef HAVE_STDLIB_H
| #  include <stdlib.h>
| # endif
| #endif
| #ifdef HAVE_STRING_H
| # if !defined STDC_HEADERS && defined HAVE_MEMORY_H
| #  include <memory.h>
| # endif
| # include <string.h>
| #endif
| #ifdef HAVE_STRINGS_H
| # include <strings.h>
| #endif
| #ifdef HAVE_INTTYPES_H
| # include <inttypes.h>
| #endif
| #ifdef HAVE_STDINT_H
| # include <stdint.h>
| #endif
| #ifdef HAVE_UNISTD_H
| # include <unistd.h>
| #endif
| #include <uuid.h>
configure:25777: result: no
configure:25777: checking uuid.h presence
configure:25777: gcc -std=gnu99 -E  conftest.c
conftest.c:32:18: fatal error: uuid.h: No such file or directory
 #include <uuid.h>
                  ^
compilation terminated.
configure:25777: $? = 1
configure: failed program was:
| /* confdefs.h */
| #define PACKAGE_NAME "cdi"
| #define PACKAGE_TARNAME "cdi"
| #define PACKAGE_VERSION "1.7.0rc3"
| #define PACKAGE_STRING "cdi 1.7.0rc3"
| #define PACKAGE_BUGREPORT "http://mpimet.mpg.de/cdi"
| #define PACKAGE_URL ""
| #define PACKAGE "cdi"
| #define VERSION "1.7.0rc3"
| #define restrict __restrict
| #define STDC_HEADERS 1
| #define HAVE_SYS_TYPES_H 1
| #define HAVE_SYS_STAT_H 1
| #define HAVE_STDLIB_H 1
| #define HAVE_STRING_H 1
| #define HAVE_MEMORY_H 1
| #define HAVE_STRINGS_H 1
| #define HAVE_INTTYPES_H 1
| #define HAVE_STDINT_H 1
| #define HAVE_UNISTD_H 1
| #define HAVE_DLFCN_H 1
| #define LT_OBJDIR ".libs/"
| #define _FILE_OFFSET_BITS 64
| #define HAVE_STDLIB_H 1
| #define HAVE_UNISTD_H 1
| #define HAVE_SYS_PARAM_H 1
| #define HAVE_GETPAGESIZE 1
| #define HAVE_MMAP 1
| #define HAVE_STRUCT_STAT_ST_BLKSIZE 1
| #define HAVE_MALLOC_H 1
| /* end confdefs.h.  */
| #include <uuid.h>
configure:25777: result: no
configure:25777: checking for uuid.h
configure:25777: result: no
configure:25777: checking uuid/uuid.h usability
configure:25777: gcc -std=gnu99 -c -g -O2  conftest.c >&5
conftest.c:65:23: fatal error: uuid/uuid.h: No such file or directory
 #include <uuid/uuid.h>
                       ^
compilation terminated.
configure:25777: $? = 1
configure: failed program was:
| /* confdefs.h */
| #define PACKAGE_NAME "cdi"
| #define PACKAGE_TARNAME "cdi"
| #define PACKAGE_VERSION "1.7.0rc3"
| #define PACKAGE_STRING "cdi 1.7.0rc3"
| #define PACKAGE_BUGREPORT "http://mpimet.mpg.de/cdi"
| #define PACKAGE_URL ""
| #define PACKAGE "cdi"
| #define VERSION "1.7.0rc3"
| #define restrict __restrict
| #define STDC_HEADERS 1
| #define HAVE_SYS_TYPES_H 1
| #define HAVE_SYS_STAT_H 1
| #define HAVE_STDLIB_H 1
| #define HAVE_STRING_H 1
| #define HAVE_MEMORY_H 1
| #define HAVE_STRINGS_H 1
| #define HAVE_INTTYPES_H 1
| #define HAVE_STDINT_H 1
| #define HAVE_UNISTD_H 1
| #define HAVE_DLFCN_H 1
| #define LT_OBJDIR ".libs/"
| #define _FILE_OFFSET_BITS 64
| #define HAVE_STDLIB_H 1
| #define HAVE_UNISTD_H 1
| #define HAVE_SYS_PARAM_H 1
| #define HAVE_GETPAGESIZE 1
| #define HAVE_MMAP 1
| #define HAVE_STRUCT_STAT_ST_BLKSIZE 1
| #define HAVE_MALLOC_H 1
| /* end confdefs.h.  */
| #include <stdio.h>
| #ifdef HAVE_SYS_TYPES_H
| # include <sys/types.h>
| #endif
| #ifdef HAVE_SYS_STAT_H
| # include <sys/stat.h>
| #endif
| #ifdef STDC_HEADERS
| # include <stdlib.h>
| # include <stddef.h>
| #else
| # ifdef HAVE_STDLIB_H
| #  include <stdlib.h>
| # endif
| #endif
| #ifdef HAVE_STRING_H
| # if !defined STDC_HEADERS && defined HAVE_MEMORY_H
| #  include <memory.h>
| # endif
| # include <string.h>
| #endif
| #ifdef HAVE_STRINGS_H
| # include <strings.h>
| #endif
| #ifdef HAVE_INTTYPES_H
| # include <inttypes.h>
| #endif
| #ifdef HAVE_STDINT_H
| # include <stdint.h>
| #endif
| #ifdef HAVE_UNISTD_H
| # include <unistd.h>
| #endif
| #include <uuid/uuid.h>
configure:25777: result: no
configure:25777: checking uuid/uuid.h presence
configure:25777: gcc -std=gnu99 -E  conftest.c
conftest.c:32:23: fatal error: uuid/uuid.h: No such file or directory
 #include <uuid/uuid.h>
                       ^
compilation terminated.
configure:25777: $? = 1
configure: failed program was:
| /* confdefs.h */
| #define PACKAGE_NAME "cdi"
| #define PACKAGE_TARNAME "cdi"
| #define PACKAGE_VERSION "1.7.0rc3"
| #define PACKAGE_STRING "cdi 1.7.0rc3"
| #define PACKAGE_BUGREPORT "http://mpimet.mpg.de/cdi"
| #define PACKAGE_URL ""
| #define PACKAGE "cdi"
| #define VERSION "1.7.0rc3"
| #define restrict __restrict
| #define STDC_HEADERS 1
| #define HAVE_SYS_TYPES_H 1
| #define HAVE_SYS_STAT_H 1
| #define HAVE_STDLIB_H 1
| #define HAVE_STRING_H 1
| #define HAVE_MEMORY_H 1
| #define HAVE_STRINGS_H 1
| #define HAVE_INTTYPES_H 1
| #define HAVE_STDINT_H 1
| #define HAVE_UNISTD_H 1
| #define HAVE_DLFCN_H 1
| #define LT_OBJDIR ".libs/"
| #define _FILE_OFFSET_BITS 64
| #define HAVE_STDLIB_H 1
| #define HAVE_UNISTD_H 1
| #define HAVE_SYS_PARAM_H 1
| #define HAVE_GETPAGESIZE 1
| #define HAVE_MMAP 1
| #define HAVE_STRUCT_STAT_ST_BLKSIZE 1
| #define HAVE_MALLOC_H 1
| /* end confdefs.h.  */
| #include <uuid/uuid.h>
configure:25777: result: no
configure:25777: checking for uuid/uuid.h
configure:25777: result: no
configure:25789: checking execinfo.h usability
configure:25789: gcc -std=gnu99 -c -g -O2  conftest.c >&5
configure:25789: $? = 0
configure:25789: result: yes
configure:25789: checking execinfo.h presence
configure:25789: gcc -std=gnu99 -E  conftest.c
configure:25789: $? = 0
configure:25789: result: yes
configure:25789: checking for execinfo.h
configure:25789: result: yes
configure:25800: checking size parameter type for backtrace()
configure:25832: gcc -std=gnu99 -c -g -O2  conftest.c >&5
conftest.c:36:1: error: unknown type name 'size_t'
 size_t backtrace(void **addrlist, size_t len);
 ^
conftest.c:36:35: error: unknown type name 'size_t'
 size_t backtrace(void **addrlist, size_t len);
                                   ^
conftest.c:37:47: error: unknown type name 'size_t'
 char **backtrace_symbols(void *const *buffer, size_t size);
                                               ^
configure:25832: $? = 1
configure: failed program was:
| /* confdefs.h */
| #define PACKAGE_NAME "cdi"
| #define PACKAGE_TARNAME "cdi"
| #define PACKAGE_VERSION "1.7.0rc3"
| #define PACKAGE_STRING "cdi 1.7.0rc3"
| #define PACKAGE_BUGREPORT "http://mpimet.mpg.de/cdi"
| #define PACKAGE_URL ""
| #define PACKAGE "cdi"
| #define VERSION "1.7.0rc3"
| #define restrict __restrict
| #define STDC_HEADERS 1
| #define HAVE_SYS_TYPES_H 1
| #define HAVE_SYS_STAT_H 1
| #define HAVE_STDLIB_H 1
| #define HAVE_STRING_H 1
| #define HAVE_MEMORY_H 1
| #define HAVE_STRINGS_H 1
| #define HAVE_INTTYPES_H 1
| #define HAVE_STDINT_H 1
| #define HAVE_UNISTD_H 1
| #define HAVE_DLFCN_H 1
| #define LT_OBJDIR ".libs/"
| #define _FILE_OFFSET_BITS 64
| #define HAVE_STDLIB_H 1
| #define HAVE_UNISTD_H 1
| #define HAVE_SYS_PARAM_H 1
| #define HAVE_GETPAGESIZE 1
| #define HAVE_MMAP 1
| #define HAVE_STRUCT_STAT_ST_BLKSIZE 1
| #define HAVE_MALLOC_H 1
| #define HAVE_EXECINFO_H 1
| /* end confdefs.h.  */
| 
| #include <execinfo.h>
| extern
| size_t backtrace(void **addrlist, size_t len);
| char **backtrace_symbols(void *const *buffer, size_t size);
| 
| int
| main ()
| {
| 
|   ;
|   return 0;
| }
configure:25832: gcc -std=gnu99 -c -g -O2  conftest.c >&5
configure:25832: $? = 0
configure:25845: result: int
configure:25855: checking for library containing backtrace
configure:25886: ./libtool --mode=link --tag=CC gcc -std=gnu99 -o conftest -g -O2   conftest.c  >&5
libtool: link: gcc -std=gnu99 -o conftest -g -O2 conftest.c 
configure:25886: $? = 0
configure:25903: result: none required
configure:25921: checking for mallinfo
configure:25921: ./libtool --mode=link --tag=CC gcc -std=gnu99 -o conftest -g -O2   conftest.c  >&5
libtool: link: gcc -std=gnu99 -o conftest -g -O2 conftest.c 
configure:25921: $? = 0
configure:25921: result: yes
configure:25932: checking for getline
configure:25932: ./libtool --mode=link --tag=CC gcc -std=gnu99 -o conftest -g -O2   conftest.c  >&5
libtool: link: gcc -std=gnu99 -o conftest -g -O2 conftest.c 
configure:25932: $? = 0
configure:25932: result: yes
configure:25941: checking for uuid_generate in -luuid
configure:25966: ./libtool --mode=link --tag=CC gcc -std=gnu99 -o conftest -g -O2   conftest.c -luuid   >&5
libtool: link: gcc -std=gnu99 -o conftest -g -O2 conftest.c  -luuid
/usr/bin/ld: cannot find -luuid
collect2: error: ld returned 1 exit status
configure:25966: $? = 1
configure: failed program was:
| /* confdefs.h */
| #define PACKAGE_NAME "cdi"
| #define PACKAGE_TARNAME "cdi"
| #define PACKAGE_VERSION "1.7.0rc3"
| #define PACKAGE_STRING "cdi 1.7.0rc3"
| #define PACKAGE_BUGREPORT "http://mpimet.mpg.de/cdi"
| #define PACKAGE_URL ""
| #define PACKAGE "cdi"
| #define VERSION "1.7.0rc3"
| #define restrict __restrict
| #define STDC_HEADERS 1
| #define HAVE_SYS_TYPES_H 1
| #define HAVE_SYS_STAT_H 1
| #define HAVE_STDLIB_H 1
| #define HAVE_STRING_H 1
| #define HAVE_MEMORY_H 1
| #define HAVE_STRINGS_H 1
| #define HAVE_INTTYPES_H 1
| #define HAVE_STDINT_H 1
| #define HAVE_UNISTD_H 1
| #define HAVE_DLFCN_H 1
| #define LT_OBJDIR ".libs/"
| #define _FILE_OFFSET_BITS 64
| #define HAVE_STDLIB_H 1
| #define HAVE_UNISTD_H 1
| #define HAVE_SYS_PARAM_H 1
| #define HAVE_GETPAGESIZE 1
| #define HAVE_MMAP 1
| #define HAVE_STRUCT_STAT_ST_BLKSIZE 1
| #define HAVE_MALLOC_H 1
| #define HAVE_EXECINFO_H 1
| #define backtrace_size_t int
| #define HAVE_BACKTRACE 1
| #define HAVE_MALLINFO 1
| #define HAVE_GETLINE 1
| /* end confdefs.h.  */
| 
| /* Override any GCC internal prototype to avoid an error.
|    Use char because int might match the return type of a GCC
|    builtin and then its argument prototype would still apply.  */
| #ifdef __cplusplus
| extern "C"
| #endif
| char uuid_generate ();
| int
| main ()
| {
| return uuid_generate ();
|   ;
|   return 0;
| }
configure:25975: result: no
configure:25997: checking for uuid_create
configure:25997: ./libtool --mode=link --tag=CC gcc -std=gnu99 -o conftest -g -O2   conftest.c  >&5
libtool: link: gcc -std=gnu99 -o conftest -g -O2 conftest.c 
/tmp/cc2GF7O7.o: In function `main':
/home/ben/amuse/amuse-svn/src/omuse/community/remapper/src/libcdi/conftest.c:71: undefined reference to `uuid_create'
collect2: error: ld returned 1 exit status
configure:25997: $? = 1
configure: failed program was:
| /* confdefs.h */
| #define PACKAGE_NAME "cdi"
| #define PACKAGE_TARNAME "cdi"
| #define PACKAGE_VERSION "1.7.0rc3"
| #define PACKAGE_STRING "cdi 1.7.0rc3"
| #define PACKAGE_BUGREPORT "http://mpimet.mpg.de/cdi"
| #define PACKAGE_URL ""
| #define PACKAGE "cdi"
| #define VERSION "1.7.0rc3"
| #define restrict __restrict
| #define STDC_HEADERS 1
| #define HAVE_SYS_TYPES_H 1
| #define HAVE_SYS_STAT_H 1
| #define HAVE_STDLIB_H 1
| #define HAVE_STRING_H 1
| #define HAVE_MEMORY_H 1
| #define HAVE_STRINGS_H 1
| #define HAVE_INTTYPES_H 1
| #define HAVE_STDINT_H 1
| #define HAVE_UNISTD_H 1
| #define HAVE_DLFCN_H 1
| #define LT_OBJDIR ".libs/"
| #define _FILE_OFFSET_BITS 64
| #define HAVE_STDLIB_H 1
| #define HAVE_UNISTD_H 1
| #define HAVE_SYS_PARAM_H 1
| #define HAVE_GETPAGESIZE 1
| #define HAVE_MMAP 1
| #define HAVE_STRUCT_STAT_ST_BLKSIZE 1
| #define HAVE_MALLOC_H 1
| #define HAVE_EXECINFO_H 1
| #define backtrace_size_t int
| #define HAVE_BACKTRACE 1
| #define HAVE_MALLINFO 1
| #define HAVE_GETLINE 1
| /* end confdefs.h.  */
| /* Define uuid_create to an innocuous variant, in case <limits.h> declares uuid_create.
|    For example, HP-UX 11i <limits.h> declares gettimeofday.  */
| #define uuid_create innocuous_uuid_create
| 
| /* System header to define __stub macros and hopefully few prototypes,
|     which can conflict with char uuid_create (); below.
|     Prefer <limits.h> to <assert.h> if __STDC__ is defined, since
|     <limits.h> exists even on freestanding compilers.  */
| 
| #ifdef __STDC__
| # include <limits.h>
| #else
| # include <assert.h>
| #endif
| 
| #undef uuid_create
| 
| /* Override any GCC internal prototype to avoid an error.
|    Use char because int might match the return type of a GCC
|    builtin and then its argument prototype would still apply.  */
| #ifdef __cplusplus
| extern "C"
| #endif
| char uuid_create ();
| /* The GNU C library defines this for functions which it implements
|     to always fail with ENOSYS.  Some functions are actually named
|     something starting with __ and the normal name is an alias.  */
| #if defined __stub_uuid_create || defined __stub___uuid_create
| choke me
| #endif
| 
| int
| main ()
| {
| return uuid_create ();
|   ;
|   return 0;
| }
configure:25997: result: no
configure:26026: checking whether isnan is declared
configure:26026: gcc -std=gnu99 -c -g -O2  conftest.c >&5
configure:26026: $? = 0
configure:26026: result: yes
configure:26042: checking whether __builtin_ctz is declared
configure:26042: gcc -std=gnu99 -c -g -O2  conftest.c >&5
configure:26042: $? = 0
configure:26042: result: yes
configure:26111: checking for floor in -lm
configure:26136: ./libtool --mode=link --tag=CC gcc -std=gnu99 -o conftest -g -O2   conftest.c -lm   >&5
libtool: link: gcc -std=gnu99 -o conftest -g -O2 conftest.c  -lm
conftest.c:50:6: warning: conflicting types for built-in function 'floor' [enabled by default]
 char floor ();
      ^
configure:26136: $? = 0
configure:26145: result: yes
configure:26291: checking if compiler needs -Werror to reject unknown flags
configure:26307: gcc -std=gnu99 -c -g -O2 -Werror -Wunknown-warning-option -Wsizeof-array-argument  conftest.c >&5
gcc: error: unrecognized command line option '-Wunknown-warning-option'
gcc: error: unrecognized command line option '-Wsizeof-array-argument'
configure:26307: $? = 1
configure: failed program was:
| /* confdefs.h */
| #define PACKAGE_NAME "cdi"
| #define PACKAGE_TARNAME "cdi"
| #define PACKAGE_VERSION "1.7.0rc3"
| #define PACKAGE_STRING "cdi 1.7.0rc3"
| #define PACKAGE_BUGREPORT "http://mpimet.mpg.de/cdi"
| #define PACKAGE_URL ""
| #define PACKAGE "cdi"
| #define VERSION "1.7.0rc3"
| #define restrict __restrict
| #define STDC_HEADERS 1
| #define HAVE_SYS_TYPES_H 1
| #define HAVE_SYS_STAT_H 1
| #define HAVE_STDLIB_H 1
| #define HAVE_STRING_H 1
| #define HAVE_MEMORY_H 1
| #define HAVE_STRINGS_H 1
| #define HAVE_INTTYPES_H 1
| #define HAVE_STDINT_H 1
| #define HAVE_UNISTD_H 1
| #define HAVE_DLFCN_H 1
| #define LT_OBJDIR ".libs/"
| #define _FILE_OFFSET_BITS 64
| #define HAVE_STDLIB_H 1
| #define HAVE_UNISTD_H 1
| #define HAVE_SYS_PARAM_H 1
| #define HAVE_GETPAGESIZE 1
| #define HAVE_MMAP 1
| #define HAVE_STRUCT_STAT_ST_BLKSIZE 1
| #define HAVE_MALLOC_H 1
| #define HAVE_EXECINFO_H 1
| #define backtrace_size_t int
| #define HAVE_BACKTRACE 1
| #define HAVE_MALLINFO 1
| #define HAVE_GETLINE 1
| #define HAVE_DECL_ISNAN 1
| #define HAVE_DECL___BUILTIN_CTZ 1
| #define COMP_VERSION "gcc (Ubuntu 4.8.2-19ubuntu1) 4.8.2"
| #define USER_NAME "ben"
| #define HOST_NAME "ben-VirtualBox"
| #define SYSTEM_TYPE "i686-pc-linux-gnu"
| #define HAVE_LIBM 1
| /* end confdefs.h.  */
| int foo(void);
| int
| main ()
| {
| foo()
|   ;
|   return 0;
| }
configure:26312: result: no
configure:26378: checking for the pthreads library -lpthreads
configure:26416: ./libtool --mode=link --tag=CC gcc -std=gnu99 -o conftest -g -O2     conftest.c -lpthreads -lm  >&5
libtool: link: gcc -std=gnu99 -o conftest -g -O2 conftest.c  -lpthreads -lm
/usr/bin/ld: cannot find -lpthreads
collect2: error: ld returned 1 exit status
configure:26416: $? = 1
configure: failed program was:
| /* confdefs.h */
| #define PACKAGE_NAME "cdi"
| #define PACKAGE_TARNAME "cdi"
| #define PACKAGE_VERSION "1.7.0rc3"
| #define PACKAGE_STRING "cdi 1.7.0rc3"
| #define PACKAGE_BUGREPORT "http://mpimet.mpg.de/cdi"
| #define PACKAGE_URL ""
| #define PACKAGE "cdi"
| #define VERSION "1.7.0rc3"
| #define restrict __restrict
| #define STDC_HEADERS 1
| #define HAVE_SYS_TYPES_H 1
| #define HAVE_SYS_STAT_H 1
| #define HAVE_STDLIB_H 1
| #define HAVE_STRING_H 1
| #define HAVE_MEMORY_H 1
| #define HAVE_STRINGS_H 1
| #define HAVE_INTTYPES_H 1
| #define HAVE_STDINT_H 1
| #define HAVE_UNISTD_H 1
| #define HAVE_DLFCN_H 1
| #define LT_OBJDIR ".libs/"
| #define _FILE_OFFSET_BITS 64
| #define HAVE_STDLIB_H 1
| #define HAVE_UNISTD_H 1
| #define HAVE_SYS_PARAM_H 1
| #define HAVE_GETPAGESIZE 1
| #define HAVE_MMAP 1
| #define HAVE_STRUCT_STAT_ST_BLKSIZE 1
| #define HAVE_MALLOC_H 1
| #define HAVE_EXECINFO_H 1
| #define backtrace_size_t int
| #define HAVE_BACKTRACE 1
| #define HAVE_MALLINFO 1
| #define HAVE_GETLINE 1
| #define HAVE_DECL_ISNAN 1
| #define HAVE_DECL___BUILTIN_CTZ 1
| #define COMP_VERSION "gcc (Ubuntu 4.8.2-19ubuntu1) 4.8.2"
| #define USER_NAME "ben"
| #define HOST_NAME "ben-VirtualBox"
| #define SYSTEM_TYPE "i686-pc-linux-gnu"
| #define HAVE_LIBM 1
| /* end confdefs.h.  */
| #include <pthread.h>
|                         static void routine(void *a) { a = 0; }
|                         static void *start_routine(void *a) { return a; }
| int
| main ()
| {
| pthread_t th; pthread_attr_t attr;
|                         pthread_create(&th, 0, start_routine, 0);
|                         pthread_join(th, 0);
|                         pthread_attr_init(&attr);
|                         pthread_cleanup_push(routine, 0);
|                         pthread_cleanup_pop(0) /* ; */
|   ;
|   return 0;
| }
configure:26425: result: no
configure:26323: checking whether pthreads work without any flags
configure:26416: ./libtool --mode=link --tag=CC gcc -std=gnu99 -o conftest -g -O2     conftest.c  -lm  >&5
libtool: link: gcc -std=gnu99 -o conftest -g -O2 conftest.c  -lm
/tmp/ccQGMI3J.o: In function `main':
/home/ben/amuse/amuse-svn/src/omuse/community/remapper/src/libcdi/conftest.c:51: undefined reference to `pthread_create'
/home/ben/amuse/amuse-svn/src/omuse/community/remapper/src/libcdi/conftest.c:52: undefined reference to `pthread_join'
/home/ben/amuse/amuse-svn/src/omuse/community/remapper/src/libcdi/conftest.c:54: undefined reference to `__pthread_register_cancel'
/home/ben/amuse/amuse-svn/src/omuse/community/remapper/src/libcdi/conftest.c:55: undefined reference to `__pthread_unregister_cancel'
collect2: error: ld returned 1 exit status
configure:26416: $? = 1
configure: failed program was:
| /* confdefs.h */
| #define PACKAGE_NAME "cdi"
| #define PACKAGE_TARNAME "cdi"
| #define PACKAGE_VERSION "1.7.0rc3"
| #define PACKAGE_STRING "cdi 1.7.0rc3"
| #define PACKAGE_BUGREPORT "http://mpimet.mpg.de/cdi"
| #define PACKAGE_URL ""
| #define PACKAGE "cdi"
| #define VERSION "1.7.0rc3"
| #define restrict __restrict
| #define STDC_HEADERS 1
| #define HAVE_SYS_TYPES_H 1
| #define HAVE_SYS_STAT_H 1
| #define HAVE_STDLIB_H 1
| #define HAVE_STRING_H 1
| #define HAVE_MEMORY_H 1
| #define HAVE_STRINGS_H 1
| #define HAVE_INTTYPES_H 1
| #define HAVE_STDINT_H 1
| #define HAVE_UNISTD_H 1
| #define HAVE_DLFCN_H 1
| #define LT_OBJDIR ".libs/"
| #define _FILE_OFFSET_BITS 64
| #define HAVE_STDLIB_H 1
| #define HAVE_UNISTD_H 1
| #define HAVE_SYS_PARAM_H 1
| #define HAVE_GETPAGESIZE 1
| #define HAVE_MMAP 1
| #define HAVE_STRUCT_STAT_ST_BLKSIZE 1
| #define HAVE_MALLOC_H 1
| #define HAVE_EXECINFO_H 1
| #define backtrace_size_t int
| #define HAVE_BACKTRACE 1
| #define HAVE_MALLINFO 1
| #define HAVE_GETLINE 1
| #define HAVE_DECL_ISNAN 1
| #define HAVE_DECL___BUILTIN_CTZ 1
| #define COMP_VERSION "gcc (Ubuntu 4.8.2-19ubuntu1) 4.8.2"
| #define USER_NAME "ben"
| #define HOST_NAME "ben-VirtualBox"
| #define SYSTEM_TYPE "i686-pc-linux-gnu"
| #define HAVE_LIBM 1
| /* end confdefs.h.  */
| #include <pthread.h>
|                         static void routine(void *a) { a = 0; }
|                         static void *start_routine(void *a) { return a; }
| int
| main ()
| {
| pthread_t th; pthread_attr_t attr;
|                         pthread_create(&th, 0, start_routine, 0);
|                         pthread_join(th, 0);
|                         pthread_attr_init(&attr);
|                         pthread_cleanup_push(routine, 0);
|                         pthread_cleanup_pop(0) /* ; */
|   ;
|   return 0;
| }
configure:26425: result: no
configure:26328: checking whether pthreads work with -Kthread
configure:26416: ./libtool --mode=link --tag=CC gcc -std=gnu99 -o conftest -g -O2 -Kthread    conftest.c  -lm  >&5
libtool: link: gcc -std=gnu99 -o conftest -g -O2 -Kthread conftest.c  -lm -Kthread
gcc: error: unrecognized command line option '-Kthread'
gcc: error: unrecognized command line option '-Kthread'
configure:26416: $? = 1
configure: failed program was:
| /* confdefs.h */
| #define PACKAGE_NAME "cdi"
| #define PACKAGE_TARNAME "cdi"
| #define PACKAGE_VERSION "1.7.0rc3"
| #define PACKAGE_STRING "cdi 1.7.0rc3"
| #define PACKAGE_BUGREPORT "http://mpimet.mpg.de/cdi"
| #define PACKAGE_URL ""
| #define PACKAGE "cdi"
| #define VERSION "1.7.0rc3"
| #define restrict __restrict
| #define STDC_HEADERS 1
| #define HAVE_SYS_TYPES_H 1
| #define HAVE_SYS_STAT_H 1
| #define HAVE_STDLIB_H 1
| #define HAVE_STRING_H 1
| #define HAVE_MEMORY_H 1
| #define HAVE_STRINGS_H 1
| #define HAVE_INTTYPES_H 1
| #define HAVE_STDINT_H 1
| #define HAVE_UNISTD_H 1
| #define HAVE_DLFCN_H 1
| #define LT_OBJDIR ".libs/"
| #define _FILE_OFFSET_BITS 64
| #define HAVE_STDLIB_H 1
| #define HAVE_UNISTD_H 1
| #define HAVE_SYS_PARAM_H 1
| #define HAVE_GETPAGESIZE 1
| #define HAVE_MMAP 1
| #define HAVE_STRUCT_STAT_ST_BLKSIZE 1
| #define HAVE_MALLOC_H 1
| #define HAVE_EXECINFO_H 1
| #define backtrace_size_t int
| #define HAVE_BACKTRACE 1
| #define HAVE_MALLINFO 1
| #define HAVE_GETLINE 1
| #define HAVE_DECL_ISNAN 1
| #define HAVE_DECL___BUILTIN_CTZ 1
| #define COMP_VERSION "gcc (Ubuntu 4.8.2-19ubuntu1) 4.8.2"
| #define USER_NAME "ben"
| #define HOST_NAME "ben-VirtualBox"
| #define SYSTEM_TYPE "i686-pc-linux-gnu"
| #define HAVE_LIBM 1
| /* end confdefs.h.  */
| #include <pthread.h>
|                         static void routine(void *a) { a = 0; }
|                         static void *start_routine(void *a) { return a; }
| int
| main ()
| {
| pthread_t th; pthread_attr_t attr;
|                         pthread_create(&th, 0, start_routine, 0);
|                         pthread_join(th, 0);
|                         pthread_attr_init(&attr);
|                         pthread_cleanup_push(routine, 0);
|                         pthread_cleanup_pop(0) /* ; */
|   ;
|   return 0;
| }
configure:26425: result: no
configure:26328: checking whether pthreads work with -kthread
configure:26416: ./libtool --mode=link --tag=CC gcc -std=gnu99 -o conftest -g -O2 -kthread    conftest.c  -lm  >&5
libtool: link: gcc -std=gnu99 -o conftest -g -O2 -kthread conftest.c  -lm -kthread
gcc: error: unrecognized command line option '-kthread'
gcc: error: unrecognized command line option '-kthread'
configure:26416: $? = 1
configure: failed program was:
| /* confdefs.h */
| #define PACKAGE_NAME "cdi"
| #define PACKAGE_TARNAME "cdi"
| #define PACKAGE_VERSION "1.7.0rc3"
| #define PACKAGE_STRING "cdi 1.7.0rc3"
| #define PACKAGE_BUGREPORT "http://mpimet.mpg.de/cdi"
| #define PACKAGE_URL ""
| #define PACKAGE "cdi"
| #define VERSION "1.7.0rc3"
| #define restrict __restrict
| #define STDC_HEADERS 1
| #define HAVE_SYS_TYPES_H 1
| #define HAVE_SYS_STAT_H 1
| #define HAVE_STDLIB_H 1
| #define HAVE_STRING_H 1
| #define HAVE_MEMORY_H 1
| #define HAVE_STRINGS_H 1
| #define HAVE_INTTYPES_H 1
| #define HAVE_STDINT_H 1
| #define HAVE_UNISTD_H 1
| #define HAVE_DLFCN_H 1
| #define LT_OBJDIR ".libs/"
| #define _FILE_OFFSET_BITS 64
| #define HAVE_STDLIB_H 1
| #define HAVE_UNISTD_H 1
| #define HAVE_SYS_PARAM_H 1
| #define HAVE_GETPAGESIZE 1
| #define HAVE_MMAP 1
| #define HAVE_STRUCT_STAT_ST_BLKSIZE 1
| #define HAVE_MALLOC_H 1
| #define HAVE_EXECINFO_H 1
| #define backtrace_size_t int
| #define HAVE_BACKTRACE 1
| #define HAVE_MALLINFO 1
| #define HAVE_GETLINE 1
| #define HAVE_DECL_ISNAN 1
| #define HAVE_DECL___BUILTIN_CTZ 1
| #define COMP_VERSION "gcc (Ubuntu 4.8.2-19ubuntu1) 4.8.2"
| #define USER_NAME "ben"
| #define HOST_NAME "ben-VirtualBox"
| #define SYSTEM_TYPE "i686-pc-linux-gnu"
| #define HAVE_LIBM 1
| /* end confdefs.h.  */
| #include <pthread.h>
|                         static void routine(void *a) { a = 0; }
|                         static void *start_routine(void *a) { return a; }
| int
| main ()
| {
| pthread_t th; pthread_attr_t attr;
|                         pthread_create(&th, 0, start_routine, 0);
|                         pthread_join(th, 0);
|                         pthread_attr_init(&attr);
|                         pthread_cleanup_push(routine, 0);
|                         pthread_cleanup_pop(0) /* ; */
|   ;
|   return 0;
| }
configure:26425: result: no
configure:26378: checking for the pthreads library -llthread
configure:26416: ./libtool --mode=link --tag=CC gcc -std=gnu99 -o conftest -g -O2     conftest.c -llthread -lm  >&5
libtool: link: gcc -std=gnu99 -o conftest -g -O2 conftest.c  -llthread -lm
/usr/bin/ld: cannot find -llthread
collect2: error: ld returned 1 exit status
configure:26416: $? = 1
configure: failed program was:
| /* confdefs.h */
| #define PACKAGE_NAME "cdi"
| #define PACKAGE_TARNAME "cdi"
| #define PACKAGE_VERSION "1.7.0rc3"
| #define PACKAGE_STRING "cdi 1.7.0rc3"
| #define PACKAGE_BUGREPORT "http://mpimet.mpg.de/cdi"
| #define PACKAGE_URL ""
| #define PACKAGE "cdi"
| #define VERSION "1.7.0rc3"
| #define restrict __restrict
| #define STDC_HEADERS 1
| #define HAVE_SYS_TYPES_H 1
| #define HAVE_SYS_STAT_H 1
| #define HAVE_STDLIB_H 1
| #define HAVE_STRING_H 1
| #define HAVE_MEMORY_H 1
| #define HAVE_STRINGS_H 1
| #define HAVE_INTTYPES_H 1
| #define HAVE_STDINT_H 1
| #define HAVE_UNISTD_H 1
| #define HAVE_DLFCN_H 1
| #define LT_OBJDIR ".libs/"
| #define _FILE_OFFSET_BITS 64
| #define HAVE_STDLIB_H 1
| #define HAVE_UNISTD_H 1
| #define HAVE_SYS_PARAM_H 1
| #define HAVE_GETPAGESIZE 1
| #define HAVE_MMAP 1
| #define HAVE_STRUCT_STAT_ST_BLKSIZE 1
| #define HAVE_MALLOC_H 1
| #define HAVE_EXECINFO_H 1
| #define backtrace_size_t int
| #define HAVE_BACKTRACE 1
| #define HAVE_MALLINFO 1
| #define HAVE_GETLINE 1
| #define HAVE_DECL_ISNAN 1
| #define HAVE_DECL___BUILTIN_CTZ 1
| #define COMP_VERSION "gcc (Ubuntu 4.8.2-19ubuntu1) 4.8.2"
| #define USER_NAME "ben"
| #define HOST_NAME "ben-VirtualBox"
| #define SYSTEM_TYPE "i686-pc-linux-gnu"
| #define HAVE_LIBM 1
| /* end confdefs.h.  */
| #include <pthread.h>
|                         static void routine(void *a) { a = 0; }
|                         static void *start_routine(void *a) { return a; }
| int
| main ()
| {
| pthread_t th; pthread_attr_t attr;
|                         pthread_create(&th, 0, start_routine, 0);
|                         pthread_join(th, 0);
|                         pthread_attr_init(&attr);
|                         pthread_cleanup_push(routine, 0);
|                         pthread_cleanup_pop(0) /* ; */
|   ;
|   return 0;
| }
configure:26425: result: no
configure:26328: checking whether pthreads work with -pthread
configure:26416: ./libtool --mode=link --tag=CC gcc -std=gnu99 -o conftest -g -O2 -pthread    conftest.c  -lm  >&5
libtool: link: gcc -std=gnu99 -o conftest -g -O2 -pthread conftest.c  -lm -pthread
configure:26416: $? = 0
configure:26425: result: yes
configure:26444: checking for joinable pthread attribute
configure:26459: ./libtool --mode=link --tag=CC gcc -std=gnu99 -o conftest -g -O2 -pthread   conftest.c  -lm  >&5
libtool: link: gcc -std=gnu99 -o conftest -g -O2 -pthread conftest.c  -lm -pthread
configure:26459: $? = 0
configure:26465: result: PTHREAD_CREATE_JOINABLE
configure:26475: checking if more special flags are required for pthreads
configure:26490: result: no
configure:26496: checking for PTHREAD_PRIO_INHERIT
configure:26513: ./libtool --mode=link --tag=CC gcc -std=gnu99 -o conftest -g -O2 -pthread   conftest.c  -lm  >&5
libtool: link: gcc -std=gnu99 -o conftest -g -O2 -pthread conftest.c  -lm -pthread
configure:26513: $? = 0
configure:26522: result: yes
configure:26861: checking zlib.h usability
configure:26861: gcc -std=gnu99 -c -g -O2 -pthread  conftest.c >&5
configure:26861: $? = 0
configure:26861: result: yes
configure:26861: checking zlib.h presence
configure:26861: gcc -std=gnu99 -E  conftest.c
configure:26861: $? = 0
configure:26861: result: yes
configure:26861: checking for zlib.h
configure:26861: result: yes
configure:26871: checking for library containing deflate
configure:26902: ./libtool --mode=link --tag=CC gcc -std=gnu99 -o conftest -g -O2 -pthread   conftest.c  -lm  >&5
libtool: link: gcc -std=gnu99 -o conftest -g -O2 -pthread conftest.c  -lm -pthread
/tmp/cc6CRuwu.o: In function `main':
/home/ben/amuse/amuse-svn/src/omuse/community/remapper/src/libcdi/conftest.c:58: undefined reference to `deflate'
collect2: error: ld returned 1 exit status
configure:26902: $? = 1
configure: failed program was:
| /* confdefs.h */
| #define PACKAGE_NAME "cdi"
| #define PACKAGE_TARNAME "cdi"
| #define PACKAGE_VERSION "1.7.0rc3"
| #define PACKAGE_STRING "cdi 1.7.0rc3"
| #define PACKAGE_BUGREPORT "http://mpimet.mpg.de/cdi"
| #define PACKAGE_URL ""
| #define PACKAGE "cdi"
| #define VERSION "1.7.0rc3"
| #define restrict __restrict
| #define STDC_HEADERS 1
| #define HAVE_SYS_TYPES_H 1
| #define HAVE_SYS_STAT_H 1
| #define HAVE_STDLIB_H 1
| #define HAVE_STRING_H 1
| #define HAVE_MEMORY_H 1
| #define HAVE_STRINGS_H 1
| #define HAVE_INTTYPES_H 1
| #define HAVE_STDINT_H 1
| #define HAVE_UNISTD_H 1
| #define HAVE_DLFCN_H 1
| #define LT_OBJDIR ".libs/"
| #define _FILE_OFFSET_BITS 64
| #define HAVE_STDLIB_H 1
| #define HAVE_UNISTD_H 1
| #define HAVE_SYS_PARAM_H 1
| #define HAVE_GETPAGESIZE 1
| #define HAVE_MMAP 1
| #define HAVE_STRUCT_STAT_ST_BLKSIZE 1
| #define HAVE_MALLOC_H 1
| #define HAVE_EXECINFO_H 1
| #define backtrace_size_t int
| #define HAVE_BACKTRACE 1
| #define HAVE_MALLINFO 1
| #define HAVE_GETLINE 1
| #define HAVE_DECL_ISNAN 1
| #define HAVE_DECL___BUILTIN_CTZ 1
| #define COMP_VERSION "gcc (Ubuntu 4.8.2-19ubuntu1) 4.8.2"
| #define USER_NAME "ben"
| #define HOST_NAME "ben-VirtualBox"
| #define SYSTEM_TYPE "i686-pc-linux-gnu"
| #define HAVE_LIBM 1
| #define HAVE_PTHREAD_PRIO_INHERIT 1
| #define HAVE_LIBPTHREAD 1
| #define HAVE_ZLIB_H 1
| /* end confdefs.h.  */
| 
| /* Override any GCC internal prototype to avoid an error.
|    Use char because int might match the return type of a GCC
|    builtin and then its argument prototype would still apply.  */
| #ifdef __cplusplus
| extern "C"
| #endif
| char deflate ();
| int
| main ()
| {
| return deflate ();
|   ;
|   return 0;
| }
configure:26902: ./libtool --mode=link --tag=CC gcc -std=gnu99 -o conftest -g -O2 -pthread   conftest.c -lz   -lm  >&5
libtool: link: gcc -std=gnu99 -o conftest -g -O2 -pthread conftest.c  -lz -lm -pthread
configure:26902: $? = 0
configure:26919: result: -lz
configure:27109: checking for szlib library
configure:27111: result: suppressed
configure:27427: checking for hdf5 library
configure:27429: result: suppressed
configure:27456: checking netcdf.h usability
configure:27456: gcc -std=gnu99 -c -g -O2 -pthread  conftest.c >&5
configure:27456: $? = 0
configure:27456: result: yes
configure:27456: checking netcdf.h presence
configure:27456: gcc -std=gnu99 -E  conftest.c
configure:27456: $? = 0
configure:27456: result: yes
configure:27456: checking for netcdf.h
configure:27456: result: yes
configure:27466: checking for library containing nc_open
configure:27497: ./libtool --mode=link --tag=CC gcc -std=gnu99 -o conftest -g -O2 -pthread   conftest.c -lz  -lm  >&5
libtool: link: gcc -std=gnu99 -o conftest -g -O2 -pthread conftest.c  -lz -lm -pthread
/tmp/ccwIw0mQ.o: In function `main':
/home/ben/amuse/amuse-svn/src/omuse/community/remapper/src/libcdi/conftest.c:60: undefined reference to `nc_open'
collect2: error: ld returned 1 exit status
configure:27497: $? = 1
configure: failed program was:
| /* confdefs.h */
| #define PACKAGE_NAME "cdi"
| #define PACKAGE_TARNAME "cdi"
| #define PACKAGE_VERSION "1.7.0rc3"
| #define PACKAGE_STRING "cdi 1.7.0rc3"
| #define PACKAGE_BUGREPORT "http://mpimet.mpg.de/cdi"
| #define PACKAGE_URL ""
| #define PACKAGE "cdi"
| #define VERSION "1.7.0rc3"
| #define restrict __restrict
| #define STDC_HEADERS 1
| #define HAVE_SYS_TYPES_H 1
| #define HAVE_SYS_STAT_H 1
| #define HAVE_STDLIB_H 1
| #define HAVE_STRING_H 1
| #define HAVE_MEMORY_H 1
| #define HAVE_STRINGS_H 1
| #define HAVE_INTTYPES_H 1
| #define HAVE_STDINT_H 1
| #define HAVE_UNISTD_H 1
| #define HAVE_DLFCN_H 1
| #define LT_OBJDIR ".libs/"
| #define _FILE_OFFSET_BITS 64
| #define HAVE_STDLIB_H 1
| #define HAVE_UNISTD_H 1
| #define HAVE_SYS_PARAM_H 1
| #define HAVE_GETPAGESIZE 1
| #define HAVE_MMAP 1
| #define HAVE_STRUCT_STAT_ST_BLKSIZE 1
| #define HAVE_MALLOC_H 1
| #define HAVE_EXECINFO_H 1
| #define backtrace_size_t int
| #define HAVE_BACKTRACE 1
| #define HAVE_MALLINFO 1
| #define HAVE_GETLINE 1
| #define HAVE_DECL_ISNAN 1
| #define HAVE_DECL___BUILTIN_CTZ 1
| #define COMP_VERSION "gcc (Ubuntu 4.8.2-19ubuntu1) 4.8.2"
| #define USER_NAME "ben"
| #define HOST_NAME "ben-VirtualBox"
| #define SYSTEM_TYPE "i686-pc-linux-gnu"
| #define HAVE_LIBM 1
| #define HAVE_PTHREAD_PRIO_INHERIT 1
| #define HAVE_LIBPTHREAD 1
| #define HAVE_ZLIB_H 1
| #define HAVE_LIBZ 1
| #define HAVE_NETCDF_H 1
| /* end confdefs.h.  */
| 
| /* Override any GCC internal prototype to avoid an error.
|    Use char because int might match the return type of a GCC
|    builtin and then its argument prototype would still apply.  */
| #ifdef __cplusplus
| extern "C"
| #endif
| char nc_open ();
| int
| main ()
| {
| return nc_open ();
|   ;
|   return 0;
| }
configure:27497: ./libtool --mode=link --tag=CC gcc -std=gnu99 -o conftest -g -O2 -pthread   conftest.c -lnetcdf  -lz  -lm  >&5
libtool: link: gcc -std=gnu99 -o conftest -g -O2 -pthread conftest.c  -lnetcdf -lz -lm -pthread
configure:27497: $? = 0
configure:27514: result: -lnetcdf
configure:27530: checking for nc-config
configure:27546: found /usr/bin/nc-config
configure:27557: result: nc-config
configure:27566: checking netcdf's nc2 support
configure:27573: result: yes
configure:27579: checking netcdf's nc4 support
configure:27586: result: yes
configure:27937: checking for the JASPER library
configure:27939: result: suppressed
configure:28104: checking for the openjpeg library
configure:28106: result: suppressed
configure:28271: checking for the LIBPNG library
configure:28273: result: suppressed
configure:28450: checking for the GRIB_API library
configure:28452: result: suppressed
configure:28468: checking for GRIB support
configure:28485: result: yes
configure:28491: checking for CGRIBEX support
configure:28508: result: yes
configure:28514: checking for SERVICE support
configure:28531: result: yes
configure:28537: checking for EXTRA support
configure:28554: result: yes
configure:28560: checking for IEG support
configure:28577: result: yes
configure:28609: checking for building an additional static CDI binary
configure:28622: result: no
configure:28643: checking for grib_get_length
configure:28643: ./libtool --mode=link --tag=CC gcc -std=gnu99 -o conftest -g -O2 -pthread   conftest.c -lnetcdf -lz  -lm  >&5
libtool: link: gcc -std=gnu99 -o conftest -g -O2 -pthread conftest.c  -lnetcdf -lz -lm -pthread
/tmp/ccCDYUQ7.o: In function `main':
/home/ben/amuse/amuse-svn/src/omuse/community/remapper/src/libcdi/conftest.c:91: undefined reference to `grib_get_length'
collect2: error: ld returned 1 exit status
configure:28643: $? = 1
configure: failed program was:
| /* confdefs.h */
| #define PACKAGE_NAME "cdi"
| #define PACKAGE_TARNAME "cdi"
| #define PACKAGE_VERSION "1.7.0rc3"
| #define PACKAGE_STRING "cdi 1.7.0rc3"
| #define PACKAGE_BUGREPORT "http://mpimet.mpg.de/cdi"
| #define PACKAGE_URL ""
| #define PACKAGE "cdi"
| #define VERSION "1.7.0rc3"
| #define restrict __restrict
| #define STDC_HEADERS 1
| #define HAVE_SYS_TYPES_H 1
| #define HAVE_SYS_STAT_H 1
| #define HAVE_STDLIB_H 1
| #define HAVE_STRING_H 1
| #define HAVE_MEMORY_H 1
| #define HAVE_STRINGS_H 1
| #define HAVE_INTTYPES_H 1
| #define HAVE_STDINT_H 1
| #define HAVE_UNISTD_H 1
| #define HAVE_DLFCN_H 1
| #define LT_OBJDIR ".libs/"
| #define _FILE_OFFSET_BITS 64
| #define HAVE_STDLIB_H 1
| #define HAVE_UNISTD_H 1
| #define HAVE_SYS_PARAM_H 1
| #define HAVE_GETPAGESIZE 1
| #define HAVE_MMAP 1
| #define HAVE_STRUCT_STAT_ST_BLKSIZE 1
| #define HAVE_MALLOC_H 1
| #define HAVE_EXECINFO_H 1
| #define backtrace_size_t int
| #define HAVE_BACKTRACE 1
| #define HAVE_MALLINFO 1
| #define HAVE_GETLINE 1
| #define HAVE_DECL_ISNAN 1
| #define HAVE_DECL___BUILTIN_CTZ 1
| #define COMP_VERSION "gcc (Ubuntu 4.8.2-19ubuntu1) 4.8.2"
| #define USER_NAME "ben"
| #define HOST_NAME "ben-VirtualBox"
| #define SYSTEM_TYPE "i686-pc-linux-gnu"
| #define HAVE_LIBM 1
| #define HAVE_PTHREAD_PRIO_INHERIT 1
| #define HAVE_LIBPTHREAD 1
| #define HAVE_ZLIB_H 1
| #define HAVE_LIBZ 1
| #define HAVE_NETCDF_H 1
| #define HAVE_LIBNETCDF 1
| #define HAVE_NETCDF2 1
| #define HAVE_NETCDF4 1
| #define HAVE_LIBGRIB 1
| #define HAVE_LIBCGRIBEX 1
| #define HAVE_LIBSERVICE 1
| #define HAVE_LIBEXTRA 1
| #define HAVE_LIBIEG 1
| /* end confdefs.h.  */
| /* Define grib_get_length to an innocuous variant, in case <limits.h> declares grib_get_length.
|    For example, HP-UX 11i <limits.h> declares gettimeofday.  */
| #define grib_get_length innocuous_grib_get_length
| 
| /* System header to define __stub macros and hopefully few prototypes,
|     which can conflict with char grib_get_length (); below.
|     Prefer <limits.h> to <assert.h> if __STDC__ is defined, since
|     <limits.h> exists even on freestanding compilers.  */
| 
| #ifdef __STDC__
| # include <limits.h>
| #else
| # include <assert.h>
| #endif
| 
| #undef grib_get_length
| 
| /* Override any GCC internal prototype to avoid an error.
|    Use char because int might match the return type of a GCC
|    builtin and then its argument prototype would still apply.  */
| #ifdef __cplusplus
| extern "C"
| #endif
| char grib_get_length ();
| /* The GNU C library defines this for functions which it implements
|     to always fail with ENOSYS.  Some functions are actually named
|     something starting with __ and the normal name is an alias.  */
| #if defined __stub_grib_get_length || defined __stub___grib_get_length
| choke me
| #endif
| 
| int
| main ()
| {
| return grib_get_length ();
|   ;
|   return 0;
| }
configure:28643: result: no
configure:29214: checking for pkg-config
configure:29232: found /usr/bin/pkg-config
configure:29244: result: /usr/bin/pkg-config
configure:29269: checking pkg-config is at least version 0.9.0
configure:29272: result: yes
configure:30119: checking C preprocessor flags for Fortran calling convention cfortran.h
configure:30278: result: -DgFortran (probed)
configure:30317: checking if C externals constructed with cfortran.h work
configure:30378: gcc -std=gnu99 -c -g -O2 -pthread -I./src -DgFortran conftest.c >&5
configure:30378: $? = 0
configure:30379: Renaming C object file.
configure:30382: $? = 0
configure:30406: no -c   conftest.f >&5
./configure: line 1819: no: command not found
configure:30406: $? = 127
configure: failed program was:
|       MODULE conftest_data
|       IMPLICIT NONE
|       PRIVATE
|       REAL :: ri
|       PUBLIC :: ri
|       END MODULE conftest_data
| 
|       FUNCTION conftest_f(v) RESULT(r)
|       USE conftest_data, ONLY: ri
|       REAL, INTENT(in) :: v
|       REAL :: r
|       r = v * 100.0
|       ri = 1.0 / v
|       END FUNCTION conftest_f
configure:30514: result: error compiling Fortran subroutine
configure:30529: compilation of simple Fortran source failed!
configure:30535: Disabling cfortran.h bindings generation
configure:30673: checking that generated files are newer than configure
configure:30679: result: done
configure:30771: creating ./config.status
configure:33803: CDI is configured with the following options:

## ---------------------- ##
## Running config.status. ##
## ---------------------- ##

This file was extended by cdi config.status 1.7.0rc3, which was
generated by GNU Autoconf 2.68.  Invocation command line was

  CONFIG_FILES    = 
  CONFIG_HEADERS  = 
  CONFIG_LINKS    = 
  CONFIG_COMMANDS = 
  $ ./config.status cdi.settings

on ben-VirtualBox

config.status:1435: creating cdi.settings
configure:33823:

  Configuration completed.

    You can now say 'make' to compile the CDI package and 'make install' to install it afterwards.


## ---------------- ##
## Cache variables. ##
## ---------------- ##

ac_cv_build=i686-pc-linux-gnu
ac_cv_c_bigendian=no
ac_cv_c_compiler_gnu=yes
ac_cv_c_restrict=__restrict
ac_cv_cxx_compiler_gnu=yes
ac_cv_env_BUILD_CC_set=
ac_cv_env_BUILD_CC_value=
ac_cv_env_BUILD_CFLAGS_set=
ac_cv_env_BUILD_CFLAGS_value=
ac_cv_env_BUILD_CXX_set=
ac_cv_env_BUILD_CXX_value=
ac_cv_env_BUILD_C_INCLUDE_set=
ac_cv_env_BUILD_C_INCLUDE_value=
ac_cv_env_BUILD_F77_set=
ac_cv_env_BUILD_F77_value=
ac_cv_env_BUILD_FCFLAGS_set=
ac_cv_env_BUILD_FCFLAGS_value=
ac_cv_env_BUILD_FC_INCLUDE_set=
ac_cv_env_BUILD_FC_INCLUDE_value=
ac_cv_env_BUILD_FC_set=
ac_cv_env_BUILD_FC_value=
ac_cv_env_BUILD_LDFLAGS_set=
ac_cv_env_BUILD_LDFLAGS_value=
ac_cv_env_BUILD_LIBS_set=
ac_cv_env_BUILD_LIBS_value=
ac_cv_env_BUILD_MPI_C_LIB_set=
ac_cv_env_BUILD_MPI_C_LIB_value=
ac_cv_env_BUILD_MPI_FC_LIB_set=
ac_cv_env_BUILD_MPI_FC_LIB_value=
ac_cv_env_CCC_set=
ac_cv_env_CCC_value=
ac_cv_env_CC_set=
ac_cv_env_CC_value=
ac_cv_env_CFLAGS_set=
ac_cv_env_CFLAGS_value=
ac_cv_env_CPPFLAGS_set=
ac_cv_env_CPPFLAGS_value=
ac_cv_env_CPP_set=
ac_cv_env_CPP_value=
ac_cv_env_CXXCPP_set=
ac_cv_env_CXXCPP_value=
ac_cv_env_CXXFLAGS_set=
ac_cv_env_CXXFLAGS_value=
ac_cv_env_CXX_set=
ac_cv_env_CXX_value=
ac_cv_env_F77_set=
ac_cv_env_F77_value=
ac_cv_env_FCFLAGS_set=
ac_cv_env_FCFLAGS_value=
ac_cv_env_FCMODEXT_set=
ac_cv_env_FCMODEXT_value=
ac_cv_env_FC_set=set
ac_cv_env_FC_value=no
ac_cv_env_FFLAGS_set=
ac_cv_env_FFLAGS_value=
ac_cv_env_FPPFLAGS_set=
ac_cv_env_FPPFLAGS_value=
ac_cv_env_FPP_set=
ac_cv_env_FPP_value=
ac_cv_env_LDFLAGS_set=
ac_cv_env_LDFLAGS_value=
ac_cv_env_LIBS_set=
ac_cv_env_LIBS_value=
ac_cv_env_MPI_C_INCLUDE_set=
ac_cv_env_MPI_C_INCLUDE_value=
ac_cv_env_MPI_C_LIB_set=
ac_cv_env_MPI_C_LIB_value=
ac_cv_env_MPI_FC_INCLUDE_set=
ac_cv_env_MPI_FC_INCLUDE_value=
ac_cv_env_MPI_FC_LIB_set=
ac_cv_env_MPI_FC_LIB_value=
ac_cv_env_PKG_CONFIG_LIBDIR_set=
ac_cv_env_PKG_CONFIG_LIBDIR_value=
ac_cv_env_PKG_CONFIG_PATH_set=
ac_cv_env_PKG_CONFIG_PATH_value=
ac_cv_env_PKG_CONFIG_set=
ac_cv_env_PKG_CONFIG_value=
ac_cv_env_PPM_CORE_CFLAGS_set=
ac_cv_env_PPM_CORE_CFLAGS_value=
ac_cv_env_PPM_CORE_LIBS_set=
ac_cv_env_PPM_CORE_LIBS_value=
ac_cv_env_YAXT_CFLAGS_set=
ac_cv_env_YAXT_CFLAGS_value=
ac_cv_env_YAXT_LIBS_set=
ac_cv_env_YAXT_LIBS_value=
ac_cv_env_build_alias_set=
ac_cv_env_build_alias_value=
ac_cv_env_host_alias_set=
ac_cv_env_host_alias_value=
ac_cv_env_target_alias_set=
ac_cv_env_target_alias_value=
ac_cv_f77_compiler_gnu=yes
ac_cv_fc_compiler_gnu=no
ac_cv_func_getline=yes
ac_cv_func_getpagesize=yes
ac_cv_func_grib_get_length=no
ac_cv_func_mallinfo=yes
ac_cv_func_mmap_fixed_mapped=yes
ac_cv_func_uuid_create=no
ac_cv_have_decl___builtin_ctz=yes
ac_cv_have_decl_isnan=yes
ac_cv_header_dlfcn_h=yes
ac_cv_header_execinfo_h=yes
ac_cv_header_inttypes_h=yes
ac_cv_header_malloc_h=yes
ac_cv_header_memory_h=yes
ac_cv_header_netcdf_h=yes
ac_cv_header_stdc=yes
ac_cv_header_stdint_h=yes
ac_cv_header_stdlib_h=yes
ac_cv_header_string_h=yes
ac_cv_header_strings_h=yes
ac_cv_header_sys_param_h=yes
ac_cv_header_sys_stat_h=yes
ac_cv_header_sys_types_h=yes
ac_cv_header_unistd_h=yes
ac_cv_header_uuid_h=no
ac_cv_header_uuid_uuid_h=no
ac_cv_header_zlib_h=yes
ac_cv_host=i686-pc-linux-gnu
ac_cv_lib_m_floor=yes
ac_cv_lib_malloc_malloc=no
ac_cv_lib_uuid_uuid_generate=no
ac_cv_member_struct_stat_st_blksize=yes
ac_cv_objext=o
ac_cv_path_EGREP='/bin/grep -E'
ac_cv_path_FGREP='/bin/grep -F'
ac_cv_path_GREP=/bin/grep
ac_cv_path_SED=/bin/sed
ac_cv_path_ac_pt_PKG_CONFIG=/usr/bin/pkg-config
ac_cv_path_install='/usr/bin/install -c'
ac_cv_path_mkdir=/bin/mkdir
ac_cv_prog_AWK=gawk
ac_cv_prog_CPP='gcc -std=gnu99 -E'
ac_cv_prog_CXXCPP='g++ -E'
ac_cv_prog_NC_CONFIG=nc-config
ac_cv_prog_ac_ct_AR=ar
ac_cv_prog_ac_ct_CC=gcc
ac_cv_prog_ac_ct_CXX=g++
ac_cv_prog_ac_ct_F77=gfortran
ac_cv_prog_ac_ct_MANIFEST_TOOL=mt
ac_cv_prog_ac_ct_OBJDUMP=objdump
ac_cv_prog_ac_ct_RANLIB=ranlib
ac_cv_prog_ac_ct_STRIP=strip
ac_cv_prog_cc_c89=
ac_cv_prog_cc_c99=-std=gnu99
ac_cv_prog_cc_g=yes
ac_cv_prog_cxx_g=yes
ac_cv_prog_f77_g=yes
ac_cv_prog_fc_g=no
ac_cv_prog_make_make_set=yes
ac_cv_search_backtrace='none required'
ac_cv_search_deflate=-lz
ac_cv_search_nc_open=-lnetcdf
ac_cv_sys_file_offset_bits=64
ac_cv_sys_largefile_CC=no
acx_cv_cf_flag='-DgFortran (probed)'
acx_cv_cfortran_works=no
acx_cv_disable_shared=no
acx_cv_f77_cf_flag=-DgFortran
am_cv_CC_dependencies_compiler_type=gcc3
am_cv_CXX_dependencies_compiler_type=gcc3
am_cv_make_support_nested_variables=yes
am_cv_prog_cc_c_o=yes
ax_cv_PTHREAD_PRIO_INHERIT=yes
ax_cv_proto_backtrace_type=int
lt_cv_ar_at_file=@
lt_cv_archive_cmds_need_lc=no
lt_cv_deplibs_check_method=pass_all
lt_cv_file_magic_cmd='$MAGIC_CMD'
lt_cv_file_magic_test_file=
lt_cv_ld_reload_flag=-r
lt_cv_nm_interface='BSD nm'
lt_cv_objdir=.libs
lt_cv_path_LD=/usr/bin/ld
lt_cv_path_LDCXX=/usr/bin/ld
lt_cv_path_NM='/usr/bin/nm -B'
lt_cv_path_mainfest_tool=no
lt_cv_prog_compiler_c_o=yes
lt_cv_prog_compiler_c_o_CXX=yes
lt_cv_prog_compiler_c_o_F77=yes
lt_cv_prog_compiler_pic='-fPIC -DPIC'
lt_cv_prog_compiler_pic_CXX='-fPIC -DPIC'
lt_cv_prog_compiler_pic_F77=-fPIC
lt_cv_prog_compiler_pic_works=yes
lt_cv_prog_compiler_pic_works_CXX=yes
lt_cv_prog_compiler_pic_works_F77=yes
lt_cv_prog_compiler_rtti_exceptions=no
lt_cv_prog_compiler_static_works=yes
lt_cv_prog_compiler_static_works_CXX=yes
lt_cv_prog_compiler_static_works_F77=yes
lt_cv_prog_gnu_ld=yes
lt_cv_prog_gnu_ldcxx=yes
lt_cv_sharedlib_from_linklib_cmd='printf %s\n'
lt_cv_shlibpath_overrides_runpath=no
lt_cv_sys_global_symbol_pipe='sed -n -e '\''s/^.*[	 ]\([ABCDGIRSTW][ABCDGIRSTW]*\)[	 ][	 ]*\([_A-Za-z][_A-Za-z0-9]*\)$/\1 \2 \2/p'\'' | sed '\''/ __gnu_lto/d'\'''
lt_cv_sys_global_symbol_to_c_name_address='sed -n -e '\''s/^: \([^ ]*\)[ ]*$/  {\"\1\", (void *) 0},/p'\'' -e '\''s/^[ABCDGIRSTW]* \([^ ]*\) \([^ ]*\)$/  {"\2", (void *) \&\2},/p'\'''
lt_cv_sys_global_symbol_to_c_name_address_lib_prefix='sed -n -e '\''s/^: \([^ ]*\)[ ]*$/  {\"\1\", (void *) 0},/p'\'' -e '\''s/^[ABCDGIRSTW]* \([^ ]*\) \(lib[^ ]*\)$/  {"\2", (void *) \&\2},/p'\'' -e '\''s/^[ABCDGIRSTW]* \([^ ]*\) \([^ ]*\)$/  {"lib\2", (void *) \&\2},/p'\'''
lt_cv_sys_global_symbol_to_cdecl='sed -n -e '\''s/^T .* \(.*\)$/extern int \1();/p'\'' -e '\''s/^[ABCDGIRSTW]* .* \(.*\)$/extern char \1;/p'\'''
lt_cv_sys_max_cmd_len=805306365
lt_cv_to_host_file_cmd=func_convert_file_noop
lt_cv_to_tool_file_cmd=func_convert_file_noop

## ----------------- ##
## Output variables. ##
## ----------------- ##

ACLOCAL='${SHELL} /home/ben/amuse/amuse-svn/src/omuse/community/remapper/src/libcdi/config/missing aclocal-1.14'
AMDEPBACKSLASH='\'
AMDEP_FALSE='#'
AMDEP_TRUE=''
AMTAR='$${TAR-tar}'
AM_BACKSLASH='\'
AM_DEFAULT_V='$(AM_DEFAULT_VERBOSITY)'
AM_DEFAULT_VERBOSITY='1'
AM_V='$(V)'
AR='ar'
AUTOCONF='${SHELL} /home/ben/amuse/amuse-svn/src/omuse/community/remapper/src/libcdi/config/missing autoconf'
AUTOHEADER='${SHELL} /home/ben/amuse/amuse-svn/src/omuse/community/remapper/src/libcdi/config/missing autoheader'
AUTOMAKE='${SHELL} /home/ben/amuse/amuse-svn/src/omuse/community/remapper/src/libcdi/config/missing automake-1.14'
AWK='gawk'
BUILD_CC=''
BUILD_CFLAGS=''
BUILD_CXX=''
BUILD_C_INCLUDE=''
BUILD_F77=''
BUILD_FC=''
BUILD_FCFLAGS=''
BUILD_FC_INCLUDE=''
BUILD_LDFLAGS=''
BUILD_LIBS=''
BUILD_MPI_C_LIB=''
BUILD_MPI_FC_LIB=''
CC='gcc -std=gnu99'
CCDEPMODE='depmode=gcc3'
CDI_F90_INTERFACE_FCFLAGS=''
CFLAGS='-g -O2 -pthread'
CPP='gcc -std=gnu99 -E'
CPPFLAGS='-DgFortran'
CREATE_INTERFACES_FALSE=''
CREATE_INTERFACES_TRUE='#'
CREATE_ISOC_FALSE=''
CREATE_ISOC_TRUE='#'
CXX='g++'
CXXCPP='g++ -E'
CXXDEPMODE='depmode=gcc3'
CXXFLAGS='-g -O2'
CYGPATH_W='echo'
DEFS='-DHAVE_CONFIG_H'
DEPDIR='.deps'
DLLTOOL='false'
DSYMUTIL=''
DUMPBIN=''
ECHO_C=''
ECHO_N='-n'
ECHO_T=''
EGREP='/bin/grep -E'
ENABLE_ALL_STATIC_FALSE=''
ENABLE_ALL_STATIC_TRUE='#'
ENABLE_CDI_LIB='true'
ENABLE_CDI_LIB_FALSE='#'
ENABLE_CDI_LIB_TRUE=''
ENABLE_CGRIBEX='yes'
ENABLE_EXTRA='yes'
ENABLE_F2003_ISOC='no'
ENABLE_GRIB='yes'
ENABLE_IEG='yes'
ENABLE_MPI='false'
ENABLE_NC2='yes'
ENABLE_NC4='yes'
ENABLE_NETCDF='yes'
ENABLE_NETCDF_FALSE='#'
ENABLE_NETCDF_TRUE=''
ENABLE_PYTHON='false'
ENABLE_PYTHON_FALSE=''
ENABLE_PYTHON_TRUE='#'
ENABLE_RUBY='false'
ENABLE_RUBY_FALSE=''
ENABLE_RUBY_TRUE='#'
ENABLE_SERVICE='yes'
ENABLE_SWIG_FALSE=''
ENABLE_SWIG_TRUE='#'
EXEEXT=''
F77='gfortran'
FC='no'
FCFLAGS=''
FCFLAGS_f90=''
FCMODCASE=''
FCMODEXT=''
FC_MOD_FLAG=''
FFLAGS='-g -O2'
FGREP='/bin/grep -F'
FPP=''
FPPFLAGS=''
FPP_DEFOPT=''
FPP_INCOPT=''
GREP='/bin/grep'
GRIB_API_INCLUDE=''
GRIB_API_LIBS=''
HAVE_LIBGRIB_API_FALSE=''
HAVE_LIBGRIB_API_TRUE='#'
HAVE_PARALLEL_NC4='0'
HDF5_INCLUDE=''
HDF5_LIBS=''
HDF5_ROOT=''
HOST_NAME='ben-VirtualBox'
INSTALL_DATA='${INSTALL} -m 644'
INSTALL_PROGRAM='${INSTALL}'
INSTALL_SCRIPT='${INSTALL}'
INSTALL_STRIP_PROGRAM='$(install_sh) -c -s'
JASPER_LIBS=''
LD='/usr/bin/ld'
LDFLAGS=''
LIBOBJS=''
LIBPNG_LIBS=''
LIBS='-lnetcdf -lz  -lm '
LIBTOOL='$(SHELL) $(top_builddir)/libtool'
LIPO=''
LN_S='ln -s'
LTLIBOBJS=''
MAINT='#'
MAINTAINER_MODE_FALSE=''
MAINTAINER_MODE_TRUE='#'
MAKEINFO='${SHELL} /home/ben/amuse/amuse-svn/src/omuse/community/remapper/src/libcdi/config/missing makeinfo'
MANIFEST_TOOL=':'
MKDIR_P='/bin/mkdir -p'
MPIROOT=''
MPI_C_INCLUDE=''
MPI_C_LIB=''
MPI_FC_INCLUDE=''
MPI_FC_LIB=''
MPI_LAUNCH='/home/ben/amuse/amuse-svn/src/omuse/community/remapper/src/libcdi/util/serialrun'
NC_CONFIG='nc-config'
NETCDF_INCLUDE=''
NETCDF_LIBS=' -lnetcdf'
NETCDF_ROOT=''
NM='/usr/bin/nm -B'
NMEDIT=''
OBJDUMP='objdump'
OBJEXT='o'
OPENJPEG_LIBS=''
OTOOL64=''
OTOOL=''
PACKAGE='cdi'
PACKAGE_BUGREPORT='http://mpimet.mpg.de/cdi'
PACKAGE_NAME='cdi'
PACKAGE_STRING='cdi 1.7.0rc3'
PACKAGE_TARNAME='cdi'
PACKAGE_URL=''
PACKAGE_VERSION='1.7.0rc3'
PATH_SEPARATOR=':'
PKG_CONFIG='/usr/bin/pkg-config'
PKG_CONFIG_LIBDIR=''
PKG_CONFIG_PATH=''
PPM_CORE_CFLAGS=''
PPM_CORE_LIBS=''
PTHREAD_CC='gcc -std=gnu99'
PTHREAD_CFLAGS='-pthread'
PTHREAD_LIBS=''
PYTHON=''
RANLIB='ranlib'
RUBY=''
SED='/bin/sed'
SET_MAKE=''
SHELL='/bin/bash'
STRIP='strip'
SWIG=''
SYSTEM_TYPE='i686-pc-linux-gnu'
SZLIB_INCLUDE=''
SZLIB_LIBS=''
THREADS_INCLUDE=''
THREADS_LIBS=''
USER_NAME='ben'
USE_FC_FALSE=''
USE_FC_TRUE='#'
USE_MPI=''
USE_MPI_FALSE=''
USE_MPI_TRUE='#'
USE_PPM_CORE_FALSE=''
USE_PPM_CORE_TRUE='#'
UUID_C_LIB=''
VERSION='1.7.0rc3'
YAXT_CFLAGS=''
YAXT_LIBS=''
ZLIB_INCLUDE=''
ZLIB_LIBS=' -lz'
ac_ct_AR='ar'
ac_ct_CC='gcc'
ac_ct_CXX='g++'
ac_ct_DUMPBIN=''
ac_ct_F77='gfortran'
ac_ct_FC=''
am__EXEEXT_FALSE=''
am__EXEEXT_TRUE='#'
am__fastdepCC_FALSE='#'
am__fastdepCC_TRUE=''
am__fastdepCXX_FALSE='#'
am__fastdepCXX_TRUE=''
am__include='include'
am__isrc=''
am__leading_dot='.'
am__nodep='_no'
am__quote=''
am__tar='$${TAR-tar} chof - "$$tardir"'
am__untar='$${TAR-tar} xf -'
ax_pthread_config=''
bindir='${exec_prefix}/bin'
build='i686-pc-linux-gnu'
build_alias=''
build_cpu='i686'
build_os='linux-gnu'
build_vendor='pc'
datadir='${datarootdir}'
datarootdir='${prefix}/share'
docdir='${datarootdir}/doc/${PACKAGE_TARNAME}'
dvidir='${docdir}'
exec_prefix='${prefix}'
host='i686-pc-linux-gnu'
host_alias=''
host_cpu='i686'
host_os='linux-gnu'
host_vendor='pc'
htmldir='${docdir}'
includedir='${prefix}/include'
infodir='${datarootdir}/info'
install_sh='${SHELL} /home/ben/amuse/amuse-svn/src/omuse/community/remapper/src/libcdi/config/install-sh'
libdir='${exec_prefix}/lib'
libexecdir='${exec_prefix}/libexec'
localedir='${datarootdir}/locale'
localstatedir='${prefix}/var'
mandir='${datarootdir}/man'
mkdir_p='$(MKDIR_P)'
oldincludedir='/usr/include'
openjpeg_LIBS=''
pdfdir='${docdir}'
prefix='/usr/local'
program_transform_name='s,x,x,'
psdir='${docdir}'
sbindir='${exec_prefix}/sbin'
sharedstatedir='${prefix}/com'
sysconfdir='${prefix}/etc'
target_alias=''

## ----------- ##
## confdefs.h. ##
## ----------- ##

/* confdefs.h */
#define PACKAGE_NAME "cdi"
#define PACKAGE_TARNAME "cdi"
#define PACKAGE_VERSION "1.7.0rc3"
#define PACKAGE_STRING "cdi 1.7.0rc3"
#define PACKAGE_BUGREPORT "http://mpimet.mpg.de/cdi"
#define PACKAGE_URL ""
#define PACKAGE "cdi"
#define VERSION "1.7.0rc3"
#define restrict __restrict
#define STDC_HEADERS 1
#define HAVE_SYS_TYPES_H 1
#define HAVE_SYS_STAT_H 1
#define HAVE_STDLIB_H 1
#define HAVE_STRING_H 1
#define HAVE_MEMORY_H 1
#define HAVE_STRINGS_H 1
#define HAVE_INTTYPES_H 1
#define HAVE_STDINT_H 1
#define HAVE_UNISTD_H 1
#define HAVE_DLFCN_H 1
#define LT_OBJDIR ".libs/"
#define _FILE_OFFSET_BITS 64
#define HAVE_STDLIB_H 1
#define HAVE_UNISTD_H 1
#define HAVE_SYS_PARAM_H 1
#define HAVE_GETPAGESIZE 1
#define HAVE_MMAP 1
#define HAVE_STRUCT_STAT_ST_BLKSIZE 1
#define HAVE_MALLOC_H 1
#define HAVE_EXECINFO_H 1
#define backtrace_size_t int
#define HAVE_BACKTRACE 1
#define HAVE_MALLINFO 1
#define HAVE_GETLINE 1
#define HAVE_DECL_ISNAN 1
#define HAVE_DECL___BUILTIN_CTZ 1
#define COMP_VERSION "gcc (Ubuntu 4.8.2-19ubuntu1) 4.8.2"
#define USER_NAME "ben"
#define HOST_NAME "ben-VirtualBox"
#define SYSTEM_TYPE "i686-pc-linux-gnu"
#define HAVE_LIBM 1
#define HAVE_PTHREAD_PRIO_INHERIT 1
#define HAVE_LIBPTHREAD 1
#define HAVE_ZLIB_H 1
#define HAVE_LIBZ 1
#define HAVE_NETCDF_H 1
#define HAVE_LIBNETCDF 1
#define HAVE_NETCDF2 1
#define HAVE_NETCDF4 1
#define HAVE_LIBGRIB 1
#define HAVE_LIBCGRIBEX 1
#define HAVE_LIBSERVICE 1
#define HAVE_LIBEXTRA 1
#define HAVE_LIBIEG 1
#define COMPILER "gcc -std=gnu99 -g -O2 -pthread"

configure: exit 0

## ---------------------- ##
## Running config.status. ##
## ---------------------- ##

This file was extended by cdi config.status 1.7.0rc3, which was
generated by GNU Autoconf 2.68.  Invocation command line was

  CONFIG_FILES    = 
  CONFIG_HEADERS  = 
  CONFIG_LINKS    = 
  CONFIG_COMMANDS = 
  $ ./config.status 

on ben-VirtualBox

config.status:1435: creating tests/test_cksum_grib
config.status:1435: creating tests/test_cksum_nc
config.status:1435: creating tests/test_cksum_nc2
config.status:1435: creating tests/test_cksum_nc4
config.status:1435: creating tests/test_cksum_extra
config.status:1435: creating tests/test_cksum_service
config.status:1435: creating tests/test_cksum_ieg
config.status:1435: creating tests/test_chunk_cksum
config.status:1435: creating tests/test_f2003
config.status:1435: creating tests/pio_write_run
config.status:1435: creating tests/pio_write_deco2d_run
config.status:1435: creating tests/pio_cksum_mpinonb
config.status:1435: creating tests/pio_cksum_fpguard
config.status:1435: creating tests/pio_cksum_asynch
config.status:1435: creating tests/pio_cksum_writer
config.status:1435: creating tests/pio_cksum_cdf
config.status:1435: creating tests/test_resource_copy_mpi_run
config.status:1435: creating tests/test_cdf_transformation
config.status:1435: creating tables/gen_tableheaderfile
config.status:1435: creating util/serialrun
config.status:1435: creating Makefile
config.status:1435: creating src/Makefile
config.status:1435: creating interfaces/Makefile
config.status:1435: creating app/Makefile
config.status:1435: creating tests/Makefile
config.status:1435: creating examples/Makefile
config.status:1435: creating cdi.settings
config.status:1435: creating examples/pio/Makefile
config.status:1435: creating src/pkgconfig/cdi.pc
config.status:1435: creating src/pkgconfig/cdipio.pc
config.status:1435: creating src/config.h
config.status:1616: src/config.h is unchanged
config.status:1664: executing depfiles commands
config.status:1664: executing libtool commands

## ---------------------- ##
## Running config.status. ##
## ---------------------- ##

This file was extended by cdi config.status 1.7.0rc3, which was
generated by GNU Autoconf 2.68.  Invocation command line was

  CONFIG_FILES    = 
  CONFIG_HEADERS  = 
  CONFIG_LINKS    = 
  CONFIG_COMMANDS = 
  $ ./config.status src/pkgconfig/cdi.pc

on ben-VirtualBox

config.status:1435: creating src/pkgconfig/cdi.pc
