This file contains any messages produced by compilers while
running configure, to aid debugging if configure makes a mistake.

It was created by cdo configure 1.7.0rc5, which was
generated by GNU Autoconf 2.68.  Invocation command line was

  $ ./configure --with-netcdf --no-create --no-recursion

## --------- ##
## Platform. ##
## --------- ##

hostname = ben-VirtualBox
uname -m = i686
uname -r = 3.13.0-46-generic
uname -s = Linux
uname -v = #77-Ubuntu SMP Mon Mar 2 18:26:13 UTC 2015

/usr/bin/uname -p = unknown
/bin/uname -X     = unknown

/bin/arch              = unknown
/usr/bin/arch -k       = unknown
/usr/convex/getsysinfo = unknown
/usr/bin/hostinfo      = unknown
/bin/machine           = unknown
/usr/bin/oslevel       = unknown
/bin/universe          = unknown

PATH: /home/ben/bin
PATH: /home/ben/bin
PATH: /usr/local/sbin
PATH: /usr/local/bin
PATH: /usr/sbin
PATH: /usr/bin
PATH: /sbin
PATH: /bin
PATH: /usr/games
PATH: /usr/local/games


## ----------- ##
## Core tests. ##
## ----------- ##

configure:2611: checking build system type
configure:2625: result: i686-pc-linux-gnu
configure:2645: checking host system type
configure:2658: result: i686-pc-linux-gnu
configure:2697: checking for a BSD-compatible install
configure:2765: result: /usr/bin/install -c
configure:2776: checking whether build environment is sane
configure:2831: result: yes
configure:2982: checking for a thread-safe mkdir -p
configure:3021: result: /bin/mkdir -p
configure:3028: checking for gawk
configure:3044: found /usr/bin/gawk
configure:3055: result: gawk
configure:3066: checking whether make sets $(MAKE)
configure:3088: result: yes
configure:3117: checking whether make supports nested variables
configure:3134: result: yes
configure:3262: checking whether to enable maintainer-specific portions of Makefiles
configure:3271: result: no
configure:3298: checking for style of include used by make
configure:3326: result: GNU
configure:3397: checking for gcc
configure:3413: found /usr/bin/gcc
configure:3424: result: gcc
configure:3653: checking for C compiler version
configure:3662: gcc --version >&5
gcc (Ubuntu 4.8.2-19ubuntu1) 4.8.2
Copyright (C) 2013 Free Software Foundation, Inc.
This is free software; see the source for copying conditions.  There is NO
warranty; not even for MERCHANTABILITY or FITNESS FOR A PARTICULAR PURPOSE.

configure:3673: $? = 0
configure:3662: gcc -v >&5
Using built-in specs.
COLLECT_GCC=gcc
COLLECT_LTO_WRAPPER=/usr/lib/gcc/i686-linux-gnu/4.8/lto-wrapper
Target: i686-linux-gnu
Configured with: ../src/configure -v --with-pkgversion='Ubuntu 4.8.2-19ubuntu1' --with-bugurl=file:///usr/share/doc/gcc-4.8/README.Bugs --enable-languages=c,c++,java,go,d,fortran,objc,obj-c++ --prefix=/usr --program-suffix=-4.8 --enable-shared --enable-linker-build-id --libexecdir=/usr/lib --without-included-gettext --enable-threads=posix --with-gxx-include-dir=/usr/include/c++/4.8 --libdir=/usr/lib --enable-nls --with-sysroot=/ --enable-clocale=gnu --enable-libstdcxx-debug --enable-libstdcxx-time=yes --enable-gnu-unique-object --disable-libmudflap --enable-plugin --with-system-zlib --disable-browser-plugin --enable-java-awt=gtk --enable-gtk-cairo --with-java-home=/usr/lib/jvm/java-1.5.0-gcj-4.8-i386/jre --enable-java-home --with-jvm-root-dir=/usr/lib/jvm/java-1.5.0-gcj-4.8-i386 --with-jvm-jar-dir=/usr/lib/jvm-exports/java-1.5.0-gcj-4.8-i386 --with-arch-directory=i386 --with-ecj-jar=/usr/share/java/eclipse-ecj.jar --enable-objc-gc --enable-targets=all --enable-multiarch --disable-werror --with-arch-32=i686 --with-multilib-list=m32,m64,mx32 --with-tune=generic --enable-checking=release --build=i686-linux-gnu --host=i686-linux-gnu --target=i686-linux-gnu
Thread model: posix
gcc version 4.8.2 (Ubuntu 4.8.2-19ubuntu1) 
configure:3673: $? = 0
configure:3662: gcc -V >&5
gcc: error: unrecognized command line option '-V'
gcc: fatal error: no input files
compilation terminated.
configure:3673: $? = 4
configure:3662: gcc -qversion >&5
gcc: error: unrecognized command line option '-qversion'
gcc: fatal error: no input files
compilation terminated.
configure:3673: $? = 4
configure:3693: checking whether the C compiler works
configure:3715: gcc    conftest.c  >&5
configure:3719: $? = 0
configure:3767: result: yes
configure:3770: checking for C compiler default output file name
configure:3772: result: a.out
configure:3778: checking for suffix of executables
configure:3785: gcc -o conftest    conftest.c  >&5
configure:3789: $? = 0
configure:3811: result: 
configure:3833: checking whether we are cross compiling
configure:3841: gcc -o conftest    conftest.c  >&5
configure:3845: $? = 0
configure:3852: ./conftest
configure:3856: $? = 0
configure:3871: result: no
configure:3876: checking for suffix of object files
configure:3898: gcc -c   conftest.c >&5
configure:3902: $? = 0
configure:3923: result: o
configure:3927: checking whether we are using the GNU C compiler
configure:3946: gcc -c   conftest.c >&5
configure:3946: $? = 0
configure:3955: result: yes
configure:3964: checking whether gcc accepts -g
configure:3984: gcc -c -g  conftest.c >&5
configure:3984: $? = 0
configure:4025: result: yes
configure:4042: checking for gcc option to accept ISO C89
configure:4106: gcc  -c -g -O2  conftest.c >&5
configure:4106: $? = 0
configure:4119: result: none needed
configure:4144: checking whether gcc understands -c and -o together
configure:4166: gcc -c conftest.c -o conftest2.o
configure:4169: $? = 0
configure:4166: gcc -c conftest.c -o conftest2.o
configure:4169: $? = 0
configure:4181: result: yes
configure:4200: checking dependency style of gcc
configure:4311: result: gcc3
configure:4376: checking for ar
configure:4392: found /usr/bin/ar
configure:4403: result: ar
configure:4429: checking the archiver (ar) interface
configure:4445: gcc -c -g -O2  conftest.c >&5
configure:4445: $? = 0
configure:4447: ar cru libconftest.a conftest.o >&5
configure:4450: $? = 0
configure:4478: result: ar
configure:4499: setting up libtool
configure:4547: checking how to print strings
configure:4574: result: printf
configure:4595: checking for a sed that does not truncate output
configure:4659: result: /bin/sed
configure:4677: checking for grep that handles long lines and -e
configure:4735: result: /bin/grep
configure:4740: checking for egrep
configure:4802: result: /bin/grep -E
configure:4807: checking for fgrep
configure:4869: result: /bin/grep -F
configure:4904: checking for ld used by gcc
configure:4971: result: /usr/bin/ld
configure:4978: checking if the linker (/usr/bin/ld) is GNU ld
configure:4993: result: yes
configure:5005: checking for BSD- or MS-compatible name lister (nm)
configure:5054: result: /usr/bin/nm -B
configure:5184: checking the name lister (/usr/bin/nm -B) interface
configure:5191: gcc -c -g -O2  conftest.c >&5
configure:5194: /usr/bin/nm -B "conftest.o"
configure:5197: output
00000000 B some_variable
configure:5204: result: BSD nm
configure:5207: checking whether ln -s works
configure:5211: result: yes
configure:5219: checking the maximum length of command line arguments
configure:5349: result: 805306365
configure:5366: checking whether the shell understands some XSI constructs
configure:5376: result: yes
configure:5380: checking whether the shell understands "+="
configure:5386: result: yes
configure:5421: checking how to convert i686-pc-linux-gnu file names to i686-pc-linux-gnu format
configure:5461: result: func_convert_file_noop
configure:5468: checking how to convert i686-pc-linux-gnu file names to toolchain format
configure:5488: result: func_convert_file_noop
configure:5495: checking for /usr/bin/ld option to reload object files
configure:5502: result: -r
configure:5576: checking for objdump
configure:5592: found /usr/bin/objdump
configure:5603: result: objdump
configure:5635: checking how to recognize dependent libraries
configure:5837: result: pass_all
configure:5922: checking for dlltool
configure:5952: result: no
configure:5982: checking how to associate runtime and link libraries
configure:6009: result: printf %s\n
configure:6133: checking for archiver @FILE support
configure:6150: gcc -c -g -O2  conftest.c >&5
configure:6150: $? = 0
configure:6153: ar cru libconftest.a @conftest.lst >&5
configure:6156: $? = 0
configure:6161: ar cru libconftest.a @conftest.lst >&5
ar: conftest.o: No such file or directory
configure:6164: $? = 1
configure:6176: result: @
configure:6234: checking for strip
configure:6250: found /usr/bin/strip
configure:6261: result: strip
configure:6333: checking for ranlib
configure:6349: found /usr/bin/ranlib
configure:6360: result: ranlib
configure:6462: checking command to parse /usr/bin/nm -B output from gcc object
configure:6582: gcc -c -g -O2  conftest.c >&5
configure:6585: $? = 0
configure:6589: /usr/bin/nm -B conftest.o \| sed -n -e 's/^.*[ ]\([ABCDGIRSTW][ABCDGIRSTW]*\)[ ][ ]*\([_A-Za-z][_A-Za-z0-9]*\)$/\1 \2 \2/p' | sed '/ __gnu_lto/d' \> conftest.nm
configure:6592: $? = 0
configure:6658: gcc -o conftest -g -O2   conftest.c conftstm.o >&5
configure:6661: $? = 0
configure:6699: result: ok
configure:6736: checking for sysroot
configure:6766: result: no
configure:7022: checking for mt
configure:7038: found /bin/mt
configure:7049: result: mt
configure:7072: checking if mt is a manifest tool
configure:7078: mt '-?'
configure:7086: result: no
configure:7728: checking how to run the C preprocessor
configure:7759: gcc -E  conftest.c
configure:7759: $? = 0
configure:7773: gcc -E  conftest.c
conftest.c:12:28: fatal error: ac_nonexistent.h: No such file or directory
 #include <ac_nonexistent.h>
                            ^
compilation terminated.
configure:7773: $? = 1
configure: failed program was:
| /* confdefs.h */
| #define PACKAGE_NAME "cdo"
| #define PACKAGE_TARNAME "cdo"
| #define PACKAGE_VERSION "1.7.0rc5"
| #define PACKAGE_STRING "cdo 1.7.0rc5"
| #define PACKAGE_BUGREPORT "http://mpimet.mpg.de/cdo"
| #define PACKAGE_URL ""
| #define CDO "1.7.0rc5"
| #define PACKAGE "cdo"
| #define VERSION "1.7.0rc5"
| /* end confdefs.h.  */
| #include <ac_nonexistent.h>
configure:7798: result: gcc -E
configure:7818: gcc -E  conftest.c
configure:7818: $? = 0
configure:7832: gcc -E  conftest.c
conftest.c:12:28: fatal error: ac_nonexistent.h: No such file or directory
 #include <ac_nonexistent.h>
                            ^
compilation terminated.
configure:7832: $? = 1
configure: failed program was:
| /* confdefs.h */
| #define PACKAGE_NAME "cdo"
| #define PACKAGE_TARNAME "cdo"
| #define PACKAGE_VERSION "1.7.0rc5"
| #define PACKAGE_STRING "cdo 1.7.0rc5"
| #define PACKAGE_BUGREPORT "http://mpimet.mpg.de/cdo"
| #define PACKAGE_URL ""
| #define CDO "1.7.0rc5"
| #define PACKAGE "cdo"
| #define VERSION "1.7.0rc5"
| /* end confdefs.h.  */
| #include <ac_nonexistent.h>
configure:7861: checking for ANSI C header files
configure:7881: gcc -c -g -O2  conftest.c >&5
configure:7881: $? = 0
configure:7954: gcc -o conftest -g -O2   conftest.c  >&5
configure:7954: $? = 0
configure:7954: ./conftest
configure:7954: $? = 0
configure:7965: result: yes
configure:7978: checking for sys/types.h
configure:7978: gcc -c -g -O2  conftest.c >&5
configure:7978: $? = 0
configure:7978: result: yes
configure:7978: checking for sys/stat.h
configure:7978: gcc -c -g -O2  conftest.c >&5
configure:7978: $? = 0
configure:7978: result: yes
configure:7978: checking for stdlib.h
configure:7978: gcc -c -g -O2  conftest.c >&5
configure:7978: $? = 0
configure:7978: result: yes
configure:7978: checking for string.h
configure:7978: gcc -c -g -O2  conftest.c >&5
configure:7978: $? = 0
configure:7978: result: yes
configure:7978: checking for memory.h
configure:7978: gcc -c -g -O2  conftest.c >&5
configure:7978: $? = 0
configure:7978: result: yes
configure:7978: checking for strings.h
configure:7978: gcc -c -g -O2  conftest.c >&5
configure:7978: $? = 0
configure:7978: result: yes
configure:7978: checking for inttypes.h
configure:7978: gcc -c -g -O2  conftest.c >&5
configure:7978: $? = 0
configure:7978: result: yes
configure:7978: checking for stdint.h
configure:7978: gcc -c -g -O2  conftest.c >&5
configure:7978: $? = 0
configure:7978: result: yes
configure:7978: checking for unistd.h
configure:7978: gcc -c -g -O2  conftest.c >&5
configure:7978: $? = 0
configure:7978: result: yes
configure:7992: checking for dlfcn.h
configure:7992: gcc -c -g -O2  conftest.c >&5
configure:7992: $? = 0
configure:7992: result: yes
configure:8198: checking for objdir
configure:8213: result: .libs
configure:8484: checking if gcc supports -fno-rtti -fno-exceptions
configure:8502: gcc -c -g -O2  -fno-rtti -fno-exceptions conftest.c >&5
cc1: warning: command line option '-fno-rtti' is valid for C++/ObjC++ but not for C [enabled by default]
configure:8506: $? = 0
configure:8519: result: no
configure:8846: checking for gcc option to produce PIC
configure:8853: result: -fPIC -DPIC
configure:8861: checking if gcc PIC flag -fPIC -DPIC works
configure:8879: gcc -c -g -O2  -fPIC -DPIC -DPIC conftest.c >&5
configure:8883: $? = 0
configure:8896: result: yes
configure:8925: checking if gcc static flag -static works
configure:8953: result: yes
configure:8968: checking if gcc supports -c -o file.o
configure:8989: gcc -c -g -O2  -o out/conftest2.o conftest.c >&5
configure:8993: $? = 0
configure:9015: result: yes
configure:9023: checking if gcc supports -c -o file.o
configure:9070: result: yes
configure:9103: checking whether the gcc linker (/usr/bin/ld) supports shared libraries
configure:10256: result: yes
configure:10293: checking whether -lc should be explicitly linked in
configure:10301: gcc -c -g -O2  conftest.c >&5
configure:10304: $? = 0
configure:10319: gcc -shared  -fPIC -DPIC conftest.o  -v -Wl,-soname -Wl,conftest -o conftest 2\>\&1 \| /bin/grep  -lc  \>/dev/null 2\>\&1
configure:10322: $? = 0
configure:10336: result: no
configure:10496: checking dynamic linker characteristics
configure:11007: gcc -o conftest -g -O2   -Wl,-rpath -Wl,/foo conftest.c  >&5
configure:11007: $? = 0
configure:11229: result: GNU/Linux ld.so
configure:11336: checking how to hardcode library paths into programs
configure:11361: result: immediate
configure:11901: checking whether stripping libraries is possible
configure:11906: result: yes
configure:11941: checking if libtool supports shared libraries
configure:11943: result: yes
configure:11946: checking whether to build shared libraries
configure:11967: result: yes
configure:11970: checking whether to build static libraries
configure:11974: result: yes
configure:12056: checking for gcc
configure:12083: result: gcc
configure:12105: checking for gcc option to accept ISO C99
configure:12254: gcc  -c -g -O2  conftest.c >&5
conftest.c:74:29: error: expected ';', ',' or ')' before 'text'
 test_restrict (ccp restrict text)
                             ^
conftest.c: In function 'main':
conftest.c:128:18: error: expected '=', ',', ';', 'asm' or '__attribute__' before 'newvar'
   char *restrict newvar = "Another string";
                  ^
conftest.c:128:18: error: 'newvar' undeclared (first use in this function)
conftest.c:128:18: note: each undeclared identifier is reported only once for each function it appears in
conftest.c:138:3: error: 'for' loop initial declarations are only allowed in C99 mode
   for (int i = 0; i < ia->datasize; ++i)
   ^
conftest.c:138:3: note: use option -std=c99 or -std=gnu99 to compile your code
configure:12254: $? = 1
configure: failed program was:
| /* confdefs.h */
| #define PACKAGE_NAME "cdo"
| #define PACKAGE_TARNAME "cdo"
| #define PACKAGE_VERSION "1.7.0rc5"
| #define PACKAGE_STRING "cdo 1.7.0rc5"
| #define PACKAGE_BUGREPORT "http://mpimet.mpg.de/cdo"
| #define PACKAGE_URL ""
| #define CDO "1.7.0rc5"
| #define PACKAGE "cdo"
| #define VERSION "1.7.0rc5"
| #define STDC_HEADERS 1
| #define HAVE_SYS_TYPES_H 1
| #define HAVE_SYS_STAT_H 1
| #define HAVE_STDLIB_H 1
| #define HAVE_STRING_H 1
| #define HAVE_MEMORY_H 1
| #define HAVE_STRINGS_H 1
| #define HAVE_INTTYPES_H 1
| #define HAVE_STDINT_H 1
| #define HAVE_UNISTD_H 1
| #define HAVE_DLFCN_H 1
| #define LT_OBJDIR ".libs/"
| /* end confdefs.h.  */
| #include <stdarg.h>
| #include <stdbool.h>
| #include <stdlib.h>
| #include <wchar.h>
| #include <stdio.h>
| 
| // Check varargs macros.  These examples are taken from C99 6.10.3.5.
| #define debug(...) fprintf (stderr, __VA_ARGS__)
| #define showlist(...) puts (#__VA_ARGS__)
| #define report(test,...) ((test) ? puts (#test) : printf (__VA_ARGS__))
| static void
| test_varargs_macros (void)
| {
|   int x = 1234;
|   int y = 5678;
|   debug ("Flag");
|   debug ("X = %d\n", x);
|   showlist (The first, second, and third items.);
|   report (x>y, "x is %d but y is %d", x, y);
| }
| 
| // Check long long types.
| #define BIG64 18446744073709551615ull
| #define BIG32 4294967295ul
| #define BIG_OK (BIG64 / BIG32 == 4294967297ull && BIG64 % BIG32 == 0)
| #if !BIG_OK
|   your preprocessor is broken;
| #endif
| #if BIG_OK
| #else
|   your preprocessor is broken;
| #endif
| static long long int bignum = -9223372036854775807LL;
| static unsigned long long int ubignum = BIG64;
| 
| struct incomplete_array
| {
|   int datasize;
|   double data[];
| };
| 
| struct named_init {
|   int number;
|   const wchar_t *name;
|   double average;
| };
| 
| typedef const char *ccp;
| 
| static inline int
| test_restrict (ccp restrict text)
| {
|   // See if C++-style comments work.
|   // Iterate through items via the restricted pointer.
|   // Also check for declarations in for loops.
|   for (unsigned int i = 0; *(text+i) != '\0'; ++i)
|     continue;
|   return 0;
| }
| 
| // Check varargs and va_copy.
| static void
| test_varargs (const char *format, ...)
| {
|   va_list args;
|   va_start (args, format);
|   va_list args_copy;
|   va_copy (args_copy, args);
| 
|   const char *str;
|   int number;
|   float fnumber;
| 
|   while (*format)
|     {
|       switch (*format++)
| 	{
| 	case 's': // string
| 	  str = va_arg (args_copy, const char *);
| 	  break;
| 	case 'd': // int
| 	  number = va_arg (args_copy, int);
| 	  break;
| 	case 'f': // float
| 	  fnumber = va_arg (args_copy, double);
| 	  break;
| 	default:
| 	  break;
| 	}
|     }
|   va_end (args_copy);
|   va_end (args);
| }
| 
| int
| main ()
| {
| 
|   // Check bool.
|   _Bool success = false;
| 
|   // Check restrict.
|   if (test_restrict ("String literal") == 0)
|     success = true;
|   char *restrict newvar = "Another string";
| 
|   // Check varargs.
|   test_varargs ("s, d' f .", "string", 65, 34.234);
|   test_varargs_macros ();
| 
|   // Check flexible array members.
|   struct incomplete_array *ia =
|     malloc (sizeof (struct incomplete_array) + (sizeof (double) * 10));
|   ia->datasize = 10;
|   for (int i = 0; i < ia->datasize; ++i)
|     ia->data[i] = i * 1.234;
| 
|   // Check named initializers.
|   struct named_init ni = {
|     .number = 34,
|     .name = L"Test wide string",
|     .average = 543.34343,
|   };
| 
|   ni.number = 58;
| 
|   int dynamic_array[ni.number];
|   dynamic_array[ni.number - 1] = 543;
| 
|   // work around unused variable warnings
|   return (!success || bignum == 0LL || ubignum == 0uLL || newvar[0] == 'x'
| 	  || dynamic_array[ni.number - 1] != 543);
| 
|   ;
|   return 0;
| }
configure:12254: gcc -std=gnu99 -c -g -O2  conftest.c >&5
configure:12254: $? = 0
configure:12274: result: -std=gnu99
configure:12283: checking for C/C++ restrict keyword
configure:12308: gcc -std=gnu99 -c -g -O2  conftest.c >&5
configure:12308: $? = 0
configure:12316: result: __restrict
configure:12337: checking for gcc -std=gnu99 option to support OpenMP
configure:12352: gcc -std=gnu99 -o conftest -g -O2   conftest.c  >&5
conftest.c:27:2: error: unknown type name 'choke'
  choke me
  ^
In file included from conftest.c:29:0:
/usr/lib/gcc/i686-linux-gnu/4.8/include/omp.h:34:1: error: expected '=', ',', ';', 'asm' or '__attribute__' before 'typedef'
 typedef struct
 ^
configure:12352: $? = 1
configure: failed program was:
| /* confdefs.h */
| #define PACKAGE_NAME "cdo"
| #define PACKAGE_TARNAME "cdo"
| #define PACKAGE_VERSION "1.7.0rc5"
| #define PACKAGE_STRING "cdo 1.7.0rc5"
| #define PACKAGE_BUGREPORT "http://mpimet.mpg.de/cdo"
| #define PACKAGE_URL ""
| #define CDO "1.7.0rc5"
| #define PACKAGE "cdo"
| #define VERSION "1.7.0rc5"
| #define STDC_HEADERS 1
| #define HAVE_SYS_TYPES_H 1
| #define HAVE_SYS_STAT_H 1
| #define HAVE_STDLIB_H 1
| #define HAVE_STRING_H 1
| #define HAVE_MEMORY_H 1
| #define HAVE_STRINGS_H 1
| #define HAVE_INTTYPES_H 1
| #define HAVE_STDINT_H 1
| #define HAVE_UNISTD_H 1
| #define HAVE_DLFCN_H 1
| #define LT_OBJDIR ".libs/"
| #define restrict __restrict
| /* end confdefs.h.  */
| 
| #ifndef _OPENMP
|  choke me
| #endif
| #include <omp.h>
| int main () { return omp_get_num_threads (); }
| 
configure:12369: gcc -std=gnu99 -o conftest -g -O2 -fopenmp   conftest.c  >&5
configure:12369: $? = 0
configure:12383: result: -fopenmp
configure:12437: checking for ar
configure:12464: result: ar
configure:12621: checking for ld
configure:12648: result: /usr/bin/ld
configure:12713: checking for nm
configure:12740: result: /usr/bin/nm -B
configure:12805: checking for ar
configure:12832: result: ar
configure:12897: checking for as
configure:12913: found /usr/bin/as
configure:12924: result: as
configure:12989: checking for dlltool
configure:13016: result: false
configure:13081: checking for objdump
configure:13108: result: objdump
configure:13173: checking for strip
configure:13200: result: strip
configure:13265: checking for ranlib
configure:13292: result: ranlib
configure:13373: checking for g++
configure:13389: found /usr/bin/g++
configure:13400: result: g++
configure:13427: checking for C++ compiler version
configure:13436: g++ --version >&5
g++ (Ubuntu 4.8.2-19ubuntu1) 4.8.2
Copyright (C) 2013 Free Software Foundation, Inc.
This is free software; see the source for copying conditions.  There is NO
warranty; not even for MERCHANTABILITY or FITNESS FOR A PARTICULAR PURPOSE.

configure:13447: $? = 0
configure:13436: g++ -v >&5
Using built-in specs.
COLLECT_GCC=g++
COLLECT_LTO_WRAPPER=/usr/lib/gcc/i686-linux-gnu/4.8/lto-wrapper
Target: i686-linux-gnu
Configured with: ../src/configure -v --with-pkgversion='Ubuntu 4.8.2-19ubuntu1' --with-bugurl=file:///usr/share/doc/gcc-4.8/README.Bugs --enable-languages=c,c++,java,go,d,fortran,objc,obj-c++ --prefix=/usr --program-suffix=-4.8 --enable-shared --enable-linker-build-id --libexecdir=/usr/lib --without-included-gettext --enable-threads=posix --with-gxx-include-dir=/usr/include/c++/4.8 --libdir=/usr/lib --enable-nls --with-sysroot=/ --enable-clocale=gnu --enable-libstdcxx-debug --enable-libstdcxx-time=yes --enable-gnu-unique-object --disable-libmudflap --enable-plugin --with-system-zlib --disable-browser-plugin --enable-java-awt=gtk --enable-gtk-cairo --with-java-home=/usr/lib/jvm/java-1.5.0-gcj-4.8-i386/jre --enable-java-home --with-jvm-root-dir=/usr/lib/jvm/java-1.5.0-gcj-4.8-i386 --with-jvm-jar-dir=/usr/lib/jvm-exports/java-1.5.0-gcj-4.8-i386 --with-arch-directory=i386 --with-ecj-jar=/usr/share/java/eclipse-ecj.jar --enable-objc-gc --enable-targets=all --enable-multiarch --disable-werror --with-arch-32=i686 --with-multilib-list=m32,m64,mx32 --with-tune=generic --enable-checking=release --build=i686-linux-gnu --host=i686-linux-gnu --target=i686-linux-gnu
Thread model: posix
gcc version 4.8.2 (Ubuntu 4.8.2-19ubuntu1) 
configure:13447: $? = 0
configure:13436: g++ -V >&5
g++: error: unrecognized command line option '-V'
g++: fatal error: no input files
compilation terminated.
configure:13447: $? = 4
configure:13436: g++ -qversion >&5
g++: error: unrecognized command line option '-qversion'
g++: fatal error: no input files
compilation terminated.
configure:13447: $? = 4
configure:13451: checking whether we are using the GNU C++ compiler
configure:13470: g++ -c   conftest.cpp >&5
configure:13470: $? = 0
configure:13479: result: yes
configure:13488: checking whether g++ accepts -g
configure:13508: g++ -c -g  conftest.cpp >&5
configure:13508: $? = 0
configure:13549: result: yes
configure:13574: checking dependency style of g++
configure:13685: result: gcc3
configure:13718: checking how to run the C++ preprocessor
configure:13745: g++ -E  conftest.cpp
configure:13745: $? = 0
configure:13759: g++ -E  conftest.cpp
conftest.cpp:25:28: fatal error: ac_nonexistent.h: No such file or directory
 #include <ac_nonexistent.h>
                            ^
compilation terminated.
configure:13759: $? = 1
configure: failed program was:
| /* confdefs.h */
| #define PACKAGE_NAME "cdo"
| #define PACKAGE_TARNAME "cdo"
| #define PACKAGE_VERSION "1.7.0rc5"
| #define PACKAGE_STRING "cdo 1.7.0rc5"
| #define PACKAGE_BUGREPORT "http://mpimet.mpg.de/cdo"
| #define PACKAGE_URL ""
| #define CDO "1.7.0rc5"
| #define PACKAGE "cdo"
| #define VERSION "1.7.0rc5"
| #define STDC_HEADERS 1
| #define HAVE_SYS_TYPES_H 1
| #define HAVE_SYS_STAT_H 1
| #define HAVE_STDLIB_H 1
| #define HAVE_STRING_H 1
| #define HAVE_MEMORY_H 1
| #define HAVE_STRINGS_H 1
| #define HAVE_INTTYPES_H 1
| #define HAVE_STDINT_H 1
| #define HAVE_UNISTD_H 1
| #define HAVE_DLFCN_H 1
| #define LT_OBJDIR ".libs/"
| #define restrict __restrict
| /* end confdefs.h.  */
| #include <ac_nonexistent.h>
configure:13784: result: g++ -E
configure:13804: g++ -E  conftest.cpp
configure:13804: $? = 0
configure:13818: g++ -E  conftest.cpp
conftest.cpp:25:28: fatal error: ac_nonexistent.h: No such file or directory
 #include <ac_nonexistent.h>
                            ^
compilation terminated.
configure:13818: $? = 1
configure: failed program was:
| /* confdefs.h */
| #define PACKAGE_NAME "cdo"
| #define PACKAGE_TARNAME "cdo"
| #define PACKAGE_VERSION "1.7.0rc5"
| #define PACKAGE_STRING "cdo 1.7.0rc5"
| #define PACKAGE_BUGREPORT "http://mpimet.mpg.de/cdo"
| #define PACKAGE_URL ""
| #define CDO "1.7.0rc5"
| #define PACKAGE "cdo"
| #define VERSION "1.7.0rc5"
| #define STDC_HEADERS 1
| #define HAVE_SYS_TYPES_H 1
| #define HAVE_SYS_STAT_H 1
| #define HAVE_STDLIB_H 1
| #define HAVE_STRING_H 1
| #define HAVE_MEMORY_H 1
| #define HAVE_STRINGS_H 1
| #define HAVE_INTTYPES_H 1
| #define HAVE_STDINT_H 1
| #define HAVE_UNISTD_H 1
| #define HAVE_DLFCN_H 1
| #define LT_OBJDIR ".libs/"
| #define restrict __restrict
| /* end confdefs.h.  */
| #include <ac_nonexistent.h>
configure:13987: checking for ld used by g++
configure:14054: result: /usr/bin/ld
configure:14061: checking if the linker (/usr/bin/ld) is GNU ld
configure:14076: result: yes
configure:14131: checking whether the g++ linker (/usr/bin/ld) supports shared libraries
configure:15136: result: yes
configure:15172: g++ -c -g -O2  conftest.cpp >&5
configure:15175: $? = 0
configure:15695: checking for g++ option to produce PIC
configure:15702: result: -fPIC -DPIC
configure:15710: checking if g++ PIC flag -fPIC -DPIC works
configure:15728: g++ -c -g -O2  -fPIC -DPIC -DPIC conftest.cpp >&5
configure:15732: $? = 0
configure:15745: result: yes
configure:15768: checking if g++ static flag -static works
configure:15796: result: yes
configure:15808: checking if g++ supports -c -o file.o
configure:15829: g++ -c -g -O2  -o out/conftest2.o conftest.cpp >&5
configure:15833: $? = 0
configure:15855: result: yes
configure:15860: checking if g++ supports -c -o file.o
configure:15907: result: yes
configure:15937: checking whether the g++ linker (/usr/bin/ld) supports shared libraries
configure:15973: result: yes
configure:16114: checking dynamic linker characteristics
configure:16781: result: GNU/Linux ld.so
configure:16834: checking how to hardcode library paths into programs
configure:16859: result: immediate
configure:16911: checking for special C compiler options needed for large files
configure:16956: result: no
configure:16962: checking for _FILE_OFFSET_BITS value needed for large files
configure:16987: gcc -std=gnu99 -c -g -O2  conftest.c >&5
conftest.c:31:3: warning: left shift count >= width of type [enabled by default]
   int off_t_is_large[(LARGE_OFF_T % 2147483629 == 721
   ^
conftest.c:31:3: warning: left shift count >= width of type [enabled by default]
conftest.c:32:10: warning: left shift count >= width of type [enabled by default]
          && LARGE_OFF_T % 2147483647 == 1)
          ^
conftest.c:32:10: warning: left shift count >= width of type [enabled by default]
conftest.c:31:7: error: variably modified 'off_t_is_large' at file scope
   int off_t_is_large[(LARGE_OFF_T % 2147483629 == 721
       ^
configure:16987: $? = 1
configure: failed program was:
| /* confdefs.h */
| #define PACKAGE_NAME "cdo"
| #define PACKAGE_TARNAME "cdo"
| #define PACKAGE_VERSION "1.7.0rc5"
| #define PACKAGE_STRING "cdo 1.7.0rc5"
| #define PACKAGE_BUGREPORT "http://mpimet.mpg.de/cdo"
| #define PACKAGE_URL ""
| #define CDO "1.7.0rc5"
| #define PACKAGE "cdo"
| #define VERSION "1.7.0rc5"
| #define STDC_HEADERS 1
| #define HAVE_SYS_TYPES_H 1
| #define HAVE_SYS_STAT_H 1
| #define HAVE_STDLIB_H 1
| #define HAVE_STRING_H 1
| #define HAVE_MEMORY_H 1
| #define HAVE_STRINGS_H 1
| #define HAVE_INTTYPES_H 1
| #define HAVE_STDINT_H 1
| #define HAVE_UNISTD_H 1
| #define HAVE_DLFCN_H 1
| #define LT_OBJDIR ".libs/"
| #define restrict __restrict
| /* end confdefs.h.  */
| #include <sys/types.h>
|  /* Check that off_t can represent 2**63 - 1 correctly.
|     We can't simply define LARGE_OFF_T to be 9223372036854775807,
|     since some C++ compilers masquerading as C compilers
|     incorrectly reject 9223372036854775807.  */
| #define LARGE_OFF_T (((off_t) 1 << 62) - 1 + ((off_t) 1 << 62))
|   int off_t_is_large[(LARGE_OFF_T % 2147483629 == 721
| 		       && LARGE_OFF_T % 2147483647 == 1)
| 		      ? 1 : -1];
| int
| main ()
| {
| 
|   ;
|   return 0;
| }
configure:17011: gcc -std=gnu99 -c -g -O2  conftest.c >&5
configure:17011: $? = 0
configure:17019: result: 64
configure:17110: checking for stdlib.h
configure:17110: result: yes
configure:17110: checking for unistd.h
configure:17110: result: yes
configure:17110: checking for sys/param.h
configure:17110: gcc -std=gnu99 -c -g -O2  conftest.c >&5
configure:17110: $? = 0
configure:17110: result: yes
configure:17130: checking for getpagesize
configure:17130: gcc -std=gnu99 -o conftest -g -O2   conftest.c  >&5
configure:17130: $? = 0
configure:17130: result: yes
configure:17139: checking for working mmap
configure:17286: gcc -std=gnu99 -o conftest -g -O2   conftest.c  >&5
configure:17286: $? = 0
configure:17286: ./conftest
configure:17286: $? = 0
configure:17296: result: yes
configure:17307: checking for malloc in -lmalloc
configure:17332: gcc -std=gnu99 -o conftest -g -O2   conftest.c -lmalloc   >&5
conftest.c:38:6: warning: conflicting types for built-in function 'malloc' [enabled by default]
 char malloc ();
      ^
/usr/bin/ld: cannot find -lmalloc
collect2: error: ld returned 1 exit status
configure:17332: $? = 1
configure: failed program was:
| /* confdefs.h */
| #define PACKAGE_NAME "cdo"
| #define PACKAGE_TARNAME "cdo"
| #define PACKAGE_VERSION "1.7.0rc5"
| #define PACKAGE_STRING "cdo 1.7.0rc5"
| #define PACKAGE_BUGREPORT "http://mpimet.mpg.de/cdo"
| #define PACKAGE_URL ""
| #define CDO "1.7.0rc5"
| #define PACKAGE "cdo"
| #define VERSION "1.7.0rc5"
| #define STDC_HEADERS 1
| #define HAVE_SYS_TYPES_H 1
| #define HAVE_SYS_STAT_H 1
| #define HAVE_STDLIB_H 1
| #define HAVE_STRING_H 1
| #define HAVE_MEMORY_H 1
| #define HAVE_STRINGS_H 1
| #define HAVE_INTTYPES_H 1
| #define HAVE_STDINT_H 1
| #define HAVE_UNISTD_H 1
| #define HAVE_DLFCN_H 1
| #define LT_OBJDIR ".libs/"
| #define restrict __restrict
| #define _FILE_OFFSET_BITS 64
| #define HAVE_STDLIB_H 1
| #define HAVE_UNISTD_H 1
| #define HAVE_SYS_PARAM_H 1
| #define HAVE_GETPAGESIZE 1
| #define HAVE_MMAP 1
| /* end confdefs.h.  */
| 
| /* Override any GCC internal prototype to avoid an error.
|    Use char because int might match the return type of a GCC
|    builtin and then its argument prototype would still apply.  */
| #ifdef __cplusplus
| extern "C"
| #endif
| char malloc ();
| int
| main ()
| {
| return malloc ();
|   ;
|   return 0;
| }
configure:17341: result: no
configure:17354: checking for struct stat.st_blksize
configure:17354: gcc -std=gnu99 -c -g -O2  conftest.c >&5
configure:17354: $? = 0
configure:17354: result: yes
configure:17368: checking sys/resource.h usability
configure:17368: gcc -std=gnu99 -c -g -O2  conftest.c >&5
configure:17368: $? = 0
configure:17368: result: yes
configure:17368: checking sys/resource.h presence
configure:17368: gcc -E  conftest.c
configure:17368: $? = 0
configure:17368: result: yes
configure:17368: checking for sys/resource.h
configure:17368: result: yes
configure:17380: checking sys/times.h usability
configure:17380: gcc -std=gnu99 -c -g -O2  conftest.c >&5
configure:17380: $? = 0
configure:17380: result: yes
configure:17380: checking sys/times.h presence
configure:17380: gcc -E  conftest.c
configure:17380: $? = 0
configure:17380: result: yes
configure:17380: checking for sys/times.h
configure:17380: result: yes
configure:17392: checking malloc.h usability
configure:17392: gcc -std=gnu99 -c -g -O2  conftest.c >&5
configure:17392: $? = 0
configure:17392: result: yes
configure:17392: checking malloc.h presence
configure:17392: gcc -E  conftest.c
configure:17392: $? = 0
configure:17392: result: yes
configure:17392: checking for malloc.h
configure:17392: result: yes
configure:17404: checking glob.h usability
configure:17404: gcc -std=gnu99 -c -g -O2  conftest.c >&5
configure:17404: $? = 0
configure:17404: result: yes
configure:17404: checking glob.h presence
configure:17404: gcc -E  conftest.c
configure:17404: $? = 0
configure:17404: result: yes
configure:17404: checking for glob.h
configure:17404: result: yes
configure:17416: checking fnmatch.h usability
configure:17416: gcc -std=gnu99 -c -g -O2  conftest.c >&5
configure:17416: $? = 0
configure:17416: result: yes
configure:17416: checking fnmatch.h presence
configure:17416: gcc -E  conftest.c
configure:17416: $? = 0
configure:17416: result: yes
configure:17416: checking for fnmatch.h
configure:17416: result: yes
configure:17428: checking wordexp.h usability
configure:17428: gcc -std=gnu99 -c -g -O2  conftest.c >&5
configure:17428: $? = 0
configure:17428: result: yes
configure:17428: checking wordexp.h presence
configure:17428: gcc -E  conftest.c
configure:17428: $? = 0
configure:17428: result: yes
configure:17428: checking for wordexp.h
configure:17428: result: yes
configure:17442: checking for mallinfo
configure:17442: gcc -std=gnu99 -o conftest -g -O2   conftest.c  >&5
configure:17442: $? = 0
configure:17442: result: yes
configure:17455: checking for getrlimit
configure:17455: gcc -std=gnu99 -o conftest -g -O2   conftest.c  >&5
configure:17455: $? = 0
configure:17455: result: yes
configure:17466: checking for gethostname
configure:17466: gcc -std=gnu99 -o conftest -g -O2   conftest.c  >&5
configure:17466: $? = 0
configure:17466: result: yes
configure:17534: checking for floor in -lm
configure:17559: gcc -std=gnu99 -o conftest -g -O2   conftest.c -lm   >&5
conftest.c:52:6: warning: conflicting types for built-in function 'floor' [enabled by default]
 char floor ();
      ^
configure:17559: $? = 0
configure:17568: result: yes
configure:17581: checking whether isnan is declared
configure:17581: gcc -std=gnu99 -c -g -O2  conftest.c >&5
configure:17581: $? = 0
configure:17581: result: yes
configure:17596: checking for sqrtl
configure:17596: gcc -std=gnu99 -o conftest -g -O2   conftest.c -lm  >&5
conftest.c:70:6: warning: conflicting types for built-in function 'sqrtl' [enabled by default]
 char sqrtl ();
      ^
configure:17596: $? = 0
configure:17596: result: yes
configure:17607: checking for DATA support
configure:17624: result: yes
configure:17768: checking if compiler needs -Werror to reject unknown flags
configure:17784: gcc -std=gnu99 -c -g -O2 -fopenmp -Werror -Wunknown-warning-option -Wsizeof-array-argument  conftest.c >&5
gcc: error: unrecognized command line option '-Wunknown-warning-option'
gcc: error: unrecognized command line option '-Wsizeof-array-argument'
configure:17784: $? = 1
configure: failed program was:
| /* confdefs.h */
| #define PACKAGE_NAME "cdo"
| #define PACKAGE_TARNAME "cdo"
| #define PACKAGE_VERSION "1.7.0rc5"
| #define PACKAGE_STRING "cdo 1.7.0rc5"
| #define PACKAGE_BUGREPORT "http://mpimet.mpg.de/cdo"
| #define PACKAGE_URL ""
| #define CDO "1.7.0rc5"
| #define PACKAGE "cdo"
| #define VERSION "1.7.0rc5"
| #define STDC_HEADERS 1
| #define HAVE_SYS_TYPES_H 1
| #define HAVE_SYS_STAT_H 1
| #define HAVE_STDLIB_H 1
| #define HAVE_STRING_H 1
| #define HAVE_MEMORY_H 1
| #define HAVE_STRINGS_H 1
| #define HAVE_INTTYPES_H 1
| #define HAVE_STDINT_H 1
| #define HAVE_UNISTD_H 1
| #define HAVE_DLFCN_H 1
| #define LT_OBJDIR ".libs/"
| #define restrict __restrict
| #define _FILE_OFFSET_BITS 64
| #define HAVE_STDLIB_H 1
| #define HAVE_UNISTD_H 1
| #define HAVE_SYS_PARAM_H 1
| #define HAVE_GETPAGESIZE 1
| #define HAVE_MMAP 1
| #define HAVE_STRUCT_STAT_ST_BLKSIZE 1
| #define HAVE_SYS_RESOURCE_H 1
| #define HAVE_SYS_TIMES_H 1
| #define HAVE_MALLOC_H 1
| #define HAVE_GLOB_H 1
| #define HAVE_FNMATCH_H 1
| #define HAVE_WORDEXP_H 1
| #define HAVE_MALLINFO 1
| #define HAVE_GETRLIMIT 1
| #define HAVE_GETHOSTNAME 1
| #define COMP_VERSION "gcc (Ubuntu 4.8.2-19ubuntu1) 4.8.2"
| #define USER_NAME "ben"
| #define HOST_NAME "ben-VirtualBox"
| #define SYSTEM_TYPE "i686-pc-linux-gnu"
| #define HAVE_LIBM 1
| #define HAVE_DECL_ISNAN 1
| #define HAVE_SQRTL 1
| #define ENABLE_DATA 1
| /* end confdefs.h.  */
| int foo(void);
| int
| main ()
| {
| foo()
|   ;
|   return 0;
| }
configure:17789: result: no
configure:17855: checking for the pthreads library -lpthreads
configure:17893: gcc -std=gnu99 -o conftest -g -O2 -fopenmp     conftest.c -lpthreads -lm  >&5
/usr/bin/ld: cannot find -lpthreads
collect2: error: ld returned 1 exit status
configure:17893: $? = 1
configure: failed program was:
| /* confdefs.h */
| #define PACKAGE_NAME "cdo"
| #define PACKAGE_TARNAME "cdo"
| #define PACKAGE_VERSION "1.7.0rc5"
| #define PACKAGE_STRING "cdo 1.7.0rc5"
| #define PACKAGE_BUGREPORT "http://mpimet.mpg.de/cdo"
| #define PACKAGE_URL ""
| #define CDO "1.7.0rc5"
| #define PACKAGE "cdo"
| #define VERSION "1.7.0rc5"
| #define STDC_HEADERS 1
| #define HAVE_SYS_TYPES_H 1
| #define HAVE_SYS_STAT_H 1
| #define HAVE_STDLIB_H 1
| #define HAVE_STRING_H 1
| #define HAVE_MEMORY_H 1
| #define HAVE_STRINGS_H 1
| #define HAVE_INTTYPES_H 1
| #define HAVE_STDINT_H 1
| #define HAVE_UNISTD_H 1
| #define HAVE_DLFCN_H 1
| #define LT_OBJDIR ".libs/"
| #define restrict __restrict
| #define _FILE_OFFSET_BITS 64
| #define HAVE_STDLIB_H 1
| #define HAVE_UNISTD_H 1
| #define HAVE_SYS_PARAM_H 1
| #define HAVE_GETPAGESIZE 1
| #define HAVE_MMAP 1
| #define HAVE_STRUCT_STAT_ST_BLKSIZE 1
| #define HAVE_SYS_RESOURCE_H 1
| #define HAVE_SYS_TIMES_H 1
| #define HAVE_MALLOC_H 1
| #define HAVE_GLOB_H 1
| #define HAVE_FNMATCH_H 1
| #define HAVE_WORDEXP_H 1
| #define HAVE_MALLINFO 1
| #define HAVE_GETRLIMIT 1
| #define HAVE_GETHOSTNAME 1
| #define COMP_VERSION "gcc (Ubuntu 4.8.2-19ubuntu1) 4.8.2"
| #define USER_NAME "ben"
| #define HOST_NAME "ben-VirtualBox"
| #define SYSTEM_TYPE "i686-pc-linux-gnu"
| #define HAVE_LIBM 1
| #define HAVE_DECL_ISNAN 1
| #define HAVE_SQRTL 1
| #define ENABLE_DATA 1
| /* end confdefs.h.  */
| #include <pthread.h>
|                         static void routine(void *a) { a = 0; }
|                         static void *start_routine(void *a) { return a; }
| int
| main ()
| {
| pthread_t th; pthread_attr_t attr;
|                         pthread_create(&th, 0, start_routine, 0);
|                         pthread_join(th, 0);
|                         pthread_attr_init(&attr);
|                         pthread_cleanup_push(routine, 0);
|                         pthread_cleanup_pop(0) /* ; */
|   ;
|   return 0;
| }
configure:17902: result: no
configure:17800: checking whether pthreads work without any flags
configure:17893: gcc -std=gnu99 -o conftest -g -O2 -fopenmp     conftest.c  -lm  >&5
configure:17893: $? = 0
configure:17902: result: yes
configure:17921: checking for joinable pthread attribute
configure:17936: gcc -std=gnu99 -o conftest -g -O2 -fopenmp    conftest.c  -lm  >&5
configure:17936: $? = 0
configure:17942: result: PTHREAD_CREATE_JOINABLE
configure:17952: checking if more special flags are required for pthreads
configure:17967: result: no
configure:17973: checking for PTHREAD_PRIO_INHERIT
configure:17990: gcc -std=gnu99 -o conftest -g -O2 -fopenmp    conftest.c  -lm  >&5
configure:17990: $? = 0
configure:17999: result: yes
configure:18337: checking zlib.h usability
configure:18337: gcc -std=gnu99 -c -g -O2 -fopenmp   conftest.c >&5
configure:18337: $? = 0
configure:18337: result: yes
configure:18337: checking zlib.h presence
configure:18337: gcc -E  conftest.c
configure:18337: $? = 0
configure:18337: result: yes
configure:18337: checking for zlib.h
configure:18337: result: yes
configure:18347: checking for library containing deflate
configure:18378: gcc -std=gnu99 -o conftest -g -O2 -fopenmp    conftest.c  -lm  >&5
/tmp/ccCzIm8K.o: In function `main':
/home/ben/amuse/amuse-svn/src/omuse/community/remapper/src/conftest.c:63: undefined reference to `deflate'
collect2: error: ld returned 1 exit status
configure:18378: $? = 1
configure: failed program was:
| /* confdefs.h */
| #define PACKAGE_NAME "cdo"
| #define PACKAGE_TARNAME "cdo"
| #define PACKAGE_VERSION "1.7.0rc5"
| #define PACKAGE_STRING "cdo 1.7.0rc5"
| #define PACKAGE_BUGREPORT "http://mpimet.mpg.de/cdo"
| #define PACKAGE_URL ""
| #define CDO "1.7.0rc5"
| #define PACKAGE "cdo"
| #define VERSION "1.7.0rc5"
| #define STDC_HEADERS 1
| #define HAVE_SYS_TYPES_H 1
| #define HAVE_SYS_STAT_H 1
| #define HAVE_STDLIB_H 1
| #define HAVE_STRING_H 1
| #define HAVE_MEMORY_H 1
| #define HAVE_STRINGS_H 1
| #define HAVE_INTTYPES_H 1
| #define HAVE_STDINT_H 1
| #define HAVE_UNISTD_H 1
| #define HAVE_DLFCN_H 1
| #define LT_OBJDIR ".libs/"
| #define restrict __restrict
| #define _FILE_OFFSET_BITS 64
| #define HAVE_STDLIB_H 1
| #define HAVE_UNISTD_H 1
| #define HAVE_SYS_PARAM_H 1
| #define HAVE_GETPAGESIZE 1
| #define HAVE_MMAP 1
| #define HAVE_STRUCT_STAT_ST_BLKSIZE 1
| #define HAVE_SYS_RESOURCE_H 1
| #define HAVE_SYS_TIMES_H 1
| #define HAVE_MALLOC_H 1
| #define HAVE_GLOB_H 1
| #define HAVE_FNMATCH_H 1
| #define HAVE_WORDEXP_H 1
| #define HAVE_MALLINFO 1
| #define HAVE_GETRLIMIT 1
| #define HAVE_GETHOSTNAME 1
| #define COMP_VERSION "gcc (Ubuntu 4.8.2-19ubuntu1) 4.8.2"
| #define USER_NAME "ben"
| #define HOST_NAME "ben-VirtualBox"
| #define SYSTEM_TYPE "i686-pc-linux-gnu"
| #define HAVE_LIBM 1
| #define HAVE_DECL_ISNAN 1
| #define HAVE_SQRTL 1
| #define ENABLE_DATA 1
| #define HAVE_PTHREAD_PRIO_INHERIT 1
| #define HAVE_LIBPTHREAD 1
| #define HAVE_ZLIB_H 1
| /* end confdefs.h.  */
| 
| /* Override any GCC internal prototype to avoid an error.
|    Use char because int might match the return type of a GCC
|    builtin and then its argument prototype would still apply.  */
| #ifdef __cplusplus
| extern "C"
| #endif
| char deflate ();
| int
| main ()
| {
| return deflate ();
|   ;
|   return 0;
| }
configure:18378: gcc -std=gnu99 -o conftest -g -O2 -fopenmp    conftest.c -lz   -lm  >&5
configure:18378: $? = 0
configure:18395: result: -lz
configure:18585: checking for szlib library
configure:18587: result: suppressed
configure:18903: checking for hdf5 library
configure:18905: result: suppressed
configure:18933: checking netcdf.h usability
configure:18933: gcc -std=gnu99 -c -g -O2 -fopenmp   conftest.c >&5
configure:18933: $? = 0
configure:18933: result: yes
configure:18933: checking netcdf.h presence
configure:18933: gcc -E  conftest.c
configure:18933: $? = 0
configure:18933: result: yes
configure:18933: checking for netcdf.h
configure:18933: result: yes
configure:18943: checking for library containing nc_open
configure:18974: gcc -std=gnu99 -o conftest -g -O2 -fopenmp    conftest.c -lz  -lm  >&5
/tmp/cc3aNo6W.o: In function `main':
/home/ben/amuse/amuse-svn/src/omuse/community/remapper/src/conftest.c:65: undefined reference to `nc_open'
collect2: error: ld returned 1 exit status
configure:18974: $? = 1
configure: failed program was:
| /* confdefs.h */
| #define PACKAGE_NAME "cdo"
| #define PACKAGE_TARNAME "cdo"
| #define PACKAGE_VERSION "1.7.0rc5"
| #define PACKAGE_STRING "cdo 1.7.0rc5"
| #define PACKAGE_BUGREPORT "http://mpimet.mpg.de/cdo"
| #define PACKAGE_URL ""
| #define CDO "1.7.0rc5"
| #define PACKAGE "cdo"
| #define VERSION "1.7.0rc5"
| #define STDC_HEADERS 1
| #define HAVE_SYS_TYPES_H 1
| #define HAVE_SYS_STAT_H 1
| #define HAVE_STDLIB_H 1
| #define HAVE_STRING_H 1
| #define HAVE_MEMORY_H 1
| #define HAVE_STRINGS_H 1
| #define HAVE_INTTYPES_H 1
| #define HAVE_STDINT_H 1
| #define HAVE_UNISTD_H 1
| #define HAVE_DLFCN_H 1
| #define LT_OBJDIR ".libs/"
| #define restrict __restrict
| #define _FILE_OFFSET_BITS 64
| #define HAVE_STDLIB_H 1
| #define HAVE_UNISTD_H 1
| #define HAVE_SYS_PARAM_H 1
| #define HAVE_GETPAGESIZE 1
| #define HAVE_MMAP 1
| #define HAVE_STRUCT_STAT_ST_BLKSIZE 1
| #define HAVE_SYS_RESOURCE_H 1
| #define HAVE_SYS_TIMES_H 1
| #define HAVE_MALLOC_H 1
| #define HAVE_GLOB_H 1
| #define HAVE_FNMATCH_H 1
| #define HAVE_WORDEXP_H 1
| #define HAVE_MALLINFO 1
| #define HAVE_GETRLIMIT 1
| #define HAVE_GETHOSTNAME 1
| #define COMP_VERSION "gcc (Ubuntu 4.8.2-19ubuntu1) 4.8.2"
| #define USER_NAME "ben"
| #define HOST_NAME "ben-VirtualBox"
| #define SYSTEM_TYPE "i686-pc-linux-gnu"
| #define HAVE_LIBM 1
| #define HAVE_DECL_ISNAN 1
| #define HAVE_SQRTL 1
| #define ENABLE_DATA 1
| #define HAVE_PTHREAD_PRIO_INHERIT 1
| #define HAVE_LIBPTHREAD 1
| #define HAVE_ZLIB_H 1
| #define HAVE_LIBZ 1
| #define HAVE_NETCDF_H 1
| /* end confdefs.h.  */
| 
| /* Override any GCC internal prototype to avoid an error.
|    Use char because int might match the return type of a GCC
|    builtin and then its argument prototype would still apply.  */
| #ifdef __cplusplus
| extern "C"
| #endif
| char nc_open ();
| int
| main ()
| {
| return nc_open ();
|   ;
|   return 0;
| }
configure:18974: gcc -std=gnu99 -o conftest -g -O2 -fopenmp    conftest.c -lnetcdf  -lz  -lm  >&5
configure:18974: $? = 0
configure:18991: result: -lnetcdf
configure:19008: checking for nc-config
configure:19024: found /usr/bin/nc-config
configure:19035: result: nc-config
configure:19044: checking netcdf's nc2 support
configure:19051: result: yes
configure:19057: checking netcdf's nc4 support
configure:19064: result: yes
configure:19070: checking netcdf's nc4/hdf5 support
configure:19077: result: yes
configure:19278: checking for library containing H5TS_mutex_lock
configure:19309: gcc -std=gnu99 -o conftest -g -O2 -fopenmp    conftest.c -lnetcdf -lz  -lm  >&5
/tmp/ccnpAkK7.o: In function `main':
/home/ben/amuse/amuse-svn/src/omuse/community/remapper/src/conftest.c:69: undefined reference to `H5TS_mutex_lock'
collect2: error: ld returned 1 exit status
configure:19309: $? = 1
configure: failed program was:
| /* confdefs.h */
| #define PACKAGE_NAME "cdo"
| #define PACKAGE_TARNAME "cdo"
| #define PACKAGE_VERSION "1.7.0rc5"
| #define PACKAGE_STRING "cdo 1.7.0rc5"
| #define PACKAGE_BUGREPORT "http://mpimet.mpg.de/cdo"
| #define PACKAGE_URL ""
| #define CDO "1.7.0rc5"
| #define PACKAGE "cdo"
| #define VERSION "1.7.0rc5"
| #define STDC_HEADERS 1
| #define HAVE_SYS_TYPES_H 1
| #define HAVE_SYS_STAT_H 1
| #define HAVE_STDLIB_H 1
| #define HAVE_STRING_H 1
| #define HAVE_MEMORY_H 1
| #define HAVE_STRINGS_H 1
| #define HAVE_INTTYPES_H 1
| #define HAVE_STDINT_H 1
| #define HAVE_UNISTD_H 1
| #define HAVE_DLFCN_H 1
| #define LT_OBJDIR ".libs/"
| #define restrict __restrict
| #define _FILE_OFFSET_BITS 64
| #define HAVE_STDLIB_H 1
| #define HAVE_UNISTD_H 1
| #define HAVE_SYS_PARAM_H 1
| #define HAVE_GETPAGESIZE 1
| #define HAVE_MMAP 1
| #define HAVE_STRUCT_STAT_ST_BLKSIZE 1
| #define HAVE_SYS_RESOURCE_H 1
| #define HAVE_SYS_TIMES_H 1
| #define HAVE_MALLOC_H 1
| #define HAVE_GLOB_H 1
| #define HAVE_FNMATCH_H 1
| #define HAVE_WORDEXP_H 1
| #define HAVE_MALLINFO 1
| #define HAVE_GETRLIMIT 1
| #define HAVE_GETHOSTNAME 1
| #define COMP_VERSION "gcc (Ubuntu 4.8.2-19ubuntu1) 4.8.2"
| #define USER_NAME "ben"
| #define HOST_NAME "ben-VirtualBox"
| #define SYSTEM_TYPE "i686-pc-linux-gnu"
| #define HAVE_LIBM 1
| #define HAVE_DECL_ISNAN 1
| #define HAVE_SQRTL 1
| #define ENABLE_DATA 1
| #define HAVE_PTHREAD_PRIO_INHERIT 1
| #define HAVE_LIBPTHREAD 1
| #define HAVE_ZLIB_H 1
| #define HAVE_LIBZ 1
| #define HAVE_NETCDF_H 1
| #define HAVE_LIBNETCDF 1
| #define HAVE_NETCDF2 1
| #define HAVE_NETCDF4 1
| #define HAVE_NC4HDF5 1
| /* end confdefs.h.  */
| 
| /* Override any GCC internal prototype to avoid an error.
|    Use char because int might match the return type of a GCC
|    builtin and then its argument prototype would still apply.  */
| #ifdef __cplusplus
| extern "C"
| #endif
| char H5TS_mutex_lock ();
| int
| main ()
| {
| return H5TS_mutex_lock ();
|   ;
|   return 0;
| }
configure:19309: gcc -std=gnu99 -o conftest -g -O2 -fopenmp    conftest.c -lnetcdf -lhdf5_hl -lhdf5 -lnetcdf -lz  -lm  >&5
configure:19309: $? = 0
configure:19326: result: -lnetcdf
configure:19505: checking for the CMOR library
configure:19507: result: suppressed
configure:19672: checking for the JASPER library
configure:19674: result: suppressed
configure:19854: checking for the GRIB_API library
configure:19856: result: suppressed
configure:19865: checking for GRIB support
configure:19882: result: yes
configure:19888: checking for CGRIBEX support
configure:19905: result: yes
configure:19911: checking for SERVICE support
configure:19928: result: yes
configure:19934: checking for EXTRA support
configure:19951: result: yes
configure:19957: checking for IEG support
configure:19974: result: yes
configure:19980: checking for FFTW3 support
configure:20243: checking for the PROJ library
configure:20245: result: suppressed
configure:20425: checking for the CURL library
configure:20427: result: suppressed
configure:20619: checking for the UDUNITS2 library
configure:20621: result: suppressed
configure:20801: checking for MAGICS library
configure:20803: result: suppressed
configure:21006: checking for XML2 library
configure:21008: result: suppressed
configure:21027: checking for build a separate CDI library and link CDO to it
configure:21044: result: no
configure:21068: checking for building an additional static CDO binary
configure:21081: result: no
configure:21100: checking if x86/amd64 assembler speaks SSE4.2
configure:21123: gcc -std=gnu99 -c -g -O2 -fopenmp   conftest.c >&5
conftest.c: In function 'main':
conftest.c:70:4: error: unknown register name 'r15' in 'asm'
    __asm__ __volatile__(
    ^
conftest.c:72:4: error: unknown register name 'xmm11' in 'asm'
    __asm__ __volatile__(
    ^
conftest.c:74:4: error: unknown register name 'xmm1' in 'asm'
    __asm__ __volatile__(
    ^
conftest.c:74:4: error: unknown register name 'xmm2' in 'asm'
configure:21123: $? = 1
configure: failed program was:
| /* confdefs.h */
| #define PACKAGE_NAME "cdo"
| #define PACKAGE_TARNAME "cdo"
| #define PACKAGE_VERSION "1.7.0rc5"
| #define PACKAGE_STRING "cdo 1.7.0rc5"
| #define PACKAGE_BUGREPORT "http://mpimet.mpg.de/cdo"
| #define PACKAGE_URL ""
| #define CDO "1.7.0rc5"
| #define PACKAGE "cdo"
| #define VERSION "1.7.0rc5"
| #define STDC_HEADERS 1
| #define HAVE_SYS_TYPES_H 1
| #define HAVE_SYS_STAT_H 1
| #define HAVE_STDLIB_H 1
| #define HAVE_STRING_H 1
| #define HAVE_MEMORY_H 1
| #define HAVE_STRINGS_H 1
| #define HAVE_INTTYPES_H 1
| #define HAVE_STDINT_H 1
| #define HAVE_UNISTD_H 1
| #define HAVE_DLFCN_H 1
| #define LT_OBJDIR ".libs/"
| #define restrict __restrict
| #define _FILE_OFFSET_BITS 64
| #define HAVE_STDLIB_H 1
| #define HAVE_UNISTD_H 1
| #define HAVE_SYS_PARAM_H 1
| #define HAVE_GETPAGESIZE 1
| #define HAVE_MMAP 1
| #define HAVE_STRUCT_STAT_ST_BLKSIZE 1
| #define HAVE_SYS_RESOURCE_H 1
| #define HAVE_SYS_TIMES_H 1
| #define HAVE_MALLOC_H 1
| #define HAVE_GLOB_H 1
| #define HAVE_FNMATCH_H 1
| #define HAVE_WORDEXP_H 1
| #define HAVE_MALLINFO 1
| #define HAVE_GETRLIMIT 1
| #define HAVE_GETHOSTNAME 1
| #define COMP_VERSION "gcc (Ubuntu 4.8.2-19ubuntu1) 4.8.2"
| #define USER_NAME "ben"
| #define HOST_NAME "ben-VirtualBox"
| #define SYSTEM_TYPE "i686-pc-linux-gnu"
| #define HAVE_LIBM 1
| #define HAVE_DECL_ISNAN 1
| #define HAVE_SQRTL 1
| #define ENABLE_DATA 1
| #define HAVE_PTHREAD_PRIO_INHERIT 1
| #define HAVE_LIBPTHREAD 1
| #define HAVE_ZLIB_H 1
| #define HAVE_LIBZ 1
| #define HAVE_NETCDF_H 1
| #define HAVE_LIBNETCDF 1
| #define HAVE_NETCDF2 1
| #define HAVE_NETCDF4 1
| #define HAVE_NC4HDF5 1
| #define HAVE_NC4HDF5_THREADSAFE 1
| #define HAVE_LIBGRIB 1
| #define HAVE_LIBCGRIBEX 1
| #define HAVE_LIBSERVICE 1
| #define HAVE_LIBEXTRA 1
| #define HAVE_LIBIEG 1
| /* end confdefs.h.  */
| 
| int
| main ()
| {
| 
|   do { long long int x;
|    __asm__ __volatile__(
|       "crc32q %%r15,%%r15" : : : "r15" );
|    __asm__ __volatile__(
|       "pblendvb (%%rcx), %%xmm11" : : : "memory", "xmm11");
|    __asm__ __volatile__(
|       "aesdec %%xmm2, %%xmm1" : : : "xmm2", "xmm1"); }
|   while (0)
| 
|   ;
|   return 0;
| }
configure:21132: result: no
configure:21151: checking if x86/amd64 assembler speaks AVX
configure:21172: gcc -std=gnu99 -c -g -O2 -fopenmp   conftest.c >&5
conftest.c: In function 'main':
conftest.c:70:4: error: unknown register name 'xmm7' in 'asm'
    __asm__ __volatile__(
    ^
conftest.c:72:4: error: unknown register name 'xmm8' in 'asm'
    __asm__ __volatile__(
    ^
conftest.c:72:4: error: unknown register name 'xmm7' in 'asm'
conftest.c:72:4: error: unknown register name 'xmm6' in 'asm'
configure:21172: $? = 1
configure: failed program was:
| /* confdefs.h */
| #define PACKAGE_NAME "cdo"
| #define PACKAGE_TARNAME "cdo"
| #define PACKAGE_VERSION "1.7.0rc5"
| #define PACKAGE_STRING "cdo 1.7.0rc5"
| #define PACKAGE_BUGREPORT "http://mpimet.mpg.de/cdo"
| #define PACKAGE_URL ""
| #define CDO "1.7.0rc5"
| #define PACKAGE "cdo"
| #define VERSION "1.7.0rc5"
| #define STDC_HEADERS 1
| #define HAVE_SYS_TYPES_H 1
| #define HAVE_SYS_STAT_H 1
| #define HAVE_STDLIB_H 1
| #define HAVE_STRING_H 1
| #define HAVE_MEMORY_H 1
| #define HAVE_STRINGS_H 1
| #define HAVE_INTTYPES_H 1
| #define HAVE_STDINT_H 1
| #define HAVE_UNISTD_H 1
| #define HAVE_DLFCN_H 1
| #define LT_OBJDIR ".libs/"
| #define restrict __restrict
| #define _FILE_OFFSET_BITS 64
| #define HAVE_STDLIB_H 1
| #define HAVE_UNISTD_H 1
| #define HAVE_SYS_PARAM_H 1
| #define HAVE_GETPAGESIZE 1
| #define HAVE_MMAP 1
| #define HAVE_STRUCT_STAT_ST_BLKSIZE 1
| #define HAVE_SYS_RESOURCE_H 1
| #define HAVE_SYS_TIMES_H 1
| #define HAVE_MALLOC_H 1
| #define HAVE_GLOB_H 1
| #define HAVE_FNMATCH_H 1
| #define HAVE_WORDEXP_H 1
| #define HAVE_MALLINFO 1
| #define HAVE_GETRLIMIT 1
| #define HAVE_GETHOSTNAME 1
| #define COMP_VERSION "gcc (Ubuntu 4.8.2-19ubuntu1) 4.8.2"
| #define USER_NAME "ben"
| #define HOST_NAME "ben-VirtualBox"
| #define SYSTEM_TYPE "i686-pc-linux-gnu"
| #define HAVE_LIBM 1
| #define HAVE_DECL_ISNAN 1
| #define HAVE_SQRTL 1
| #define ENABLE_DATA 1
| #define HAVE_PTHREAD_PRIO_INHERIT 1
| #define HAVE_LIBPTHREAD 1
| #define HAVE_ZLIB_H 1
| #define HAVE_LIBZ 1
| #define HAVE_NETCDF_H 1
| #define HAVE_LIBNETCDF 1
| #define HAVE_NETCDF2 1
| #define HAVE_NETCDF4 1
| #define HAVE_NC4HDF5 1
| #define HAVE_NC4HDF5_THREADSAFE 1
| #define HAVE_LIBGRIB 1
| #define HAVE_LIBCGRIBEX 1
| #define HAVE_LIBSERVICE 1
| #define HAVE_LIBEXTRA 1
| #define HAVE_LIBIEG 1
| /* end confdefs.h.  */
| 
| int
| main ()
| {
| 
|   do { long long int x;
|    __asm__ __volatile__(
|       "vmovupd (%%rsp), %%ymm7" : : : "xmm7" );
|    __asm__ __volatile__(
|       "vaddpd %%ymm6,%%ymm7,%%ymm8" : : : "xmm6","xmm7","xmm8"); }
|   while (0)
| 
|   ;
|   return 0;
| }
configure:21181: result: no
configure:21200: checking if x86/amd64 assembler speaks AVX2
configure:21221: gcc -std=gnu99 -c -g -O2 -fopenmp   conftest.c >&5
conftest.c: In function 'main':
conftest.c:70:4: error: unknown register name 'xmm8' in 'asm'
    __asm__ __volatile__(
    ^
conftest.c:70:4: error: unknown register name 'xmm7' in 'asm'
conftest.c:72:4: error: unknown register name 'xmm8' in 'asm'
    __asm__ __volatile__(
    ^
conftest.c:72:4: error: unknown register name 'xmm7' in 'asm'
conftest.c:72:4: error: unknown register name 'xmm6' in 'asm'
configure:21221: $? = 1
configure: failed program was:
| /* confdefs.h */
| #define PACKAGE_NAME "cdo"
| #define PACKAGE_TARNAME "cdo"
| #define PACKAGE_VERSION "1.7.0rc5"
| #define PACKAGE_STRING "cdo 1.7.0rc5"
| #define PACKAGE_BUGREPORT "http://mpimet.mpg.de/cdo"
| #define PACKAGE_URL ""
| #define CDO "1.7.0rc5"
| #define PACKAGE "cdo"
| #define VERSION "1.7.0rc5"
| #define STDC_HEADERS 1
| #define HAVE_SYS_TYPES_H 1
| #define HAVE_SYS_STAT_H 1
| #define HAVE_STDLIB_H 1
| #define HAVE_STRING_H 1
| #define HAVE_MEMORY_H 1
| #define HAVE_STRINGS_H 1
| #define HAVE_INTTYPES_H 1
| #define HAVE_STDINT_H 1
| #define HAVE_UNISTD_H 1
| #define HAVE_DLFCN_H 1
| #define LT_OBJDIR ".libs/"
| #define restrict __restrict
| #define _FILE_OFFSET_BITS 64
| #define HAVE_STDLIB_H 1
| #define HAVE_UNISTD_H 1
| #define HAVE_SYS_PARAM_H 1
| #define HAVE_GETPAGESIZE 1
| #define HAVE_MMAP 1
| #define HAVE_STRUCT_STAT_ST_BLKSIZE 1
| #define HAVE_SYS_RESOURCE_H 1
| #define HAVE_SYS_TIMES_H 1
| #define HAVE_MALLOC_H 1
| #define HAVE_GLOB_H 1
| #define HAVE_FNMATCH_H 1
| #define HAVE_WORDEXP_H 1
| #define HAVE_MALLINFO 1
| #define HAVE_GETRLIMIT 1
| #define HAVE_GETHOSTNAME 1
| #define COMP_VERSION "gcc (Ubuntu 4.8.2-19ubuntu1) 4.8.2"
| #define USER_NAME "ben"
| #define HOST_NAME "ben-VirtualBox"
| #define SYSTEM_TYPE "i686-pc-linux-gnu"
| #define HAVE_LIBM 1
| #define HAVE_DECL_ISNAN 1
| #define HAVE_SQRTL 1
| #define ENABLE_DATA 1
| #define HAVE_PTHREAD_PRIO_INHERIT 1
| #define HAVE_LIBPTHREAD 1
| #define HAVE_ZLIB_H 1
| #define HAVE_LIBZ 1
| #define HAVE_NETCDF_H 1
| #define HAVE_LIBNETCDF 1
| #define HAVE_NETCDF2 1
| #define HAVE_NETCDF4 1
| #define HAVE_NC4HDF5 1
| #define HAVE_NC4HDF5_THREADSAFE 1
| #define HAVE_LIBGRIB 1
| #define HAVE_LIBCGRIBEX 1
| #define HAVE_LIBSERVICE 1
| #define HAVE_LIBEXTRA 1
| #define HAVE_LIBIEG 1
| /* end confdefs.h.  */
| 
| int
| main ()
| {
| 
|   do { long long int x;
|    __asm__ __volatile__(
|       "vpsravd (%%rsp), %%ymm8, %%ymm7" : : : "xmm7", "xmm8" );
|    __asm__ __volatile__(
|       "vpaddb %%ymm6,%%ymm7,%%ymm8" : : : "xmm6","xmm7","xmm8"); }
|   while (0)
| 
|   ;
|   return 0;
| }
configure:21230: result: no
configure:21267: checking for gawk
configure:21294: result: gawk
configure:21427: checking that generated files are newer than configure
configure:21433: result: done
configure:21488: creating ./config.status
configure:24177: CDO is configured with the following options:
configure:24196:

  Configuration completed.

    You can now say 'make' to compile the CDO package and 'make install' to install it afterwards.


## ---------------- ##
## Cache variables. ##
## ---------------- ##

ac_cv_build=i686-pc-linux-gnu
ac_cv_c_compiler_gnu=yes
ac_cv_c_restrict=__restrict
ac_cv_cxx_compiler_gnu=yes
ac_cv_env_CCC_set=
ac_cv_env_CCC_value=
ac_cv_env_CC_set=
ac_cv_env_CC_value=
ac_cv_env_CFLAGS_set=
ac_cv_env_CFLAGS_value=
ac_cv_env_CPPFLAGS_set=
ac_cv_env_CPPFLAGS_value=
ac_cv_env_CPP_set=
ac_cv_env_CPP_value=
ac_cv_env_CXXCPP_set=
ac_cv_env_CXXCPP_value=
ac_cv_env_CXXFLAGS_set=
ac_cv_env_CXXFLAGS_value=
ac_cv_env_CXX_set=
ac_cv_env_CXX_value=
ac_cv_env_LDFLAGS_set=
ac_cv_env_LDFLAGS_value=
ac_cv_env_LIBS_set=
ac_cv_env_LIBS_value=
ac_cv_env_build_alias_set=
ac_cv_env_build_alias_value=
ac_cv_env_host_alias_set=
ac_cv_env_host_alias_value=
ac_cv_env_target_alias_set=
ac_cv_env_target_alias_value=
ac_cv_func_gethostname=yes
ac_cv_func_getpagesize=yes
ac_cv_func_getrlimit=yes
ac_cv_func_mallinfo=yes
ac_cv_func_mmap_fixed_mapped=yes
ac_cv_func_sqrtl=yes
ac_cv_have_decl_isnan=yes
ac_cv_header_dlfcn_h=yes
ac_cv_header_fnmatch_h=yes
ac_cv_header_glob_h=yes
ac_cv_header_inttypes_h=yes
ac_cv_header_malloc_h=yes
ac_cv_header_memory_h=yes
ac_cv_header_netcdf_h=yes
ac_cv_header_stdc=yes
ac_cv_header_stdint_h=yes
ac_cv_header_stdlib_h=yes
ac_cv_header_string_h=yes
ac_cv_header_strings_h=yes
ac_cv_header_sys_param_h=yes
ac_cv_header_sys_resource_h=yes
ac_cv_header_sys_stat_h=yes
ac_cv_header_sys_times_h=yes
ac_cv_header_sys_types_h=yes
ac_cv_header_unistd_h=yes
ac_cv_header_wordexp_h=yes
ac_cv_header_zlib_h=yes
ac_cv_host=i686-pc-linux-gnu
ac_cv_lib_m_floor=yes
ac_cv_lib_malloc_malloc=no
ac_cv_member_struct_stat_st_blksize=yes
ac_cv_objext=o
ac_cv_path_EGREP='/bin/grep -E'
ac_cv_path_FGREP='/bin/grep -F'
ac_cv_path_GREP=/bin/grep
ac_cv_path_SED=/bin/sed
ac_cv_path_install='/usr/bin/install -c'
ac_cv_path_mkdir=/bin/mkdir
ac_cv_prog_AWK=gawk
ac_cv_prog_CPP='gcc -E'
ac_cv_prog_CXXCPP='g++ -E'
ac_cv_prog_NC_CONFIG=nc-config
ac_cv_prog_ac_ct_AR=ar
ac_cv_prog_ac_ct_AS=as
ac_cv_prog_ac_ct_CC=gcc
ac_cv_prog_ac_ct_CXX=g++
ac_cv_prog_ac_ct_DLLTOOL=false
ac_cv_prog_ac_ct_LD=/usr/bin/ld
ac_cv_prog_ac_ct_MANIFEST_TOOL=mt
ac_cv_prog_ac_ct_NM='/usr/bin/nm -B'
ac_cv_prog_ac_ct_OBJDUMP=objdump
ac_cv_prog_ac_ct_RANLIB=ranlib
ac_cv_prog_ac_ct_STRIP=strip
ac_cv_prog_c_openmp=-fopenmp
ac_cv_prog_cc_c89=
ac_cv_prog_cc_c99=-std=gnu99
ac_cv_prog_cc_g=yes
ac_cv_prog_cxx_g=yes
ac_cv_prog_make_make_set=yes
ac_cv_search_H5TS_mutex_lock=-lnetcdf
ac_cv_search_deflate=-lz
ac_cv_search_nc_open=-lnetcdf
ac_cv_sys_file_offset_bits=64
ac_cv_sys_largefile_CC=no
am_cv_CC_dependencies_compiler_type=gcc3
am_cv_CXX_dependencies_compiler_type=gcc3
am_cv_ar_interface=ar
am_cv_make_support_nested_variables=yes
am_cv_prog_cc_c_o=yes
ax_cv_PTHREAD_PRIO_INHERIT=yes
lt_cv_ar_at_file=@
lt_cv_archive_cmds_need_lc=no
lt_cv_deplibs_check_method=pass_all
lt_cv_file_magic_cmd='$MAGIC_CMD'
lt_cv_file_magic_test_file=
lt_cv_ld_reload_flag=-r
lt_cv_nm_interface='BSD nm'
lt_cv_objdir=.libs
lt_cv_path_LD=/usr/bin/ld
lt_cv_path_LDCXX=/usr/bin/ld
lt_cv_path_NM='/usr/bin/nm -B'
lt_cv_path_mainfest_tool=no
lt_cv_prog_compiler_c_o=yes
lt_cv_prog_compiler_c_o_CXX=yes
lt_cv_prog_compiler_pic='-fPIC -DPIC'
lt_cv_prog_compiler_pic_CXX='-fPIC -DPIC'
lt_cv_prog_compiler_pic_works=yes
lt_cv_prog_compiler_pic_works_CXX=yes
lt_cv_prog_compiler_rtti_exceptions=no
lt_cv_prog_compiler_static_works=yes
lt_cv_prog_compiler_static_works_CXX=yes
lt_cv_prog_gnu_ld=yes
lt_cv_prog_gnu_ldcxx=yes
lt_cv_sharedlib_from_linklib_cmd='printf %s\n'
lt_cv_shlibpath_overrides_runpath=no
lt_cv_sys_global_symbol_pipe='sed -n -e '\''s/^.*[	 ]\([ABCDGIRSTW][ABCDGIRSTW]*\)[	 ][	 ]*\([_A-Za-z][_A-Za-z0-9]*\)$/\1 \2 \2/p'\'' | sed '\''/ __gnu_lto/d'\'''
lt_cv_sys_global_symbol_to_c_name_address='sed -n -e '\''s/^: \([^ ]*\)[ ]*$/  {\"\1\", (void *) 0},/p'\'' -e '\''s/^[ABCDGIRSTW]* \([^ ]*\) \([^ ]*\)$/  {"\2", (void *) \&\2},/p'\'''
lt_cv_sys_global_symbol_to_c_name_address_lib_prefix='sed -n -e '\''s/^: \([^ ]*\)[ ]*$/  {\"\1\", (void *) 0},/p'\'' -e '\''s/^[ABCDGIRSTW]* \([^ ]*\) \(lib[^ ]*\)$/  {"\2", (void *) \&\2},/p'\'' -e '\''s/^[ABCDGIRSTW]* \([^ ]*\) \([^ ]*\)$/  {"lib\2", (void *) \&\2},/p'\'''
lt_cv_sys_global_symbol_to_cdecl='sed -n -e '\''s/^T .* \(.*\)$/extern int \1();/p'\'' -e '\''s/^[ABCDGIRSTW]* .* \(.*\)$/extern char \1;/p'\'''
lt_cv_sys_max_cmd_len=805306365
lt_cv_to_host_file_cmd=func_convert_file_noop
lt_cv_to_tool_file_cmd=func_convert_file_noop

## ----------------- ##
## Output variables. ##
## ----------------- ##

ACLOCAL='${SHELL} /home/ben/amuse/amuse-svn/src/omuse/community/remapper/src/config/missing aclocal-1.14'
AMDEPBACKSLASH='\'
AMDEP_FALSE='#'
AMDEP_TRUE=''
AMTAR='$${TAR-tar}'
AM_BACKSLASH='\'
AM_CPPFLAGS=''
AM_DEFAULT_V='$(AM_DEFAULT_VERBOSITY)'
AM_DEFAULT_VERBOSITY='1'
AM_V='$(V)'
AR='ar'
AS='as'
AUTOCONF='${SHELL} /home/ben/amuse/amuse-svn/src/omuse/community/remapper/src/config/missing autoconf'
AUTOHEADER='${SHELL} /home/ben/amuse/amuse-svn/src/omuse/community/remapper/src/config/missing autoheader'
AUTOMAKE='${SHELL} /home/ben/amuse/amuse-svn/src/omuse/community/remapper/src/config/missing automake-1.14'
AWK='gawk'
BUILD_AVX2_TESTS_FALSE=''
BUILD_AVX2_TESTS_TRUE='#'
BUILD_AVX_TESTS_FALSE=''
BUILD_AVX_TESTS_TRUE='#'
BUILD_SSE42_TESTS_FALSE=''
BUILD_SSE42_TESTS_TRUE='#'
CC='gcc -std=gnu99'
CCDEPMODE='depmode=gcc3'
CFLAGS='-g -O2 -fopenmp '
CLDFLAGS=''
CLIBS=''
CMOR_LIBS=''
CPP='gcc -E'
CPPFLAGS=''
CURL_INCLUDE=''
CURL_LDFLAGS=''
CXX='g++'
CXXCPP='g++ -E'
CXXDEPMODE='depmode=gcc3'
CXXFLAGS='-g -O2'
CYGPATH_W='echo'
DEFS='-DHAVE_CONFIG_H'
DEPDIR='.deps'
DLLTOOL='false'
DSYMUTIL=''
DUMPBIN=''
ECHO_C=''
ECHO_N='-n'
ECHO_T=''
EGREP='/bin/grep -E'
ENABLE_ALL_STATIC_FALSE=''
ENABLE_ALL_STATIC_TRUE='#'
ENABLE_CDI_LIB='false'
ENABLE_CDI_LIB_FALSE=''
ENABLE_CDI_LIB_TRUE='#'
ENABLE_CGRIBEX='yes'
ENABLE_DATA='yes'
ENABLE_EXTRA='yes'
ENABLE_GRIB='yes'
ENABLE_GRIBAPI='no'
ENABLE_IEG='yes'
ENABLE_MAGICS_FALSE=''
ENABLE_MAGICS_TRUE='#'
ENABLE_NC2='yes'
ENABLE_NC4='yes'
ENABLE_NC4HDF5='yes'
ENABLE_NETCDF='yes'
ENABLE_SERVICE='yes'
EXEEXT=''
FCFLAGS=''
FGREP='/bin/grep -F'
GREP='/bin/grep'
GRIB_API_INCLUDE=''
GRIB_API_LIBS=''
HDF5_INCLUDE=''
HDF5_LIBS=''
HDF5_ROOT=''
HOST_NAME='ben-VirtualBox'
INSTALL_DATA='${INSTALL} -m 644'
INSTALL_PROGRAM='${INSTALL}'
INSTALL_SCRIPT='${INSTALL}'
INSTALL_STRIP_PROGRAM='$(install_sh) -c -s'
JASPER_LIBS=''
LD='/usr/bin/ld'
LDFLAGS=''
LIBOBJS=''
LIBS='-lnetcdf -lnetcdf -lz  -lm '
LIBTOOL='$(SHELL) $(top_builddir)/libtool'
LIPO=''
LN_S='ln -s'
LTLIBOBJS=''
MAGICS_INCLUDE=''
MAGICS_LIBS=''
MAGICS_ROOT=''
MAINT='#'
MAINTAINER_MODE_FALSE=''
MAINTAINER_MODE_TRUE='#'
MAKEINFO='${SHELL} /home/ben/amuse/amuse-svn/src/omuse/community/remapper/src/config/missing makeinfo'
MANIFEST_TOOL=':'
MKDIR_P='/bin/mkdir -p'
NC_CONFIG='nc-config'
NETCDF_INCLUDE=''
NETCDF_LIBS=' -lnetcdf'
NETCDF_ROOT=''
NM='/usr/bin/nm -B'
NMEDIT=''
OBJDUMP='objdump'
OBJEXT='o'
OPENMP_CFLAGS='-fopenmp'
OTOOL64=''
OTOOL=''
PACKAGE='cdo'
PACKAGE_BUGREPORT='http://mpimet.mpg.de/cdo'
PACKAGE_NAME='cdo'
PACKAGE_STRING='cdo 1.7.0rc5'
PACKAGE_TARNAME='cdo'
PACKAGE_URL=''
PACKAGE_VERSION='1.7.0rc5'
PATH_SEPARATOR=':'
PROJ_INCLUDE=''
PROJ_LDFLAGS=''
PTHREAD_CC='gcc -std=gnu99'
PTHREAD_CFLAGS=''
PTHREAD_LIBS=''
RANLIB='ranlib'
SED='/bin/sed'
SET_MAKE=''
SHELL='/bin/bash'
STRIP='strip'
SYSTEM_TYPE='i686-pc-linux-gnu'
SZLIB_INCLUDE=''
SZLIB_LIBS=''
THREADS_INCLUDE=''
THREADS_LIBS=''
UDUNITS_INCLUDE=''
UDUNITS_LDFLAGS=''
USER_NAME='ben'
VERSION='1.7.0rc5'
XML2_LIBS=''
ZLIB_INCLUDE=''
ZLIB_LIBS=' -lz'
ac_ct_AR='ar'
ac_ct_CC='gcc'
ac_ct_CXX='g++'
ac_ct_DUMPBIN=''
am__EXEEXT_FALSE=''
am__EXEEXT_TRUE='#'
am__fastdepCC_FALSE='#'
am__fastdepCC_TRUE=''
am__fastdepCXX_FALSE='#'
am__fastdepCXX_TRUE=''
am__include='include'
am__isrc=''
am__leading_dot='.'
am__nodep='_no'
am__quote=''
am__tar='$${TAR-tar} chof - "$$tardir"'
am__untar='$${TAR-tar} xf -'
ax_pthread_config=''
bindir='${exec_prefix}/bin'
build='i686-pc-linux-gnu'
build_alias=''
build_cpu='i686'
build_os='linux-gnu'
build_vendor='pc'
datadir='${datarootdir}'
datarootdir='${prefix}/share'
docdir='${datarootdir}/doc/${PACKAGE_TARNAME}'
dvidir='${docdir}'
exec_prefix='${prefix}'
host='i686-pc-linux-gnu'
host_alias=''
host_cpu='i686'
host_os='linux-gnu'
host_vendor='pc'
htmldir='${docdir}'
includedir='${prefix}/include'
infodir='${datarootdir}/info'
install_sh='${SHELL} /home/ben/amuse/amuse-svn/src/omuse/community/remapper/src/config/install-sh'
libdir='${exec_prefix}/lib'
libexecdir='${exec_prefix}/libexec'
localedir='${datarootdir}/locale'
localstatedir='${prefix}/var'
mandir='${datarootdir}/man'
mkdir_p='$(MKDIR_P)'
oldincludedir='/usr/include'
pdfdir='${docdir}'
prefix='/usr/local'
program_transform_name='s,x,x,'
psdir='${docdir}'
sbindir='${exec_prefix}/sbin'
sharedstatedir='${prefix}/com'
subdirs=' libcdi'
sysconfdir='${prefix}/etc'
target_alias=''

## ----------- ##
## confdefs.h. ##
## ----------- ##

/* confdefs.h */
#define PACKAGE_NAME "cdo"
#define PACKAGE_TARNAME "cdo"
#define PACKAGE_VERSION "1.7.0rc5"
#define PACKAGE_STRING "cdo 1.7.0rc5"
#define PACKAGE_BUGREPORT "http://mpimet.mpg.de/cdo"
#define PACKAGE_URL ""
#define CDO "1.7.0rc5"
#define PACKAGE "cdo"
#define VERSION "1.7.0rc5"
#define STDC_HEADERS 1
#define HAVE_SYS_TYPES_H 1
#define HAVE_SYS_STAT_H 1
#define HAVE_STDLIB_H 1
#define HAVE_STRING_H 1
#define HAVE_MEMORY_H 1
#define HAVE_STRINGS_H 1
#define HAVE_INTTYPES_H 1
#define HAVE_STDINT_H 1
#define HAVE_UNISTD_H 1
#define HAVE_DLFCN_H 1
#define LT_OBJDIR ".libs/"
#define restrict __restrict
#define _FILE_OFFSET_BITS 64
#define HAVE_STDLIB_H 1
#define HAVE_UNISTD_H 1
#define HAVE_SYS_PARAM_H 1
#define HAVE_GETPAGESIZE 1
#define HAVE_MMAP 1
#define HAVE_STRUCT_STAT_ST_BLKSIZE 1
#define HAVE_SYS_RESOURCE_H 1
#define HAVE_SYS_TIMES_H 1
#define HAVE_MALLOC_H 1
#define HAVE_GLOB_H 1
#define HAVE_FNMATCH_H 1
#define HAVE_WORDEXP_H 1
#define HAVE_MALLINFO 1
#define HAVE_GETRLIMIT 1
#define HAVE_GETHOSTNAME 1
#define COMP_VERSION "gcc (Ubuntu 4.8.2-19ubuntu1) 4.8.2"
#define USER_NAME "ben"
#define HOST_NAME "ben-VirtualBox"
#define SYSTEM_TYPE "i686-pc-linux-gnu"
#define HAVE_LIBM 1
#define HAVE_DECL_ISNAN 1
#define HAVE_SQRTL 1
#define ENABLE_DATA 1
#define HAVE_PTHREAD_PRIO_INHERIT 1
#define HAVE_LIBPTHREAD 1
#define HAVE_ZLIB_H 1
#define HAVE_LIBZ 1
#define HAVE_NETCDF_H 1
#define HAVE_LIBNETCDF 1
#define HAVE_NETCDF2 1
#define HAVE_NETCDF4 1
#define HAVE_NC4HDF5 1
#define HAVE_NC4HDF5_THREADSAFE 1
#define HAVE_LIBGRIB 1
#define HAVE_LIBCGRIBEX 1
#define HAVE_LIBSERVICE 1
#define HAVE_LIBEXTRA 1
#define HAVE_LIBIEG 1
#define COMPILER "gcc -std=gnu99 -g -O2 -fopenmp "

configure: exit 0

## ---------------------- ##
## Running config.status. ##
## ---------------------- ##

This file was extended by cdo config.status 1.7.0rc5, which was
generated by GNU Autoconf 2.68.  Invocation command line was

  CONFIG_FILES    = 
  CONFIG_HEADERS  = 
  CONFIG_LINKS    = 
  CONFIG_COMMANDS = 
  $ ./config.status 

on ben-VirtualBox

config.status:1288: creating test/File.test
config.status:1288: creating test/Read_grib.test
config.status:1288: creating test/Read_netcdf.test
config.status:1288: creating test/Copy_netcdf.test
config.status:1288: creating test/Cat.test
config.status:1288: creating test/Gridarea.test
config.status:1288: creating test/Genweights.test
config.status:1288: creating test/Remap.test
config.status:1288: creating test/Select.test
config.status:1288: creating test/Spectral.test
config.status:1288: creating test/Timstat.test
config.status:1288: creating test/Vertint.test
config.status:1288: creating test/Afterburner.test
config.status:1288: creating test/Detrend.test
config.status:1288: creating test/Arith.test
config.status:1288: creating test/Gradsdes.test
config.status:1288: creating test/wildcard.test
config.status:1288: creating Makefile
config.status:1288: creating src/Makefile
config.status:1288: creating contrib/Makefile
config.status:1288: creating test/Makefile
config.status:1288: creating test/data/Makefile
config.status:1288: creating cdo.spec
config.status:1288: creating cdo.settings
config.status:1288: creating src/config.h
config.status:1469: src/config.h is unchanged
config.status:1517: executing depfiles commands
config.status:1517: executing libtool commands
